#
# A fatal error has been detected by the Java Runtime Environment:
#
#  EXCEPTION_ACCESS_VIOLATION (0xc0000005) at pc=0x00007fff2255c3a2, pid=1936, tid=23208
#
# JRE version: OpenJDK Runtime Environment Corretto-21.0.4.7.1 (21.0.4+7) (build 21.0.4+7-LTS)
# Java VM: OpenJDK 64-Bit Server VM Corretto-21.0.4.7.1 (21.0.4+7-LTS, mixed mode, sharing, tiered, compressed oops, compressed class ptrs, g1 gc, windows-amd64)
# Problematic frame:
# C  [igxelpicd64.dll+0x2bc3a2]
#
# No core dump will be written. Minidumps are not enabled by default on client versions of Windows
#
# If you would like to submit a bug report, please visit:
#   https://github.com/corretto/corretto-21/issues/
#

---------------  S U M M A R Y ------------

Command Line: -agentlib:jdwp=transport=dt_socket,address=127.0.0.1:13964,suspend=y,server=n -javaagent:C:\Users\Lenovo\AppData\Local\JetBrains\IntelliJIdea2024.1\captureAgent\debugger-agent.jar -Dfile.encoding=UTF-8 -Dsun.stdout.encoding=UTF-8 -Dsun.stderr.encoding=UTF-8 jumper.game.DesktopLauncher

Host: 11th Gen Intel(R) Core(TM) i5-1135G7 @ 2.40GHz, 8 cores, 15G,  Windows 11 , 64 bit Build 22621 (10.0.22621.3958)
Time: Sat Oct  5 11:18:06 2024  Windows 11 , 64 bit Build 22621 (10.0.22621.3958) elapsed time: 837.904231 seconds (0d 0h 13m 57s)

---------------  T H R E A D  ---------------

Current thread (0x000001f77fc25d60):  VMThread "VM Thread"          [id=23208, stack(0x000000339a500000,0x000000339a600000) (1024K)]

Stack: [0x000000339a500000,0x000000339a600000],  sp=0x000000339a5fe0e0,  free space=1016k
Native frames: (J=compiled Java code, j=interpreted, Vv=VM code, C=native code)
C  [igxelpicd64.dll+0x2bc3a2]


siginfo: EXCEPTION_ACCESS_VIOLATION (0xc0000005), reading address 0x0000000000035888


Registers:
RAX=0x000001f76b1c99f8, RBX=0x000001f76b1c98f0, RCX=0x0000000000000000, RDX=0x00000000fffffff0
RSP=0x000000339a5fe0e0, RBP=0x0000000000000000, RSI=0x000001f76b1c9ec0, RDI=0x000001f76435f730
R8 =0x0000000000000014, R9 =0x0000000000000000, R10=0x0000000000000000, R11=0x0000000000000246
R12=0x000001f764513d00, R13=0x000001f76b1c2ff0, R14=0x0000000000000a00, R15=0x0000000000000016
RIP=0x00007fff2255c3a2, EFLAGS=0x0000000000010202


Register to memory mapping:

RAX=0x000001f76b1c99f8 points into unknown readable memory: 0x0000000000000ab7 | b7 0a 00 00 00 00 00 00
RBX=0x000001f76b1c98f0 points into unknown readable memory: 0x000001f763f08190 | 90 81 f0 63 f7 01 00 00
RCX=0x0 is null
RDX=0x00000000fffffff0 is an unknown value
RSP=0x000000339a5fe0e0 points into unknown readable memory: 0x000001f7642717f0 | f0 17 27 64 f7 01 00 00
RBP=0x0 is null
RSI=0x000001f76b1c9ec0 points into unknown readable memory: 0x000001f76b1c2ff0 | f0 2f 1c 6b f7 01 00 00
RDI=0x000001f76435f730 points into unknown readable memory: 0x000001f7641dc000 | 00 c0 1d 64 f7 01 00 00
R8 =0x0000000000000014 is an unknown value
R9 =0x0 is null
R10=0x0 is null
R11=0x0000000000000246 is an unknown value
R12=0x000001f764513d00 points into unknown readable memory: 0x00007fff22e8d78c | 8c d7 e8 22 ff 7f 00 00
R13=0x000001f76b1c2ff0 points into unknown readable memory: 0x000001f763f08190 | 90 81 f0 63 f7 01 00 00
R14=0x0000000000000a00 is an unknown value
R15=0x0000000000000016 is an unknown value

Top of Stack: (sp=0x000000339a5fe0e0)
0x000000339a5fe0e0:   000001f7642717f0 0000000000000000
0x000000339a5fe0f0:   000000000000002e 00007fffe44d4114
0x000000339a5fe100:   000000339a5fe9f0 00007fffe44c5a01
0x000000339a5fe110:   000001f77de47fc0 00007fff2a0b9623
0x000000339a5fe120:   0000000000000014 0000000000000ab8
0x000000339a5fe130:   0000b80219600000 000001f764513dd8
0x000000339a5fe140:   0000000000000000 0000000000000000
0x000000339a5fe150:   000000339a5fe260 00007fff2254bdb7
0x000000339a5fe160:   000001f7642717f0 000001f76435f730
0x000000339a5fe170:   000000339a5fe200 000000339a5fe200
0x000000339a5fe180:   0000003300002a88 00007fff00000000
0x000000339a5fe190:   0000000000000000 00007fffe44c1db1
0x000000339a5fe1a0:   000000339a5fe388 00007fffe444d874
0x000000339a5fe1b0:   000001f77ba60b64 00000000000000c0
0x000000339a5fe1c0:   000001f77ba60b7c 000001f77ba60b38
0x000000339a5fe1d0:   000000339a5fe2e8 000000339a5fe528
0x000000339a5fe1e0:   000000339989e000 00007fffe444dcd6
0x000000339a5fe1f0:   000001f77ba50000 00007fff2255e1dc
0x000000339a5fe200:   0000000200000101 0000000000000000
0x000000339a5fe210:   0000b80219600000 0000000000002a88
0x000000339a5fe220:   0000000000000000 4000170000000001
0x000000339a5fe230:   0000000000000000 0000000000000000
0x000000339a5fe240:   0000000000000000 0000000000000000
0x000000339a5fe250:   0000000000000000 0000000000000000
0x000000339a5fe260:   0000000000000000 0000000000000000
0x000000339a5fe270:   0000000000000000 0000000000000000
0x000000339a5fe280:   0000000000000000 0000000000000000
0x000000339a5fe290:   0000000000000000 0000000000000000
0x000000339a5fe2a0:   0000000000000000 0000000000000000
0x000000339a5fe2b0:   0000000000000000 0000000000000000
0x000000339a5fe2c0:   0000000000000000 0000000000000000
0x000000339a5fe2d0:   0000000000000000 0000000000000000 

Instructions: (pc=0x00007fff2255c3a2)
0x00007fff2255c2a2:   8b fa 48 8b e9 48 8b 1d ba e4 c5 00 48 89 58 08
0x00007fff2255c2b2:   48 8b cb ff 15 4d ee 7e 00 90 4c 8b af 78 02 00
0x00007fff2255c2c2:   00 48 8b 05 16 be b5 00 44 8b b8 90 0b 00 00 45
0x00007fff2255c2d2:   33 d2 45 8a f2 4c 89 97 78 02 00 00 44 89 97 80
0x00007fff2255c2e2:   02 00 00 4c 89 97 98 02 00 00 4c 89 97 88 02 00
0x00007fff2255c2f2:   00 48 85 ed 75 38 8b 35 62 be c5 00 65 48 8b 04
0x00007fff2255c302:   25 58 00 00 00 b9 14 00 00 00 48 8b 04 f0 44 38
0x00007fff2255c312:   14 01 0f 84 30 4d 6c 00 65 48 8b 04 25 58 00 00
0x00007fff2255c322:   00 bd 20 00 00 00 48 8b 04 f0 48 8b 2c 28 48 3b
0x00007fff2255c332:   2d b9 e3 c5 00 45 0f 44 fa 4d 85 ed 0f 84 72 01
0x00007fff2255c342:   00 00 44 8a a4 24 90 00 00 00 49 8b dd 49 8d b5
0x00007fff2255c352:   d0 05 00 00 4c 8b 2e 45 84 e4 0f 85 2c 03 00 00
0x00007fff2255c362:   44 8b 8f c8 01 00 00 48 8b 05 70 bd b5 00 83 b8
0x00007fff2255c372:   68 03 00 00 02 75 36 41 8d 51 f0 41 83 f9 10 0f
0x00007fff2255c382:   83 74 01 00 00 4a 8d 04 cd 21 00 00 00 49 03 c1
0x00007fff2255c392:   48 8d 04 c3 48 85 c0 0f 85 4a 01 00 00 49 8b ca
0x00007fff2255c3a2:   48 3b 8d 88 58 03 00 0f 87 a8 4c 6c 00 48 8d 93
0x00007fff2255c3b2:   08 01 00 00 4c 39 93 48 06 00 00 0f 85 13 4e 6c
0x00007fff2255c3c2:   00 44 8b 9f c8 01 00 00 48 8b 87 e0 01 00 00 4c
0x00007fff2255c3d2:   8b 10 44 8b 87 c8 01 00 00 41 83 f8 10 0f 83 43
0x00007fff2255c3e2:   01 00 00 4b 8d 0c c0 48 8d 04 ca 48 85 c0 0f 85
0x00007fff2255c3f2:   fc 00 00 00 33 c9 49 3b ca 0f 86 58 01 00 00 45
0x00007fff2255c402:   33 d2 48 8b 87 78 02 00 00 48 89 06 48 89 9f 78
0x00007fff2255c412:   02 00 00 ff 87 80 02 00 00 48 8b 43 08 48 8b 88
0x00007fff2255c422:   18 01 00 00 48 81 e1 00 00 ff ff 48 81 c1 00 00
0x00007fff2255c432:   01 00 48 01 8f 88 02 00 00 48 8b 43 08 48 8b 88
0x00007fff2255c442:   18 01 00 00 48 01 8f 98 02 00 00 eb 45 48 8b d3
0x00007fff2255c452:   41 8b cb e8 a6 06 ff ff 45 33 d2 84 c0 75 a3 44
0x00007fff2255c462:   38 53 1c 0f 84 23 02 00 00 48 8b 87 f8 02 00 00
0x00007fff2255c472:   48 03 87 98 02 00 00 48 3b 87 a0 02 00 00 0f 83
0x00007fff2255c482:   7c 4d 6c 00 48 8b d3 48 8b cf e8 4f f0 ff ff 45
0x00007fff2255c492:   33 d2 4d 85 ed 0f 85 af fe ff ff 45 84 f6 44 8a 


Stack slot to memory mapping:

stack at sp + 0 slots: 0x000001f7642717f0 points into unknown readable memory: 0xffffffffffffffff | ff ff ff ff ff ff ff ff
stack at sp + 1 slots: 0x0 is null
stack at sp + 2 slots: 0x000000000000002e is an unknown value
stack at sp + 3 slots: 0x00007fffe44d4114 ntdll.dll
stack at sp + 4 slots: 0x000000339a5fe9f0 points into unknown readable memory: 0x0000000000000000 | 00 00 00 00 00 00 00 00
stack at sp + 5 slots: 0x00007fffe44c5a01 ntdll.dll
stack at sp + 6 slots: 0x000001f77de47fc0 points into unknown readable memory: 0x0000000000049df9 | f9 9d 04 00 00 00 00 00
stack at sp + 7 slots: 0x00007fff2a0b9623 jvm.dll

VM_Operation (0x000000339b1ff030): Exit, mode: safepoint, requested by thread 0x000001f71d879200


---------------  P R O C E S S  ---------------

Threads class SMR info:
_java_thread_list=0x000001f76b60dbb0, length=22, elements={
0x000001f77de34d40, 0x000001f77fc42b00, 0x000001f77fc47be0, 0x000001f77fc4e3a0,
0x000001f77fc4f250, 0x000001f77fc54000, 0x000001f77fc697a0, 0x000001f77fc6c260,
0x000001f77fc525c0, 0x000001f71d7c4370, 0x000001f77fc54d20, 0x000001f76b0ce1a0,
0x000001f76b1c43a0, 0x000001f76b1c9260, 0x000001f76b1c4a30, 0x000001f76b1c6b00,
0x000001f76b1c6470, 0x000001f76b1c50c0, 0x000001f76b1c7190, 0x000001f76b4740e0,
0x000001f77fc553b0, 0x000001f71d879200
}

Java Threads: ( => current thread )
  0x000001f77de34d40 JavaThread "main"                              [_thread_blocked, id=12444, stack(0x0000003399e00000,0x0000003399f00000) (1024K)]
  0x000001f77fc42b00 JavaThread "Reference Handler"          daemon [_thread_blocked, id=14588, stack(0x000000339a600000,0x000000339a700000) (1024K)]
  0x000001f77fc47be0 JavaThread "Finalizer"                  daemon [_thread_blocked, id=21188, stack(0x000000339a700000,0x000000339a800000) (1024K)]
  0x000001f77fc4e3a0 JavaThread "Attach Listener"            daemon [_thread_blocked, id=12476, stack(0x000000339a900000,0x000000339aa00000) (1024K)]
  0x000001f77fc4f250 JavaThread "Service Thread"             daemon [_thread_blocked, id=19892, stack(0x000000339aa00000,0x000000339ab00000) (1024K)]
  0x000001f77fc54000 JavaThread "Monitor Deflation Thread"   daemon [_thread_blocked, id=28072, stack(0x000000339ab00000,0x000000339ac00000) (1024K)]
  0x000001f77fc697a0 JavaThread "C2 CompilerThread0"         daemon [_thread_blocked, id=29648, stack(0x000000339ac00000,0x000000339ad00000) (1024K)]
  0x000001f77fc6c260 JavaThread "C1 CompilerThread0"         daemon [_thread_blocked, id=33196, stack(0x000000339ad00000,0x000000339ae00000) (1024K)]
  0x000001f77fc525c0 JavaThread "Common-Cleaner"             daemon [_thread_blocked, id=28928, stack(0x000000339ae00000,0x000000339af00000) (1024K)]
  0x000001f71d7c4370 JavaThread "JDWP Event Helper Thread"   daemon [_thread_blocked, id=6344, stack(0x000000339b000000,0x000000339b100000) (1024K)]
  0x000001f77fc54d20 JavaThread "Notification Thread"        daemon [_thread_blocked, id=32156, stack(0x000000339b200000,0x000000339b300000) (1024K)]
  0x000001f76b0ce1a0 JavaThread "LWJGL3 Timer"               daemon [_thread_blocked, id=14084, stack(0x000000339c600000,0x000000339c700000) (1024K)]
  0x000001f76b1c43a0 JavaThread "Server"                            [_thread_blocked, id=5052, stack(0x000000339c500000,0x000000339c600000) (1024K)]
  0x000001f76b1c9260 JavaThread "dominion-scheduler-0"              [_thread_blocked, id=26672, stack(0x000000339c700000,0x000000339c800000) (1024K)]
  0x000001f76b1c4a30 JavaThread "dominion-scheduler-1"              [_thread_blocked, id=18364, stack(0x000000339c800000,0x000000339c900000) (1024K)]
  0x000001f76b1c6b00 JavaThread "ForkJoinPool-1-worker-1"    daemon [_thread_blocked, id=22532, stack(0x000000339c900000,0x000000339ca00000) (1024K)]
  0x000001f76b1c6470 JavaThread "ForkJoinPool-1-worker-2"    daemon [_thread_blocked, id=30300, stack(0x000000339ca00000,0x000000339cb00000) (1024K)]
  0x000001f76b1c50c0 JavaThread "Client"                     daemon [_thread_blocked, id=26548, stack(0x000000339cb00000,0x000000339cc00000) (1024K)]
  0x000001f76b1c7190 JavaThread "ForkJoinPool-1-worker-3"    daemon [_thread_blocked, id=18876, stack(0x000000339cd00000,0x000000339ce00000) (1024K)]
  0x000001f76b4740e0 JavaThread "C2 CompilerThread1"         daemon [_thread_blocked, id=27160, stack(0x0000003399b00000,0x0000003399c00000) (1024K)]
  0x000001f77fc553b0 JavaThread "ForkJoinPool-1-worker-4"    daemon [_thread_blocked, id=8704, stack(0x0000003399c00000,0x0000003399d00000) (1024K)]
  0x000001f71d879200 JavaThread "SIGINT handler"             daemon [_thread_blocked, id=14840, stack(0x000000339b100000,0x000000339b200000) (1024K)]
Total: 22

Other Threads:
=>0x000001f77fc25d60 VMThread "VM Thread"                           [id=23208, stack(0x000000339a500000,0x000000339a600000) (1024K)]
  0x000001f77de9d4d0 WorkerThread "GC Thread#0"                     [id=24272, stack(0x0000003399f00000,0x000000339a000000) (1024K)]
  0x000001f764048930 WorkerThread "GC Thread#1"                     [id=22964, stack(0x000000339b500000,0x000000339b600000) (1024K)]
  0x000001f764048cd0 WorkerThread "GC Thread#2"                     [id=33416, stack(0x000000339b600000,0x000000339b700000) (1024K)]
  0x000001f763477630 WorkerThread "GC Thread#3"                     [id=19728, stack(0x000000339b700000,0x000000339b800000) (1024K)]
  0x000001f763477de0 WorkerThread "GC Thread#4"                     [id=25612, stack(0x000000339b800000,0x000000339b900000) (1024K)]
  0x000001f763478180 WorkerThread "GC Thread#5"                     [id=31388, stack(0x000000339b900000,0x000000339ba00000) (1024K)]
  0x000001f76360a830 WorkerThread "GC Thread#6"                     [id=33332, stack(0x000000339ba00000,0x000000339bb00000) (1024K)]
  0x000001f763bd9320 WorkerThread "GC Thread#7"                     [id=19076, stack(0x000000339bb00000,0x000000339bc00000) (1024K)]
  0x000001f77deae140 ConcurrentGCThread "G1 Main Marker"            terminated
  0x000001f77deaf3e0 WorkerThread "G1 Conc#0"                       [id=31000, stack(0x000000339a100000,0x000000339a200000) (1024K)]
  0x000001f77deee550 ConcurrentGCThread "G1 Refine#0"               terminated
  0x000001f77fada340 ConcurrentGCThread "G1 Service"                terminated
Total: 13

Threads with active compile tasks:
C2 CompilerThread0   838004 2451       4       java.lang.invoke.MethodType::makeImpl (109 bytes)
C1 CompilerThread0   838004 2525       3       java.util.concurrent.ForkJoinPool::signalWork (199 bytes)
Total: 2

VM state: at safepoint (shutting down)

VM Mutex/Monitor currently owned by a thread:  ([mutex/lock_event])
[0x00007fff2a6962a8] Threads_lock - owner thread: 0x000001f77fc25d60
[0x00007fff2a6963a8] Heap_lock - owner thread: 0x000001f71d879200

Heap address: 0x0000000703200000, size: 4046 MB, Compressed Oops mode: Zero based, Oop shift amount: 3

CDS archive(s) mapped at: [0x000001f71e000000-0x000001f71ec90000-0x000001f71ec90000), size 13172736, SharedBaseAddress: 0x000001f71e000000, ArchiveRelocationMode: 1.
Compressed class space mapped at: 0x000001f71f000000-0x000001f75f000000, reserved size: 1073741824
Narrow klass base: 0x000001f71e000000, Narrow klass shift: 0, Narrow klass range: 0x100000000

GC Precious Log:
 CardTable entry size: 512
 Card Set container configuration: InlinePtr #cards 4 size 8 Array Of Cards #cards 16 size 48 Howl #buckets 8 coarsen threshold 3686 Howl Bitmap #cards 512 size 80 coarsen threshold 460 Card regions per heap region 1 cards per card region 4096
 CPUs: 8 total, 8 available
 Memory: 16183M
 Large Page Support: Disabled
 NUMA Support: Disabled
 Compressed Oops: Enabled (Zero based)
 Heap Region Size: 2M
 Heap Min Capacity: 8M
 Heap Initial Capacity: 254M
 Heap Max Capacity: 4046M
 Pre-touch: Disabled
 Parallel Workers: 8
 Concurrent Workers: 2
 Concurrent Refinement Workers: 8
 Periodic GC: Disabled

Heap:
 garbage-first heap   total 260096K, used 32847K [0x0000000703200000, 0x0000000800000000)
  region size 2048K, 15 young (30720K), 3 survivors (6144K)
 Metaspace       used 19175K, committed 19648K, reserved 1114112K
  class space    used 1985K, committed 2240K, reserved 1048576K

Heap Regions: E=young(eden), S=young(survivor), O=old, HS=humongous(starts), HC=humongous(continues), CS=collection set, F=free, TAMS=top-at-mark-start, PB=parsable bottom
|   0|0x0000000703200000, 0x0000000703400000, 0x0000000703400000|100%|HS|  |TAMS 0x0000000703200000| PB 0x0000000703200000| Complete 
|   1|0x0000000703400000, 0x0000000703600000, 0x0000000703600000|100%|HC|  |TAMS 0x0000000703400000| PB 0x0000000703400000| Complete 
|   2|0x0000000703600000, 0x0000000703600000, 0x0000000703800000|  0%| F|  |TAMS 0x0000000703600000| PB 0x0000000703600000| Untracked 
|   3|0x0000000703800000, 0x0000000703800000, 0x0000000703a00000|  0%| F|  |TAMS 0x0000000703800000| PB 0x0000000703800000| Untracked 
|   4|0x0000000703a00000, 0x0000000703a00000, 0x0000000703c00000|  0%| F|  |TAMS 0x0000000703a00000| PB 0x0000000703a00000| Untracked 
|   5|0x0000000703c00000, 0x0000000703c00000, 0x0000000703e00000|  0%| F|  |TAMS 0x0000000703c00000| PB 0x0000000703c00000| Untracked 
|   6|0x0000000703e00000, 0x0000000703e00000, 0x0000000704000000|  0%| F|  |TAMS 0x0000000703e00000| PB 0x0000000703e00000| Untracked 
|   7|0x0000000704000000, 0x0000000704000000, 0x0000000704200000|  0%| F|  |TAMS 0x0000000704000000| PB 0x0000000704000000| Untracked 
|   8|0x0000000704200000, 0x0000000704200000, 0x0000000704400000|  0%| F|  |TAMS 0x0000000704200000| PB 0x0000000704200000| Untracked 
|   9|0x0000000704400000, 0x0000000704400000, 0x0000000704600000|  0%| F|  |TAMS 0x0000000704400000| PB 0x0000000704400000| Untracked 
|  10|0x0000000704600000, 0x0000000704600000, 0x0000000704800000|  0%| F|  |TAMS 0x0000000704600000| PB 0x0000000704600000| Untracked 
|  11|0x0000000704800000, 0x0000000704800000, 0x0000000704a00000|  0%| F|  |TAMS 0x0000000704800000| PB 0x0000000704800000| Untracked 
|  12|0x0000000704a00000, 0x0000000704a00000, 0x0000000704c00000|  0%| F|  |TAMS 0x0000000704a00000| PB 0x0000000704a00000| Untracked 
|  13|0x0000000704c00000, 0x0000000704c00000, 0x0000000704e00000|  0%| F|  |TAMS 0x0000000704c00000| PB 0x0000000704c00000| Untracked 
|  14|0x0000000704e00000, 0x0000000704e00000, 0x0000000705000000|  0%| F|  |TAMS 0x0000000704e00000| PB 0x0000000704e00000| Untracked 
|  15|0x0000000705000000, 0x0000000705000000, 0x0000000705200000|  0%| F|  |TAMS 0x0000000705000000| PB 0x0000000705000000| Untracked 
|  16|0x0000000705200000, 0x0000000705213cd8, 0x0000000705400000|  3%| O|  |TAMS 0x0000000705200000| PB 0x0000000705200000| Untracked 
|  17|0x0000000705400000, 0x0000000705400000, 0x0000000705600000|  0%| F|  |TAMS 0x0000000705400000| PB 0x0000000705400000| Untracked 
|  18|0x0000000705600000, 0x0000000705600000, 0x0000000705800000|  0%| F|  |TAMS 0x0000000705600000| PB 0x0000000705600000| Untracked 
|  19|0x0000000705800000, 0x0000000705800000, 0x0000000705a00000|  0%| F|  |TAMS 0x0000000705800000| PB 0x0000000705800000| Untracked 
|  20|0x0000000705a00000, 0x0000000705a00000, 0x0000000705c00000|  0%| F|  |TAMS 0x0000000705a00000| PB 0x0000000705a00000| Untracked 
|  21|0x0000000705c00000, 0x0000000705c00000, 0x0000000705e00000|  0%| F|  |TAMS 0x0000000705c00000| PB 0x0000000705c00000| Untracked 
|  22|0x0000000705e00000, 0x0000000705e00000, 0x0000000706000000|  0%| F|  |TAMS 0x0000000705e00000| PB 0x0000000705e00000| Untracked 
|  23|0x0000000706000000, 0x0000000706000000, 0x0000000706200000|  0%| F|  |TAMS 0x0000000706000000| PB 0x0000000706000000| Untracked 
|  24|0x0000000706200000, 0x0000000706200000, 0x0000000706400000|  0%| F|  |TAMS 0x0000000706200000| PB 0x0000000706200000| Untracked 
|  25|0x0000000706400000, 0x0000000706400000, 0x0000000706600000|  0%| F|  |TAMS 0x0000000706400000| PB 0x0000000706400000| Untracked 
|  26|0x0000000706600000, 0x0000000706600000, 0x0000000706800000|  0%| F|  |TAMS 0x0000000706600000| PB 0x0000000706600000| Untracked 
|  27|0x0000000706800000, 0x0000000706800000, 0x0000000706a00000|  0%| F|  |TAMS 0x0000000706800000| PB 0x0000000706800000| Untracked 
|  28|0x0000000706a00000, 0x0000000706a00000, 0x0000000706c00000|  0%| F|  |TAMS 0x0000000706a00000| PB 0x0000000706a00000| Untracked 
|  29|0x0000000706c00000, 0x0000000706c00000, 0x0000000706e00000|  0%| F|  |TAMS 0x0000000706c00000| PB 0x0000000706c00000| Untracked 
|  30|0x0000000706e00000, 0x0000000706e00000, 0x0000000707000000|  0%| F|  |TAMS 0x0000000706e00000| PB 0x0000000706e00000| Untracked 
|  31|0x0000000707000000, 0x0000000707000000, 0x0000000707200000|  0%| F|  |TAMS 0x0000000707000000| PB 0x0000000707000000| Untracked 
|  32|0x0000000707200000, 0x0000000707200000, 0x0000000707400000|  0%| F|  |TAMS 0x0000000707200000| PB 0x0000000707200000| Untracked 
|  33|0x0000000707400000, 0x0000000707400000, 0x0000000707600000|  0%| F|  |TAMS 0x0000000707400000| PB 0x0000000707400000| Untracked 
|  34|0x0000000707600000, 0x0000000707600000, 0x0000000707800000|  0%| F|  |TAMS 0x0000000707600000| PB 0x0000000707600000| Untracked 
|  35|0x0000000707800000, 0x0000000707800000, 0x0000000707a00000|  0%| F|  |TAMS 0x0000000707800000| PB 0x0000000707800000| Untracked 
|  36|0x0000000707a00000, 0x0000000707a00000, 0x0000000707c00000|  0%| F|  |TAMS 0x0000000707a00000| PB 0x0000000707a00000| Untracked 
|  37|0x0000000707c00000, 0x0000000707c00000, 0x0000000707e00000|  0%| F|  |TAMS 0x0000000707c00000| PB 0x0000000707c00000| Untracked 
|  38|0x0000000707e00000, 0x0000000707e00000, 0x0000000708000000|  0%| F|  |TAMS 0x0000000707e00000| PB 0x0000000707e00000| Untracked 
|  39|0x0000000708000000, 0x0000000708000000, 0x0000000708200000|  0%| F|  |TAMS 0x0000000708000000| PB 0x0000000708000000| Untracked 
|  40|0x0000000708200000, 0x0000000708200000, 0x0000000708400000|  0%| F|  |TAMS 0x0000000708200000| PB 0x0000000708200000| Untracked 
|  41|0x0000000708400000, 0x0000000708400000, 0x0000000708600000|  0%| F|  |TAMS 0x0000000708400000| PB 0x0000000708400000| Untracked 
|  42|0x0000000708600000, 0x0000000708600000, 0x0000000708800000|  0%| F|  |TAMS 0x0000000708600000| PB 0x0000000708600000| Untracked 
|  43|0x0000000708800000, 0x0000000708800000, 0x0000000708a00000|  0%| F|  |TAMS 0x0000000708800000| PB 0x0000000708800000| Untracked 
|  44|0x0000000708a00000, 0x0000000708a00000, 0x0000000708c00000|  0%| F|  |TAMS 0x0000000708a00000| PB 0x0000000708a00000| Untracked 
|  45|0x0000000708c00000, 0x0000000708c00000, 0x0000000708e00000|  0%| F|  |TAMS 0x0000000708c00000| PB 0x0000000708c00000| Untracked 
|  46|0x0000000708e00000, 0x0000000708e00000, 0x0000000709000000|  0%| F|  |TAMS 0x0000000708e00000| PB 0x0000000708e00000| Untracked 
|  47|0x0000000709000000, 0x0000000709000000, 0x0000000709200000|  0%| F|  |TAMS 0x0000000709000000| PB 0x0000000709000000| Untracked 
|  48|0x0000000709200000, 0x0000000709200000, 0x0000000709400000|  0%| F|  |TAMS 0x0000000709200000| PB 0x0000000709200000| Untracked 
|  49|0x0000000709400000, 0x0000000709400000, 0x0000000709600000|  0%| F|  |TAMS 0x0000000709400000| PB 0x0000000709400000| Untracked 
|  50|0x0000000709600000, 0x0000000709600000, 0x0000000709800000|  0%| F|  |TAMS 0x0000000709600000| PB 0x0000000709600000| Untracked 
|  51|0x0000000709800000, 0x0000000709800000, 0x0000000709a00000|  0%| F|  |TAMS 0x0000000709800000| PB 0x0000000709800000| Untracked 
|  52|0x0000000709a00000, 0x0000000709a00000, 0x0000000709c00000|  0%| F|  |TAMS 0x0000000709a00000| PB 0x0000000709a00000| Untracked 
|  53|0x0000000709c00000, 0x0000000709c00000, 0x0000000709e00000|  0%| F|  |TAMS 0x0000000709c00000| PB 0x0000000709c00000| Untracked 
|  54|0x0000000709e00000, 0x0000000709e00000, 0x000000070a000000|  0%| F|  |TAMS 0x0000000709e00000| PB 0x0000000709e00000| Untracked 
|  55|0x000000070a000000, 0x000000070a000000, 0x000000070a200000|  0%| F|  |TAMS 0x000000070a000000| PB 0x000000070a000000| Untracked 
|  56|0x000000070a200000, 0x000000070a200000, 0x000000070a400000|  0%| F|  |TAMS 0x000000070a200000| PB 0x000000070a200000| Untracked 
|  57|0x000000070a400000, 0x000000070a400000, 0x000000070a600000|  0%| F|  |TAMS 0x000000070a400000| PB 0x000000070a400000| Untracked 
|  58|0x000000070a600000, 0x000000070a600000, 0x000000070a800000|  0%| F|  |TAMS 0x000000070a600000| PB 0x000000070a600000| Untracked 
|  59|0x000000070a800000, 0x000000070a800000, 0x000000070aa00000|  0%| F|  |TAMS 0x000000070a800000| PB 0x000000070a800000| Untracked 
|  60|0x000000070aa00000, 0x000000070aa00000, 0x000000070ac00000|  0%| F|  |TAMS 0x000000070aa00000| PB 0x000000070aa00000| Untracked 
|  61|0x000000070ac00000, 0x000000070ac00000, 0x000000070ae00000|  0%| F|  |TAMS 0x000000070ac00000| PB 0x000000070ac00000| Untracked 
|  62|0x000000070ae00000, 0x000000070ae00000, 0x000000070b000000|  0%| F|  |TAMS 0x000000070ae00000| PB 0x000000070ae00000| Untracked 
|  63|0x000000070b000000, 0x000000070b000000, 0x000000070b200000|  0%| F|  |TAMS 0x000000070b000000| PB 0x000000070b000000| Untracked 
|  64|0x000000070b200000, 0x000000070b200000, 0x000000070b400000|  0%| F|  |TAMS 0x000000070b200000| PB 0x000000070b200000| Untracked 
|  65|0x000000070b400000, 0x000000070b400000, 0x000000070b600000|  0%| F|  |TAMS 0x000000070b400000| PB 0x000000070b400000| Untracked 
|  66|0x000000070b600000, 0x000000070b600000, 0x000000070b800000|  0%| F|  |TAMS 0x000000070b600000| PB 0x000000070b600000| Untracked 
|  67|0x000000070b800000, 0x000000070b800000, 0x000000070ba00000|  0%| F|  |TAMS 0x000000070b800000| PB 0x000000070b800000| Untracked 
|  68|0x000000070ba00000, 0x000000070ba00000, 0x000000070bc00000|  0%| F|  |TAMS 0x000000070ba00000| PB 0x000000070ba00000| Untracked 
|  69|0x000000070bc00000, 0x000000070bc00000, 0x000000070be00000|  0%| F|  |TAMS 0x000000070bc00000| PB 0x000000070bc00000| Untracked 
|  70|0x000000070be00000, 0x000000070be00000, 0x000000070c000000|  0%| F|  |TAMS 0x000000070be00000| PB 0x000000070be00000| Untracked 
|  71|0x000000070c000000, 0x000000070c000000, 0x000000070c200000|  0%| F|  |TAMS 0x000000070c000000| PB 0x000000070c000000| Untracked 
|  72|0x000000070c200000, 0x000000070c200000, 0x000000070c400000|  0%| F|  |TAMS 0x000000070c200000| PB 0x000000070c200000| Untracked 
|  73|0x000000070c400000, 0x000000070c400000, 0x000000070c600000|  0%| F|  |TAMS 0x000000070c400000| PB 0x000000070c400000| Untracked 
|  74|0x000000070c600000, 0x000000070c600000, 0x000000070c800000|  0%| F|  |TAMS 0x000000070c600000| PB 0x000000070c600000| Untracked 
|  75|0x000000070c800000, 0x000000070c800000, 0x000000070ca00000|  0%| F|  |TAMS 0x000000070c800000| PB 0x000000070c800000| Untracked 
|  76|0x000000070ca00000, 0x000000070ca00000, 0x000000070cc00000|  0%| F|  |TAMS 0x000000070ca00000| PB 0x000000070ca00000| Untracked 
|  77|0x000000070cc00000, 0x000000070cc00000, 0x000000070ce00000|  0%| F|  |TAMS 0x000000070cc00000| PB 0x000000070cc00000| Untracked 
|  78|0x000000070ce00000, 0x000000070ce00000, 0x000000070d000000|  0%| F|  |TAMS 0x000000070ce00000| PB 0x000000070ce00000| Untracked 
|  79|0x000000070d000000, 0x000000070d000000, 0x000000070d200000|  0%| F|  |TAMS 0x000000070d000000| PB 0x000000070d000000| Untracked 
|  80|0x000000070d200000, 0x000000070d200000, 0x000000070d400000|  0%| F|  |TAMS 0x000000070d200000| PB 0x000000070d200000| Untracked 
|  81|0x000000070d400000, 0x000000070d400000, 0x000000070d600000|  0%| F|  |TAMS 0x000000070d400000| PB 0x000000070d400000| Untracked 
|  82|0x000000070d600000, 0x000000070d600000, 0x000000070d800000|  0%| F|  |TAMS 0x000000070d600000| PB 0x000000070d600000| Untracked 
|  83|0x000000070d800000, 0x000000070d800000, 0x000000070da00000|  0%| F|  |TAMS 0x000000070d800000| PB 0x000000070d800000| Untracked 
|  84|0x000000070da00000, 0x000000070da00000, 0x000000070dc00000|  0%| F|  |TAMS 0x000000070da00000| PB 0x000000070da00000| Untracked 
|  85|0x000000070dc00000, 0x000000070dc00000, 0x000000070de00000|  0%| F|  |TAMS 0x000000070dc00000| PB 0x000000070dc00000| Untracked 
|  86|0x000000070de00000, 0x000000070de00000, 0x000000070e000000|  0%| F|  |TAMS 0x000000070de00000| PB 0x000000070de00000| Untracked 
|  87|0x000000070e000000, 0x000000070e000000, 0x000000070e200000|  0%| F|  |TAMS 0x000000070e000000| PB 0x000000070e000000| Untracked 
|  88|0x000000070e200000, 0x000000070e200000, 0x000000070e400000|  0%| F|  |TAMS 0x000000070e200000| PB 0x000000070e200000| Untracked 
|  89|0x000000070e400000, 0x000000070e400000, 0x000000070e600000|  0%| F|  |TAMS 0x000000070e400000| PB 0x000000070e400000| Untracked 
|  90|0x000000070e600000, 0x000000070e600000, 0x000000070e800000|  0%| F|  |TAMS 0x000000070e600000| PB 0x000000070e600000| Untracked 
|  91|0x000000070e800000, 0x000000070e800000, 0x000000070ea00000|  0%| F|  |TAMS 0x000000070e800000| PB 0x000000070e800000| Untracked 
|  92|0x000000070ea00000, 0x000000070ea00000, 0x000000070ec00000|  0%| F|  |TAMS 0x000000070ea00000| PB 0x000000070ea00000| Untracked 
|  93|0x000000070ec00000, 0x000000070ec00000, 0x000000070ee00000|  0%| F|  |TAMS 0x000000070ec00000| PB 0x000000070ec00000| Untracked 
|  94|0x000000070ee00000, 0x000000070ee00000, 0x000000070f000000|  0%| F|  |TAMS 0x000000070ee00000| PB 0x000000070ee00000| Untracked 
|  95|0x000000070f000000, 0x000000070f000000, 0x000000070f200000|  0%| F|  |TAMS 0x000000070f000000| PB 0x000000070f000000| Untracked 
|  96|0x000000070f200000, 0x000000070f200000, 0x000000070f400000|  0%| F|  |TAMS 0x000000070f200000| PB 0x000000070f200000| Untracked 
|  97|0x000000070f400000, 0x000000070f400000, 0x000000070f600000|  0%| F|  |TAMS 0x000000070f400000| PB 0x000000070f400000| Untracked 
|  98|0x000000070f600000, 0x000000070f600000, 0x000000070f800000|  0%| F|  |TAMS 0x000000070f600000| PB 0x000000070f600000| Untracked 
|  99|0x000000070f800000, 0x000000070f800000, 0x000000070fa00000|  0%| F|  |TAMS 0x000000070f800000| PB 0x000000070f800000| Untracked 
| 100|0x000000070fa00000, 0x000000070fa00000, 0x000000070fc00000|  0%| F|  |TAMS 0x000000070fa00000| PB 0x000000070fa00000| Untracked 
| 101|0x000000070fc00000, 0x000000070fc00000, 0x000000070fe00000|  0%| F|  |TAMS 0x000000070fc00000| PB 0x000000070fc00000| Untracked 
| 102|0x000000070fe00000, 0x000000070fe00000, 0x0000000710000000|  0%| F|  |TAMS 0x000000070fe00000| PB 0x000000070fe00000| Untracked 
| 103|0x0000000710000000, 0x0000000710200000, 0x0000000710200000|100%| S|CS|TAMS 0x0000000710000000| PB 0x0000000710000000| Complete 
| 104|0x0000000710200000, 0x0000000710400000, 0x0000000710400000|100%| S|CS|TAMS 0x0000000710200000| PB 0x0000000710200000| Complete 
| 105|0x0000000710400000, 0x0000000710600000, 0x0000000710600000|100%| S|CS|TAMS 0x0000000710400000| PB 0x0000000710400000| Complete 
| 106|0x0000000710600000, 0x0000000710600000, 0x0000000710800000|  0%| F|  |TAMS 0x0000000710600000| PB 0x0000000710600000| Untracked 
| 107|0x0000000710800000, 0x0000000710800000, 0x0000000710a00000|  0%| F|  |TAMS 0x0000000710800000| PB 0x0000000710800000| Untracked 
| 108|0x0000000710a00000, 0x0000000710a00000, 0x0000000710c00000|  0%| F|  |TAMS 0x0000000710a00000| PB 0x0000000710a00000| Untracked 
| 109|0x0000000710c00000, 0x0000000710c00000, 0x0000000710e00000|  0%| F|  |TAMS 0x0000000710c00000| PB 0x0000000710c00000| Untracked 
| 110|0x0000000710e00000, 0x0000000710e00000, 0x0000000711000000|  0%| F|  |TAMS 0x0000000710e00000| PB 0x0000000710e00000| Untracked 
| 111|0x0000000711000000, 0x0000000711000000, 0x0000000711200000|  0%| F|  |TAMS 0x0000000711000000| PB 0x0000000711000000| Untracked 
| 112|0x0000000711200000, 0x0000000711200000, 0x0000000711400000|  0%| F|  |TAMS 0x0000000711200000| PB 0x0000000711200000| Untracked 
| 113|0x0000000711400000, 0x0000000711400000, 0x0000000711600000|  0%| F|  |TAMS 0x0000000711400000| PB 0x0000000711400000| Untracked 
| 114|0x0000000711600000, 0x0000000711600000, 0x0000000711800000|  0%| F|  |TAMS 0x0000000711600000| PB 0x0000000711600000| Untracked 
| 115|0x0000000711800000, 0x0000000711800800, 0x0000000711a00000|  0%| E|  |TAMS 0x0000000711800000| PB 0x0000000711800000| Complete 
| 116|0x0000000711a00000, 0x0000000711c00000, 0x0000000711c00000|100%| E|CS|TAMS 0x0000000711a00000| PB 0x0000000711a00000| Complete 
| 117|0x0000000711c00000, 0x0000000711e00000, 0x0000000711e00000|100%| E|CS|TAMS 0x0000000711c00000| PB 0x0000000711c00000| Complete 
| 118|0x0000000711e00000, 0x0000000712000000, 0x0000000712000000|100%| E|CS|TAMS 0x0000000711e00000| PB 0x0000000711e00000| Complete 
| 119|0x0000000712000000, 0x0000000712200000, 0x0000000712200000|100%| E|CS|TAMS 0x0000000712000000| PB 0x0000000712000000| Complete 
| 120|0x0000000712200000, 0x0000000712400000, 0x0000000712400000|100%| E|CS|TAMS 0x0000000712200000| PB 0x0000000712200000| Complete 
| 121|0x0000000712400000, 0x0000000712600000, 0x0000000712600000|100%| E|CS|TAMS 0x0000000712400000| PB 0x0000000712400000| Complete 
| 122|0x0000000712600000, 0x0000000712800000, 0x0000000712800000|100%| E|CS|TAMS 0x0000000712600000| PB 0x0000000712600000| Complete 
| 123|0x0000000712800000, 0x0000000712a00000, 0x0000000712a00000|100%| E|CS|TAMS 0x0000000712800000| PB 0x0000000712800000| Complete 
| 124|0x0000000712a00000, 0x0000000712c00000, 0x0000000712c00000|100%| E|CS|TAMS 0x0000000712a00000| PB 0x0000000712a00000| Complete 
| 125|0x0000000712c00000, 0x0000000712e00000, 0x0000000712e00000|100%| E|CS|TAMS 0x0000000712c00000| PB 0x0000000712c00000| Complete 
| 126|0x0000000712e00000, 0x0000000713000000, 0x0000000713000000|100%| E|CS|TAMS 0x0000000712e00000| PB 0x0000000712e00000| Complete 

Card table byte_map: [0x000001f77ea10000,0x000001f77f200000] _byte_map_base: 0x000001f77b1f7000

Marking Bits: (CMBitMap*) 0x000001f77de9d9e0
 Bits: [0x000001f717620000, 0x000001f71b558000)

Polling page: 0x000001f77bdc0000

Metaspace:

Usage:
  Non-class:     16.79 MB used.
      Class:      1.94 MB used.
       Both:     18.73 MB used.

Virtual space:
  Non-class space:       64.00 MB reserved,      17.00 MB ( 27%) committed,  1 nodes.
      Class space:        1.00 GB reserved,       2.19 MB ( <1%) committed,  1 nodes.
             Both:        1.06 GB reserved,      19.19 MB (  2%) committed. 

Chunk freelists:
   Non-Class:  14.59 MB
       Class:  13.68 MB
        Both:  28.27 MB

MaxMetaspaceSize: unlimited
CompressedClassSpaceSize: 1.00 GB
Initial GC threshold: 21.00 MB
Current GC threshold: 21.00 MB
CDS: on
 - commit_granule_bytes: 65536.
 - commit_granule_words: 8192.
 - virtual_space_node_default_size: 8388608.
 - enlarge_chunks_in_place: 1.
 - use_allocation_guard: 0.


Internal statistics:

num_allocs_failed_limit: 0.
num_arena_births: 408.
num_arena_deaths: 0.
num_vsnodes_births: 2.
num_vsnodes_deaths: 0.
num_space_committed: 305.
num_space_uncommitted: 0.
num_chunks_returned_to_freelist: 0.
num_chunks_taken_from_freelist: 866.
num_chunk_merges: 0.
num_chunk_splits: 592.
num_chunks_enlarged: 403.
num_inconsistent_stats: 0.

CodeHeap 'non-profiled nmethods': size=120000Kb used=1124Kb max_used=1124Kb free=118875Kb
 bounds [0x000001f7100f0000, 0x000001f710360000, 0x000001f717620000]
CodeHeap 'profiled nmethods': size=120000Kb used=4470Kb max_used=4470Kb free=115529Kb
 bounds [0x000001f708620000, 0x000001f708a80000, 0x000001f70fb50000]
CodeHeap 'non-nmethods': size=5760Kb used=2723Kb max_used=2767Kb free=3036Kb
 bounds [0x000001f70fb50000, 0x000001f70fe10000, 0x000001f7100f0000]
 total_blobs=3747 nmethods=2520 adapters=1131
 compilation: enabled
              stopped_count=0, restarted_count=0
 full_count=0

Compilation events (20 events):
Event: 837.645 Thread 0x000001f77fc6c260 nmethod 2515 0x000001f710208890 code [0x000001f710208a20, 0x000001f710208ae8]
Event: 837.645 Thread 0x000001f77fc6c260 2516       3       jdk.internal.misc.Unsafe::getAndAddInt (27 bytes)
Event: 837.645 Thread 0x000001f77fc6c260 nmethod 2516 0x000001f708a79010 code [0x000001f708a791c0, 0x000001f708a793f0]
Event: 837.645 Thread 0x000001f77fc6c260 2517   !   3       com.intellij.rt.debugger.agent.CaptureStorage::insertEnter (125 bytes)
Event: 837.646 Thread 0x000001f77fc6c260 nmethod 2517 0x000001f708a79510 code [0x000001f708a798e0, 0x000001f708a7ae90]
Event: 837.646 Thread 0x000001f77fc6c260 2522       3       java.util.concurrent.ForkJoinTask::signalWaiters (61 bytes)
Event: 837.647 Thread 0x000001f77fc6c260 nmethod 2522 0x000001f708a7b890 code [0x000001f708a7baa0, 0x000001f708a7c190]
Event: 837.647 Thread 0x000001f77fc6c260 2518       3       com.intellij.rt.debugger.agent.CaptureStorage$HardKey::<init> (18 bytes)
Event: 837.647 Thread 0x000001f77fc6c260 nmethod 2518 0x000001f708a7c390 code [0x000001f708a7c540, 0x000001f708a7c750]
Event: 837.647 Thread 0x000001f77fc6c260 2519       3       java.util.LinkedList::add (7 bytes)
Event: 837.647 Thread 0x000001f77fc6c260 nmethod 2519 0x000001f708a7c810 code [0x000001f708a7c9c0, 0x000001f708a7cb28]
Event: 837.647 Thread 0x000001f77fc6c260 2520       3       java.util.LinkedList::linkLast (59 bytes)
Event: 837.647 Thread 0x000001f77fc6c260 nmethod 2520 0x000001f708a7cc10 code [0x000001f708a7cde0, 0x000001f708a7d268]
Event: 837.647 Thread 0x000001f77fc6c260 2521       3       java.util.LinkedList$Node::<init> (20 bytes)
Event: 837.648 Thread 0x000001f77fc6c260 nmethod 2521 0x000001f708a7d390 code [0x000001f708a7d540, 0x000001f708a7d7d8]
Event: 837.648 Thread 0x000001f77fc6c260 2523       1       java.util.logging.Logger::getName (5 bytes)
Event: 837.648 Thread 0x000001f77fc6c260 nmethod 2523 0x000001f710208b90 code [0x000001f710208d20, 0x000001f710208df0]
Event: 837.648 Thread 0x000001f77fc6c260 2524       1       javax.management.ObjectName$Property::setKeyIndex (6 bytes)
Event: 837.648 Thread 0x000001f77fc6c260 nmethod 2524 0x000001f710208e90 code [0x000001f710209020, 0x000001f7102090e8]
Event: 837.648 Thread 0x000001f77fc6c260 2525       3       java.util.concurrent.ForkJoinPool::signalWork (199 bytes)

GC Heap History (4 events):
Event: 0.581 GC heap before
{Heap before GC invocations=0 (full 0):
 garbage-first heap   total 260096K, used 22528K [0x0000000703200000, 0x0000000800000000)
  region size 2048K, 11 young (22528K), 0 survivors (0K)
 Metaspace       used 4099K, committed 4288K, reserved 1114112K
  class space    used 458K, committed 576K, reserved 1048576K
}
Event: 0.584 GC heap after
{Heap after GC invocations=1 (full 0):
 garbage-first heap   total 260096K, used 2730K [0x0000000703200000, 0x0000000800000000)
  region size 2048K, 2 young (4096K), 2 survivors (4096K)
 Metaspace       used 4099K, committed 4288K, reserved 1114112K
  class space    used 458K, committed 576K, reserved 1048576K
}
Event: 3.652 GC heap before
{Heap before GC invocations=1 (full 0):
 garbage-first heap   total 260096K, used 72362K [0x0000000703200000, 0x0000000800000000)
  region size 2048K, 21 young (43008K), 2 survivors (4096K)
 Metaspace       used 15872K, committed 16128K, reserved 1114112K
  class space    used 1563K, committed 1664K, reserved 1048576K
}
Event: 3.662 GC heap after
{Heap after GC invocations=2 (full 0):
 garbage-first heap   total 260096K, used 6223K [0x0000000703200000, 0x0000000800000000)
  region size 2048K, 3 young (6144K), 3 survivors (6144K)
 Metaspace       used 15872K, committed 16128K, reserved 1114112K
  class space    used 1563K, committed 1664K, reserved 1048576K
}

Dll operation events (16 events):
Event: 0.009 Loaded shared library C:\Users\Lenovo\.jdks\corretto-21.0.4\bin\java.dll
Event: 0.010 Loaded shared library C:\Users\Lenovo\.jdks\corretto-21.0.4\bin\zip.dll
Event: 0.046 Loaded shared library C:\Users\Lenovo\.jdks\corretto-21.0.4\bin\jsvml.dll
Event: 0.155 Loaded shared library C:\Users\Lenovo\.jdks\corretto-21.0.4\bin\instrument.dll
Event: 0.172 Loaded shared library C:\Users\Lenovo\.jdks\corretto-21.0.4\bin\net.dll
Event: 0.174 Loaded shared library C:\Users\Lenovo\.jdks\corretto-21.0.4\bin\nio.dll
Event: 0.180 Loaded shared library C:\Users\Lenovo\.jdks\corretto-21.0.4\bin\zip.dll
Event: 0.241 Loaded shared library C:\Users\Lenovo\.jdks\corretto-21.0.4\bin\jimage.dll
Event: 0.364 Loaded shared library C:\Users\Lenovo\.jdks\corretto-21.0.4\bin\management.dll
Event: 0.372 Loaded shared library C:\Users\Lenovo\.jdks\corretto-21.0.4\bin\management_ext.dll
Event: 1.061 Loaded shared library C:\Users\Lenovo\AppData\Local\Temp\libgdxLenovo\2a9d7f76\gdx64.dll
Event: 1.093 Loaded shared library C:\Users\Lenovo\AppData\Local\Temp\lwjgl_Lenovo\3.3.3+5\x64\lwjgl.dll
Event: 1.571 Loaded shared library C:\Users\Lenovo\AppData\Local\Temp\lwjgl_Lenovo\3.3.3+5\x64\lwjgl_opengl.dll
Event: 3.722 Loaded shared library C:\Users\Lenovo\.jdks\corretto-21.0.4\bin\verify.dll
Event: 3.779 Loaded shared library C:\Users\Lenovo\.jdks\corretto-21.0.4\bin\sunmscapi.dll
Event: 3.811 Loaded shared library C:\Users\Lenovo\.jdks\corretto-21.0.4\bin\extnet.dll

Deoptimization events (20 events):
Event: 3.874 Thread 0x000001f77de34d40 DEOPT PACKING pc=0x000001f70890b4fc sp=0x0000003399efe7a0
Event: 3.874 Thread 0x000001f77de34d40 DEOPT UNPACKING pc=0x000001f70fba88e2 sp=0x0000003399efdce8 mode 1
Event: 3.874 Thread 0x000001f77de34d40 DEOPT PACKING pc=0x000001f70890b4fc sp=0x0000003399efe7a0
Event: 3.874 Thread 0x000001f77de34d40 DEOPT UNPACKING pc=0x000001f70fba88e2 sp=0x0000003399efdce8 mode 1
Event: 3.874 Thread 0x000001f77de34d40 DEOPT PACKING pc=0x000001f70890b4fc sp=0x0000003399efe7a0
Event: 3.874 Thread 0x000001f77de34d40 DEOPT UNPACKING pc=0x000001f70fba88e2 sp=0x0000003399efdce8 mode 1
Event: 3.874 Thread 0x000001f77de34d40 DEOPT PACKING pc=0x000001f70890b4fc sp=0x0000003399efe7a0
Event: 3.874 Thread 0x000001f77de34d40 DEOPT UNPACKING pc=0x000001f70fba88e2 sp=0x0000003399efdce8 mode 1
Event: 3.874 Thread 0x000001f77de34d40 DEOPT PACKING pc=0x000001f70890b4fc sp=0x0000003399efe7a0
Event: 3.874 Thread 0x000001f77de34d40 DEOPT UNPACKING pc=0x000001f70fba88e2 sp=0x0000003399efdce8 mode 1
Event: 4.605 Thread 0x000001f76b1c6470 Uncommon trap: trap_request=0xffffff45 fr.pc=0x000001f710117848 relative=0x0000000000000568
Event: 4.605 Thread 0x000001f76b1c6470 Uncommon trap: reason=unstable_if action=reinterpret pc=0x000001f710117848 method=java.util.jar.Manifest$FastInputStream.readLine([BII)I @ 106 c2
Event: 4.605 Thread 0x000001f76b1c6470 DEOPT PACKING pc=0x000001f710117848 sp=0x000000339cafd0f0
Event: 4.605 Thread 0x000001f76b1c6470 DEOPT UNPACKING pc=0x000001f70fba7da2 sp=0x000000339cafd090 mode 2
Event: 837.614 Thread 0x000001f76b1c50c0 Uncommon trap: trap_request=0xffffff45 fr.pc=0x000001f71019d84c relative=0x000000000000004c
Event: 837.614 Thread 0x000001f76b1c50c0 Uncommon trap: reason=unstable_if action=reinterpret pc=0x000001f71019d84c method=java.lang.reflect.Modifier.isProtected(I)Z @ 3 c2
Event: 837.614 Thread 0x000001f76b1c50c0 DEOPT PACKING pc=0x000001f71019d84c sp=0x000000339cbfeaf0
Event: 837.614 Thread 0x000001f76b1c50c0 DEOPT UNPACKING pc=0x000001f70fba7da2 sp=0x000000339cbfea90 mode 2
Event: 837.615 Thread 0x000001f76b1c50c0 DEOPT PACKING pc=0x000001f7088ef587 sp=0x000000339cbfec60
Event: 837.615 Thread 0x000001f76b1c50c0 DEOPT UNPACKING pc=0x000001f70fba88e2 sp=0x000000339cbfe140 mode 1

Classes loaded (20 events):
Event: 837.615 Loading class dev/dominion/ecs/api/Results$With3
Event: 837.615 Loading class dev/dominion/ecs/api/Results$With3 done
Event: 837.616 Loading class dev/dominion/ecs/engine/DataComposition$IteratorWith3
Event: 837.616 Loading class dev/dominion/ecs/engine/DataComposition$IteratorWith3 done
Event: 837.616 Loading class com/esotericsoftware/reflectasm/MethodAccess
Event: 837.616 Loading class com/esotericsoftware/reflectasm/MethodAccess done
Event: 837.617 Loading class com/esotericsoftware/reflectasm/PublicConstructorAccess
Event: 837.617 Loading class com/esotericsoftware/reflectasm/PublicConstructorAccess done
Event: 837.617 Loading class network/FrameState$Position
Event: 837.617 Loading class network/FrameState$Position done
Event: 837.617 Loading class com/esotericsoftware/kryo/util/DefaultInstantiatorStrategy$1
Event: 837.617 Loading class com/esotericsoftware/kryo/util/DefaultInstantiatorStrategy$1 done
Event: 837.619 Loading class com/badlogic/gdx/backends/lwjgl3/Lwjgl3Cursor
Event: 837.619 Loading class com/badlogic/gdx/backends/lwjgl3/Lwjgl3Cursor done
Event: 837.622 Loading class network/FrameState$Position
Event: 837.622 Loading class network/FrameState$Position done
Event: 837.645 Loading class jdk/internal/misc/Signal$1
Event: 837.645 Loading class jdk/internal/misc/Signal$1 done
Event: 837.647 Loading class java/io/FileOutputStream$1
Event: 837.647 Loading class java/io/FileOutputStream$1 done

Classes unloaded (0 events):
No events

Classes redefined (0 events):
No events

Internal exceptions (20 events):
Event: 1.573 Thread 0x000001f77de34d40 Exception <a 'sun/nio/fs/WindowsException'{0x00000007110b2088}> (0x00000007110b2088) 
thrown [s\src\hotspot\share\prims\jni.cpp, line 520]
Event: 1.573 Thread 0x000001f77de34d40 Exception <a 'sun/nio/fs/WindowsException'{0x00000007110b2370}> (0x00000007110b2370) 
thrown [s\src\hotspot\share\prims\jni.cpp, line 520]
Event: 3.684 Thread 0x000001f77de34d40 Exception <a 'java/lang/NoSuchMethodError'{0x0000000712fd0b98}: 'void java.lang.invoke.DirectMethodHandle$Holder.invokeInterface(java.lang.Object, java.lang.Object, java.lang.Object)'> (0x0000000712fd0b98) 
thrown [s\src\hotspot\share\interpreter\linkResolver.cpp, line 773]
Event: 3.745 Thread 0x000001f77de34d40 Implicit null exception at 0x000001f710171a10 to 0x000001f710172914
Event: 3.860 Thread 0x000001f77de34d40 Exception <a 'java/lang/NoSuchMethodError'{0x000000071226da58}: 'void java.lang.invoke.DirectMethodHandle$Holder.invokeVirtual(java.lang.Object, java.lang.Object)'> (0x000000071226da58) 
thrown [s\src\hotspot\share\interpreter\linkResolver.cpp, line 773]
Event: 4.672 Thread 0x000001f76b1c6470 Exception <a 'java/lang/NoSuchMethodError'{0x00000007121f6590}: 'java.lang.Object java.lang.invoke.DirectMethodHandle$Holder.invokeStaticInit(java.lang.Object, java.lang.Object, java.lang.Object, java.lang.Object, java.lang.Object, java.lang.Object, java.lang.Object)'> (0x00000007121f6590) 
thrown [s\src\hotspot\share\interpreter\linkResolver.cpp, line 773]
Event: 4.673 Thread 0x000001f76b1c6470 Exception <a 'java/lang/NoSuchMethodError'{0x00000007121fb528}: 'java.lang.Object java.lang.invoke.Invokers$Holder.invoke_MT(java.lang.Object, java.lang.Object, java.lang.Object, java.lang.Object, java.lang.Object, java.lang.Object, java.lang.Object, java.lang.Object, java.lang.Object, java.lang.Object)'> (0x00000007121fb528) 
thrown [s\src\hotspot\share\interpreter\linkResolver.cpp, line 773]
Event: 4.676 Thread 0x000001f76b1c6470 Exception <a 'java/lang/NoSuchMethodError'{0x0000000711c1d460}: 'int java.lang.invoke.DirectMethodHandle$Holder.invokeVirtual(java.lang.Object, java.lang.Object, java.lang.Object)'> (0x0000000711c1d460) 
thrown [s\src\hotspot\share\interpreter\linkResolver.cpp, line 773]
Event: 4.677 Thread 0x000001f76b1c6470 Exception <a 'java/lang/NoSuchMethodError'{0x0000000711c20b10}: 'int java.lang.invoke.DirectMethodHandle$Holder.invokeVirtual(java.lang.Object, java.lang.Object)'> (0x0000000711c20b10) 
thrown [s\src\hotspot\share\interpreter\linkResolver.cpp, line 773]
Event: 4.677 Thread 0x000001f76b1c6470 Exception <a 'java/lang/NoSuchMethodError'{0x0000000711c24908}: 'int java.lang.invoke.DirectMethodHandle$Holder.invokeStaticInit(java.lang.Object, java.lang.Object, java.lang.Object)'> (0x0000000711c24908) 
thrown [s\src\hotspot\share\interpreter\linkResolver.cpp, line 773]
Event: 4.678 Thread 0x000001f76b1c6470 Exception <a 'java/lang/NoSuchMethodError'{0x0000000711c28018}: 'int java.lang.invoke.DirectMethodHandle$Holder.invokeStaticInit(java.lang.Object, int, int)'> (0x0000000711c28018) 
thrown [s\src\hotspot\share\interpreter\linkResolver.cpp, line 773]
Event: 4.678 Thread 0x000001f76b1c6470 Exception <a 'java/lang/NoSuchMethodError'{0x0000000711c2f4f0}: 'int java.lang.invoke.DirectMethodHandle$Holder.invokeStaticInit(java.lang.Object, long, long)'> (0x0000000711c2f4f0) 
thrown [s\src\hotspot\share\interpreter\linkResolver.cpp, line 773]
Event: 4.679 Thread 0x000001f76b1c6470 Exception <a 'java/lang/NoSuchMethodError'{0x0000000711c35f68}: 'int java.lang.invoke.DirectMethodHandle$Holder.invokeStaticInit(java.lang.Object, float, float)'> (0x0000000711c35f68) 
thrown [s\src\hotspot\share\interpreter\linkResolver.cpp, line 773]
Event: 4.679 Thread 0x000001f76b1c6470 Exception <a 'java/lang/NoSuchMethodError'{0x0000000711c3c9d8}: 'int java.lang.invoke.DirectMethodHandle$Holder.invokeStaticInit(java.lang.Object, double, double)'> (0x0000000711c3c9d8) 
thrown [s\src\hotspot\share\interpreter\linkResolver.cpp, line 773]
Event: 4.680 Thread 0x000001f76b1c6470 Exception <a 'java/lang/NoSuchMethodError'{0x0000000711c40d38}: 'int java.lang.invoke.DirectMethodHandle$Holder.invokeStatic(java.lang.Object, long)'> (0x0000000711c40d38) 
thrown [s\src\hotspot\share\interpreter\linkResolver.cpp, line 773]
Event: 837.614 Thread 0x000001f76b1c50c0 Exception <a 'java/lang/IncompatibleClassChangeError'{0x0000000711f22478}: Found class java.lang.Object, but interface was expected> (0x0000000711f22478) 
thrown [s\src\hotspot\share\interpreter\linkResolver.cpp, line 840]
Event: 837.617 Thread 0x000001f76b1c6470 Exception <a 'java/lang/NoSuchMethodError'{0x0000000711c82460}: 'java.lang.Object java.lang.invoke.Invokers$Holder.invoke_MT(java.lang.Object, java.lang.Object, java.lang.Object, java.lang.Object, java.lang.Object, java.lang.Object, java.lang.Object, java.lang.Object, java.lang.Object)'> (0x0000000711c82460) 
thrown [s\src\hotspot\share\interpreter\linkResolver.cpp, line 773]
Event: 837.620 Thread 0x000001f76b1c6470 Exception <a 'java/lang/NoSuchMethodError'{0x0000000711ca0f08}: 'int java.lang.invoke.DelegatingMethodHandle$Holder.reinvoke_L(java.lang.Object, float)'> (0x0000000711ca0f08) 
thrown [s\src\hotspot\share\interpreter\linkResolver.cpp, line 773]
Event: 837.620 Thread 0x000001f77fc553b0 Exception <a 'java/lang/InterruptedException'{0x0000000711cbbcd8}: sleep interrupted> (0x0000000711cbbcd8) 
thrown [s\src\hotspot\share\prims\jvm.cpp, line 3074]
Event: 837.621 Thread 0x000001f76b1c6470 Exception <a 'java/lang/NoSuchMethodError'{0x0000000711cb85c8}: 'int java.lang.invoke.Invokers$Holder.linkToTargetMethod(java.lang.Object, java.lang.Object)'> (0x0000000711cb85c8) 
thrown [s\src\hotspot\share\interpreter\linkResolver.cpp, line 773]

ZGC Phase Switch (0 events):
No events

VM Operations (20 events):
Event: 3.930 Executing VM operation: get/set locals done
Event: 4.600 Executing VM operation: get/set locals
Event: 4.600 Executing VM operation: get/set locals done
Event: 6.600 Executing VM operation: Cleanup
Event: 6.600 Executing VM operation: Cleanup done
Event: 60.237 Executing VM operation: HandshakeAllThreads (HandshakeForDeflation)
Event: 60.237 Executing VM operation: HandshakeAllThreads (HandshakeForDeflation) done
Event: 60.238 Executing VM operation: RendezvousGCThreads
Event: 60.238 Executing VM operation: RendezvousGCThreads done
Event: 829.212 Executing VM operation: ChangeBreakpoints
Event: 829.213 Executing VM operation: ChangeBreakpoints done
Event: 837.611 Executing VM operation: ChangeBreakpoints
Event: 837.612 Executing VM operation: ChangeBreakpoints done
Event: 837.612 Executing VM operation: ChangeBreakpoints
Event: 837.612 Executing VM operation: ChangeBreakpoints done
Event: 837.612 Executing VM operation: ChangeBreakpoints
Event: 837.612 Executing VM operation: ChangeBreakpoints done
Event: 837.612 Executing VM operation: ChangeBreakpoints
Event: 837.612 Executing VM operation: ChangeBreakpoints done
Event: 837.648 Executing VM operation: Exit

Memory protections (0 events):
No events

Nmethod flushes (0 events):
No events

Events (20 events):
Event: 3.828 Thread 0x000001f77de34d40 Thread added: 0x000001f76b1c43a0
Event: 3.865 Thread 0x000001f77de34d40 Thread added: 0x000001f76b1c9260
Event: 3.867 Thread 0x000001f76b1c9260 Thread added: 0x000001f76b1c4a30
Event: 3.868 Thread 0x000001f76b1c4a30 Thread added: 0x000001f76b1c6b00
Event: 3.871 Thread 0x000001f76b1c6b00 Thread added: 0x000001f76b1c6470
Event: 3.874 Thread 0x000001f77de34d40 Thread added: 0x000001f76b1c50c0
Event: 3.884 Thread 0x000001f76b1c6470 Thread added: 0x000001f76b1c7190
Event: 4.675 Thread 0x000001f76b471ed0 Thread exited: 0x000001f76b471ed0
Event: 837.610 Thread 0x000001f71d7c96f0 Thread exited: 0x000001f71d7c96f0
Event: 837.615 Thread 0x000001f71d7c8c50 Thread exited: 0x000001f71d7c8c50
Event: 837.620 Thread 0x000001f77fc553b0 Thread exited: 0x000001f77fc553b0
Event: 837.629 Thread 0x000001f77fc6c260 Thread added: 0x000001f76b4740e0
Event: 837.635 Thread 0x000001f76b1c7190 Thread added: 0x000001f77fc553b0
Event: 837.645 Thread 0x000001f77fc4a4d0 Thread added: 0x000001f71d879200
Event: 837.646 Thread 0x000001f71d879200 Thread added: 0x000001f71d879890
Event: 837.646 Thread 0x000001f71d879200 Thread added: 0x000001f71d876aa0
Event: 837.647 Thread 0x000001f71d879890 Thread exited: 0x000001f71d879890
Event: 837.648 Thread 0x000001f71d876aa0 Thread exited: 0x000001f71d876aa0
Event: 837.648 Thread 0x000001f71d879200 Before exit entered
Event: 837.648 Thread 0x000001f77fc4a4d0 Thread exited: 0x000001f77fc4a4d0


Dynamic libraries:
0x00007ff60df00000 - 0x00007ff60df0e000 	C:\Users\Lenovo\.jdks\corretto-21.0.4\bin\java.exe
0x00007fffe4430000 - 0x00007fffe4647000 	C:\WINDOWS\SYSTEM32\ntdll.dll
0x00007fffe2d60000 - 0x00007fffe2e24000 	C:\WINDOWS\System32\KERNEL32.DLL
0x00007fffe17c0000 - 0x00007fffe1b77000 	C:\WINDOWS\System32\KERNELBASE.dll
0x00007fffe1e10000 - 0x00007fffe1f21000 	C:\WINDOWS\System32\ucrtbase.dll
0x00007fffdb700000 - 0x00007fffdb71b000 	C:\Users\Lenovo\.jdks\corretto-21.0.4\bin\VCRUNTIME140.dll
0x00007fffd6710000 - 0x00007fffd6728000 	C:\Users\Lenovo\.jdks\corretto-21.0.4\bin\jli.dll
0x00007fffe2ef0000 - 0x00007fffe309f000 	C:\WINDOWS\System32\USER32.dll
0x00007fffe2100000 - 0x00007fffe2126000 	C:\WINDOWS\System32\win32u.dll
0x00007fffc5960000 - 0x00007fffc5bf3000 	C:\WINDOWS\WinSxS\amd64_microsoft.windows.common-controls_6595b64144ccf1df_6.0.22621.3672_none_2713b9d173822955\COMCTL32.dll
0x00007fffe30a0000 - 0x00007fffe30c9000 	C:\WINDOWS\System32\GDI32.dll
0x00007fffe3300000 - 0x00007fffe33a7000 	C:\WINDOWS\System32\msvcrt.dll
0x00007fffe1cf0000 - 0x00007fffe1e08000 	C:\WINDOWS\System32\gdi32full.dll
0x00007fffe1f30000 - 0x00007fffe1fca000 	C:\WINDOWS\System32\msvcp_win.dll
0x00007fffe3920000 - 0x00007fffe3951000 	C:\WINDOWS\System32\IMM32.DLL
0x00007fffd67e0000 - 0x00007fffd67ec000 	C:\Users\Lenovo\.jdks\corretto-21.0.4\bin\vcruntime140_1.dll
0x00007fffbecf0000 - 0x00007fffbed7d000 	C:\Users\Lenovo\.jdks\corretto-21.0.4\bin\msvcp140.dll
0x00007fff299e0000 - 0x00007fff2a776000 	C:\Users\Lenovo\.jdks\corretto-21.0.4\bin\server\jvm.dll
0x00007fffe2e30000 - 0x00007fffe2ee2000 	C:\WINDOWS\System32\ADVAPI32.dll
0x00007fffe2cb0000 - 0x00007fffe2d58000 	C:\WINDOWS\System32\sechost.dll
0x00007fffe2130000 - 0x00007fffe2158000 	C:\WINDOWS\System32\bcrypt.dll
0x00007fffe3170000 - 0x00007fffe3284000 	C:\WINDOWS\System32\RPCRT4.dll
0x00007fffe30f0000 - 0x00007fffe3161000 	C:\WINDOWS\System32\WS2_32.dll
0x00007fffe0ed0000 - 0x00007fffe0f1d000 	C:\WINDOWS\SYSTEM32\POWRPROF.dll
0x00007fffda3b0000 - 0x00007fffda3e4000 	C:\WINDOWS\SYSTEM32\WINMM.dll
0x00007fffd16a0000 - 0x00007fffd16aa000 	C:\WINDOWS\SYSTEM32\VERSION.dll
0x00007fffe0eb0000 - 0x00007fffe0ec3000 	C:\WINDOWS\SYSTEM32\UMPDC.dll
0x00007fffe0750000 - 0x00007fffe0768000 	C:\WINDOWS\SYSTEM32\kernel.appcore.dll
0x00007fffd6700000 - 0x00007fffd670a000 	C:\Users\Lenovo\.jdks\corretto-21.0.4\bin\jimage.dll
0x00007fffdedf0000 - 0x00007fffdf022000 	C:\WINDOWS\SYSTEM32\DBGHELP.DLL
0x00007fffe34b0000 - 0x00007fffe383e000 	C:\WINDOWS\System32\combase.dll
0x00007fffe3840000 - 0x00007fffe3917000 	C:\WINDOWS\System32\OLEAUT32.dll
0x00007fffd0690000 - 0x00007fffd06c2000 	C:\WINDOWS\SYSTEM32\dbgcore.DLL
0x00007fffe1740000 - 0x00007fffe17bb000 	C:\WINDOWS\System32\bcryptPrimitives.dll
0x00007fffbec60000 - 0x00007fffbec9c000 	C:\Users\Lenovo\.jdks\corretto-21.0.4\bin\jdwp.dll
0x00007fffc13a0000 - 0x00007fffc13ae000 	C:\Users\Lenovo\.jdks\corretto-21.0.4\bin\instrument.dll
0x00007fffd4b60000 - 0x00007fffd4b7f000 	C:\Users\Lenovo\.jdks\corretto-21.0.4\bin\java.dll
0x00007fffc13b0000 - 0x00007fffc13c8000 	C:\Users\Lenovo\.jdks\corretto-21.0.4\bin\zip.dll
0x00007fffe3b80000 - 0x00007fffe43e9000 	C:\WINDOWS\System32\SHELL32.dll
0x00007fffdf660000 - 0x00007fffdff5f000 	C:\WINDOWS\SYSTEM32\windows.storage.dll
0x00007fffdf520000 - 0x00007fffdf65f000 	C:\WINDOWS\SYSTEM32\wintypes.dll
0x00007fffe2660000 - 0x00007fffe2759000 	C:\WINDOWS\System32\SHCORE.dll
0x00007fffe32a0000 - 0x00007fffe32fe000 	C:\WINDOWS\System32\shlwapi.dll
0x00007fffe1670000 - 0x00007fffe1697000 	C:\WINDOWS\SYSTEM32\profapi.dll
0x00007fffa5860000 - 0x00007fffa5937000 	C:\Users\Lenovo\.jdks\corretto-21.0.4\bin\jsvml.dll
0x00007fffc1350000 - 0x00007fffc135b000 	C:\Users\Lenovo\.jdks\corretto-21.0.4\bin\dt_socket.dll
0x00007fffe01c0000 - 0x00007fffe01ed000 	C:\WINDOWS\SYSTEM32\IPHLPAPI.DLL
0x00007fffe0bb0000 - 0x00007fffe0c19000 	C:\WINDOWS\system32\mswsock.dll
0x00007fffc6660000 - 0x00007fffc6670000 	C:\Users\Lenovo\.jdks\corretto-21.0.4\bin\net.dll
0x00007fffdcf20000 - 0x00007fffdd056000 	C:\WINDOWS\SYSTEM32\WINHTTP.dll
0x00007fffc1400000 - 0x00007fffc1416000 	C:\Users\Lenovo\.jdks\corretto-21.0.4\bin\nio.dll
0x00007fffbfd80000 - 0x00007fffbfd89000 	C:\Users\Lenovo\.jdks\corretto-21.0.4\bin\management.dll
0x00007fffbfd70000 - 0x00007fffbfd7b000 	C:\Users\Lenovo\.jdks\corretto-21.0.4\bin\management_ext.dll
0x00007fffe2280000 - 0x00007fffe2288000 	C:\WINDOWS\System32\PSAPI.DLL
0x00007fffab550000 - 0x00007fffab567000 	C:\WINDOWS\system32\napinsp.dll
0x00007fffa2b60000 - 0x00007fffa2b7b000 	C:\WINDOWS\system32\pnrpnsp.dll
0x00007fffe0230000 - 0x00007fffe0332000 	C:\WINDOWS\SYSTEM32\DNSAPI.dll
0x00007fffe2760000 - 0x00007fffe2769000 	C:\WINDOWS\System32\NSI.dll
0x00007fffa2b40000 - 0x00007fffa2b51000 	C:\WINDOWS\System32\winrnr.dll
0x00007fffd5e30000 - 0x00007fffd5e45000 	C:\WINDOWS\system32\wshbth.dll
0x00007fffa30d0000 - 0x00007fffa30f7000 	C:\WINDOWS\system32\nlansp_c.dll
0x00007fffd4880000 - 0x00007fffd488a000 	C:\Windows\System32\rasadhlp.dll
0x00007fffd6420000 - 0x00007fffd64a3000 	C:\WINDOWS\System32\fwpuclnt.dll
0x00007fffe0ff0000 - 0x00007fffe100b000 	C:\WINDOWS\SYSTEM32\CRYPTSP.dll
0x00007fffe06b0000 - 0x00007fffe06e5000 	C:\WINDOWS\system32\rsaenh.dll
0x00007fffe0c50000 - 0x00007fffe0c78000 	C:\WINDOWS\SYSTEM32\USERENV.dll
0x00007fffe0fd0000 - 0x00007fffe0fdc000 	C:\WINDOWS\SYSTEM32\CRYPTBASE.dll
0x000000006e700000 - 0x000000006e72d000 	C:\Users\Lenovo\AppData\Local\Temp\libgdxLenovo\2a9d7f76\gdx64.dll
0x00007fffa54e0000 - 0x00007fffa555b000 	C:\Users\Lenovo\AppData\Local\Temp\lwjgl_Lenovo\3.3.3+5\x64\lwjgl.dll
0x00007fff4a640000 - 0x00007fff4a8b0000 	C:\Users\Lenovo\AppData\Local\Temp\lwjgl_Lenovo\3.3.3+5\x64\jemalloc.dll
0x00007fffa5450000 - 0x00007fffa54d2000 	C:\Users\Lenovo\AppData\Local\Temp\lwjgl_Lenovo\3.3.3+5\x64\glfw.dll
0x00007fffbec10000 - 0x00007fffbec56000 	C:\WINDOWS\SYSTEM32\dinput8.dll
0x00007fffbead0000 - 0x00007fffbeae1000 	C:\WINDOWS\SYSTEM32\xinput1_4.dll
0x00007fffe1430000 - 0x00007fffe147e000 	C:\WINDOWS\SYSTEM32\cfgmgr32.dll
0x00007fffe1400000 - 0x00007fffe142c000 	C:\WINDOWS\SYSTEM32\DEVOBJ.dll
0x00007fffde7e0000 - 0x00007fffde80b000 	C:\WINDOWS\SYSTEM32\dwmapi.dll
0x00007fffc78b0000 - 0x00007fffc7ac3000 	C:\WINDOWS\SYSTEM32\inputhost.dll
0x00007fffdbe70000 - 0x00007fffdbfa3000 	C:\WINDOWS\SYSTEM32\CoreMessaging.dll
0x00007fffde560000 - 0x00007fffde611000 	C:\WINDOWS\system32\uxtheme.dll
0x00007fffe2340000 - 0x00007fffe249f000 	C:\WINDOWS\System32\MSCTF.dll
0x00007fff37050000 - 0x00007fff37217000 	C:\Users\Lenovo\AppData\Local\Temp\lwjgl_Lenovo\3.3.3+5\x64\OpenAL.dll
0x00007fffe39b0000 - 0x00007fffe3b55000 	C:\WINDOWS\System32\ole32.dll
0x00007fffe2290000 - 0x00007fffe2340000 	C:\WINDOWS\System32\clbcatq.dll
0x00007fffce4e0000 - 0x00007fffce57e000 	C:\WINDOWS\System32\MMDevApi.dll
0x00007fffc1ee0000 - 0x00007fffc20cd000 	C:\WINDOWS\SYSTEM32\AUDIOSES.DLL
0x00007fffdece0000 - 0x00007fffdecf5000 	C:\WINDOWS\SYSTEM32\resourcepolicyclient.dll
0x00007fff995f0000 - 0x00007fff996f0000 	C:\WINDOWS\SYSTEM32\opengl32.dll
0x00007fffab1a0000 - 0x00007fffab1cd000 	C:\WINDOWS\SYSTEM32\GLU32.dll
0x00007fffde690000 - 0x00007fffde6c7000 	C:\WINDOWS\SYSTEM32\dxcore.dll
0x00007fffd5dc0000 - 0x00007fffd5e09000 	C:\WINDOWS\SYSTEM32\directxdatabasehelper.dll
0x00007fffd6290000 - 0x00007fffd63d4000 	C:\Windows\System32\AppXDeploymentClient.dll
0x00007fff222a0000 - 0x00007fff23278000 	C:\WINDOWS\System32\DriverStore\FileRepository\iigd_dch.inf_amd64_c529b210005a7e19\igxelpicd64.dll
0x00007fffde6d0000 - 0x00007fffde7c7000 	C:\WINDOWS\system32\dxgi.dll
0x00007fff49670000 - 0x00007fff497ae000 	C:\WINDOWS\System32\DriverStore\FileRepository\iigd_dch.inf_amd64_c529b210005a7e19\igdml64.dll
0x00007fffd0ff0000 - 0x00007fffd13e0000 	C:\WINDOWS\System32\DriverStore\FileRepository\iigd_dch.inf_amd64_c529b210005a7e19\igdgmm64.dll
0x00007fffc7ee0000 - 0x00007fffcc524000 	C:\WINDOWS\System32\DriverStore\FileRepository\iigd_dch.inf_amd64_c529b210005a7e19\igc64.dll
0x00007fffae0b0000 - 0x00007fffae10e000 	C:\Users\Lenovo\AppData\Local\Temp\lwjgl_Lenovo\3.3.3+5\x64\lwjgl_opengl.dll
0x00007fffc7450000 - 0x00007fffc7593000 	C:\WINDOWS\SYSTEM32\textinputframework.dll
0x00007fffd55c0000 - 0x00007fffd592d000 	C:\WINDOWS\SYSTEM32\CoreUIComponents.dll
0x00007fffbeb10000 - 0x00007fffbeb20000 	C:\Users\Lenovo\.jdks\corretto-21.0.4\bin\verify.dll
0x00007fffbfd60000 - 0x00007fffbfd6e000 	C:\Users\Lenovo\.jdks\corretto-21.0.4\bin\sunmscapi.dll
0x00007fffe1b80000 - 0x00007fffe1ce6000 	C:\WINDOWS\System32\CRYPT32.dll
0x00007fffe10e0000 - 0x00007fffe110e000 	C:\WINDOWS\SYSTEM32\ncrypt.dll
0x00007fffe10a0000 - 0x00007fffe10d7000 	C:\WINDOWS\SYSTEM32\NTASN1.dll
0x00007fffbbd00000 - 0x00007fffbbd08000 	C:\WINDOWS\system32\wshunix.dll
0x00007fffbedd0000 - 0x00007fffbedd9000 	C:\Users\Lenovo\.jdks\corretto-21.0.4\bin\extnet.dll

dbghelp: loaded successfully - version: 4.0.5 - missing functions: none
symbol engine: initialized successfully - sym options: 0x614 - pdb path: .;C:\Users\Lenovo\.jdks\corretto-21.0.4\bin;C:\WINDOWS\SYSTEM32;C:\WINDOWS\WinSxS\amd64_microsoft.windows.common-controls_6595b64144ccf1df_6.0.22621.3672_none_2713b9d173822955;C:\Users\Lenovo\.jdks\corretto-21.0.4\bin\server;C:\Users\Lenovo\AppData\Local\Temp\libgdxLenovo\2a9d7f76;C:\Users\Lenovo\AppData\Local\Temp\lwjgl_Lenovo\3.3.3+5\x64;C:\WINDOWS\System32\DriverStore\FileRepository\iigd_dch.inf_amd64_c529b210005a7e19

VM Arguments:
jvm_args: -agentlib:jdwp=transport=dt_socket,address=127.0.0.1:13964,suspend=y,server=n -javaagent:C:\Users\Lenovo\AppData\Local\JetBrains\IntelliJIdea2024.1\captureAgent\debugger-agent.jar -Dfile.encoding=UTF-8 -Dsun.stdout.encoding=UTF-8 -Dsun.stderr.encoding=UTF-8 
java_command: jumper.game.DesktopLauncher
java_class_path (initial): C:\Users\Lenovo\Desktop\class\advancedJava\my-java\nju-java-programming\jwork-05-mywork\rougelikegame\client\target\classes;C:\Users\Lenovo\.m2\repository\com\badlogicgames\gdx\gdx\1.12.1\gdx-1.12.1.jar;C:\Users\Lenovo\.m2\repository\com\badlogicgames\gdx\gdx-jnigen-loader\2.3.1\gdx-jnigen-loader-2.3.1.jar;C:\Users\Lenovo\.m2\repository\com\badlogicgames\gdx\gdx-platform\1.12.1\gdx-platform-1.12.1-natives-desktop.jar;C:\Users\Lenovo\.m2\repository\com\badlogicgames\gdx\gdx-backend-lwjgl3\1.12.1\gdx-backend-lwjgl3-1.12.1.jar;C:\Users\Lenovo\.m2\repository\org\lwjgl\lwjgl\3.3.3\lwjgl-3.3.3.jar;C:\Users\Lenovo\.m2\repository\org\lwjgl\lwjgl\3.3.3\lwjgl-3.3.3-natives-linux.jar;C:\Users\Lenovo\.m2\repository\org\lwjgl\lwjgl\3.3.3\lwjgl-3.3.3-natives-linux-arm32.jar;C:\Users\Lenovo\.m2\repository\org\lwjgl\lwjgl\3.3.3\lwjgl-3.3.3-natives-linux-arm64.jar;C:\Users\Lenovo\.m2\repository\org\lwjgl\lwjgl\3.3.3\lwjgl-3.3.3-natives-macos.jar;C:\Users\Lenovo\.m2\repository\org\lwjgl\lwjgl\3.3.3\lwjgl-3.3.3-natives-macos-arm64.jar;C:\Users\Lenovo\.m2\repository\org\lwjgl\lwjgl\3.3.3\lwjgl-3.3.3-natives-windows.jar;C:\Users\Lenovo\.m2\repository\org\lwjgl\lwjgl\3.3.3\lwjgl-3.3.3-natives-windows-x86.jar;C:\Users\Lenovo\.m2\repository\org\lwjgl\lwjgl-glfw\3.3.3\lwjgl-glfw-3.3.3.jar;C:\Users\Lenovo\.m2\repository\org\lwjgl\lwjgl-glfw\3.3.3\lwjgl-glfw-3.3.3-natives-linux.jar;C:\Users\Lenovo\.m2\repository\org\lwjgl\lwjgl-glfw\3.3.3\lwjgl-glfw-3.3.3-natives-linux-arm32.jar;C:\Users\Lenovo\.m2\repository\org\lwjgl\lwjgl-glfw\3.3.3\lwjgl-glfw-3.3.3-natives-linux-arm64.jar;C:\Users\Lenovo\.m2\repository\org\lwjgl\lwjgl-glfw\3.3.3\lwjgl-glfw-3.3.3-natives-macos.jar;C:\Users\Lenovo\.m2\repository\org\lwjgl\lwjgl-glfw\3.3.3\lwjgl-glfw-3.3.3-natives-macos-arm64.jar;C:\Users\Lenovo\.m2\repository\org\lwjgl\lwjgl-glfw\3.3.3\lwjgl-glfw-3.3.3-natives-windows.jar;C:\Users\Lenovo\.m2\repository\org\lwjgl\lwjgl-glfw\3.3.3\lwjgl-glfw-3.3.3-natives-windows-x86.jar;C:\Users\Lenovo\.m2\repository\org\lwjgl\lwjgl-jemalloc\3.3.3\lwjgl-jemalloc-3.3.3.jar;C:\Users\Lenovo\.m2\repository\org\lwjgl\lwjgl-jemalloc\3.3.3\lwjgl-jemalloc-3.3.3-natives-linux.jar;C:\Users\Lenovo\.m2\repository\org\lwjgl\lwjgl-jemalloc\3.3.3\lwjgl-jemalloc-3.3.3-natives-linux-arm32.jar;C:\Users\Lenovo\.m2\repository\org\lwjgl\lwjgl-jemalloc\3.3.3\lwjgl-jemalloc-3.3.3-natives-linux-arm64.jar;C:\Users\Lenovo\.m2\repository\org\lwjgl\lwjgl-jemalloc\3.3.3\lwjgl-jemalloc-3.3.3-natives-macos.jar;C:\Users\Lenovo\.m2\repository\org\lwjgl\lwjgl-jemalloc\3.3.3\lwjgl-jemalloc-3.3.3-natives-macos-arm64.jar;C:\Users\Lenovo\.m2\repository\org\lwjgl\lwjgl-jemalloc\3.3.3\lwjgl-jemalloc-3.3.3-natives-windows.jar;C:\Users\Lenovo\.m2\repository\org\lwjgl\lwjgl-jemalloc\3.3.3\lwjgl-jemalloc-3.3.3-natives-windows-x86.jar;C:\Users\Lenovo\.m2\repository\org\lwjgl\lwjgl-openal\3.3.3\lwjgl-openal-3.3.3.jar;C:\Users\Lenovo\.m2\repository\org\lwjgl\lwjgl-openal\3.3.3\lwjgl-openal-3.3.3-natives-linux.jar;C:\Users\Lenovo\.m2\repository\org\lwjgl\lwjgl-openal\3.3.3\lwjgl-openal-3.3.3-natives-linux-arm32.jar;C:\Users\Lenovo\.m2\repository\org\lwjgl\lwjgl-openal\3.3.3\lwjgl-openal-3.3.3-natives-linux-arm64.jar;C:\Users\Lenovo\.m2\repository\org\lwjgl\lwjgl-openal\3.3.3\lwjgl-openal-3.3.3-natives-macos.jar;C:\Users\Lenovo\.m2\repository\org\lwjgl\lwjgl-openal\3.3.3\lwjgl-openal-3.3.3-natives-macos-arm64.jar;C:\Users\Lenovo\.m2\repository\org\lwjgl\lwjgl-openal\3.3.3\lwjgl-openal-3.3.3-natives-windows.jar;C:\Users\Lenovo\.m2\repository\org\lwjgl\lwjgl-openal\3.3.3\lwjgl-openal-3.3.3-natives-windows-x86.jar;C:\Users\Lenovo\.m2\repository\org\lwjgl\lwjgl-opengl\3.3.3\lwjgl-opengl-3.3.3.jar;C:\Users\Lenovo\.m2\repository\org\lwjgl\lwjgl-opengl\3.3.3\lwjgl-opengl-3.3.3-natives-linux.jar;C:\Users\Lenovo\.m2\repository\org\lwjgl\lwjgl-opengl\3.3.3\lwjgl-opengl-3.3.3-natives-linux-arm32.jar;C:\Users\Lenovo\.m2\repository\org\lwjgl\lwjgl-opengl\3.3.3\lwjgl-opengl-3.3.3-natives-linux-arm64.jar;C:\Users\Lenovo\.m2\repository\org\lwjgl\lwjgl-opengl\3.3.3\lwjgl-opengl-3.3.3-natives-macos.jar;C:\Users\Lenovo\.m2\repository\org\lwjgl\lwjgl-opengl\3.3.3\lwjgl-opengl-3.3.3-natives-macos-arm64.jar;C:\Users\Lenovo\.m2\repository\org\lwjgl\lwjgl-opengl\3.3.3\lwjgl-opengl-3.3.3-natives-windows.jar;C:\Users\Lenovo\.m2\repository\org\lwjgl\lwjgl-opengl\3.3.3\lwjgl-opengl-3.3.3-natives-windows-x86.jar;C:\Users\Lenovo\.m2\repository\org\lwjgl\lwjgl-stb\3.3.3\lwjgl-stb-3.3.3.jar;C:\Users\Lenovo\.m2\repository\org\lwjgl\lwjgl-stb\3.3.3\lwjgl-stb-3.3.3-natives-linux.jar;C:\Users\Lenovo\.m2\repository\org\lwjgl\lwjgl-stb\3.3.3\lwjgl-stb-3.3.3-natives-linux-arm32.jar;C:\Users\Lenovo\.m2\repository\org\lwjgl\lwjgl-stb\3.3.3\lwjgl-stb-3.3.3-natives-linux-arm64.jar;C:\Users\Lenovo\.m2\repository\org\lwjgl\lwjgl-stb\3.3.3\lwjgl-stb-3.3.3-natives-macos.jar;C:\Users\Lenovo\.m2\repository\org\lwjgl\lwjgl-stb\3.3.3\lwjgl-stb-3.3.3-natives-macos-arm64.jar;C:\Users\Lenovo\.m2\repository\org\lwjgl\lwjgl-stb\3.3.3\lwjgl-stb-3.3.3-natives-windows.jar;C:\Users\Lenovo\.m2\repository\org\lwjgl\lwjgl-stb\3.3.3\lwjgl-stb-3.3.3-natives-windows-x86.jar;C:\Users\Lenovo\.m2\repository\com\badlogicgames\jlayer\jlayer\1.0.1-gdx\jlayer-1.0.1-gdx.jar;C:\Users\Lenovo\.m2\repository\org\jcraft\jorbis\0.0.17\jorbis-0.0.17.jar;C:\Users\Lenovo\.m2\repository\com\badlogicgames\gdx\gdx-ai\1.8.2\gdx-ai-1.8.2.jar;C:\Users\Lenovo\.m2\repository\com\badlogicgames\gdx\gdx-freetype\1.12.1\gdx-freetype-1.12.1.jar;C:\Users\Lenovo\.m2\repository\com\github\crykn\kryonet\2.22.8\kryonet-2.22.8.jar;C:\Users\Lenovo\.m2\repository\com\github\EsotericSoftware\jsonbeans\c3520fcc51\jsonbeans-c3520fcc51.jar;C:\Users\Lenovo\.m2\repository\com\esotericsoftware\kryo\5.4.0\kryo-5.4.0.jar;C:\Users\Lenovo\.m2\repository\com\esotericsoftware\reflectasm\1.11.9\reflectasm-1.11.9.jar;C:\Users\Lenovo\.m2\repository\com\esotericsoftware\minlog\1.3.1\minlog-1.3.1.jar;C:\Users\Lenovo\.m2\repository\kryonet\kryonet\2.21\kryonet-2.21.jar;C:\Users\Lenovo\.m2\repository\com\esotericsoftware\reflectasm\reflectasm\1.07\reflectasm-1.07-shaded.jar;C:\Users\Lenovo\.m2\repository\com\esotericsoftware\minlog\minlog\1.2\minlog-1.2.jar;C:\Users\Lenovo\.m2\repository\org\objenesis\objenesis\2.1\objenesis-2.1.jar;C:\Users\Lenovo\Desktop\class\advancedJava\my-java\nju-java-programming\jwork-05-mywork\rougelikegame\common\target\classes;C:\Users\Lenovo\Desktop\class\advancedJava\my-java\nju-java-programming\jwork-05-mywork\rougelikegame\server\target\classes;C:\Users\Lenovo\.m2\repository\dev\dominion\ecs\dominion-ecs-engine\0.9.0\dominion-ecs-engine-0.9.0.jar;C:\Users\Lenovo\.m2\repository\dev\dominion\ecs\dominion-ecs-api\0.9.0\dominion-ecs-api-0.9.0.jar;C:\Users\Lenovo\.m2\repository\org\jetbrains\annotations\16.0.3\annotations-16.0.3.jar;C:\Users\Lenovo\.m2\repository\org\apache\logging\log4j\log4j-api\2.12.4\log4j-api-2.12.4.jar;C:\Users\Lenovo\.m2\repository\org\apache\logging\log4j\log4j-core\2.12.4\log4j-core-2.12.4.jar;C:\Users\Lenovo\AppData\Local\Programs\IntelliJ IDEA Ultimate\lib\idea_rt.jar
Launcher Type: SUN_STANDARD

[Global flags]
     intx CICompilerCount                          = 4                                         {product} {ergonomic}
     uint ConcGCThreads                            = 2                                         {product} {ergonomic}
     uint G1ConcRefinementThreads                  = 8                                         {product} {ergonomic}
   size_t G1HeapRegionSize                         = 2097152                                   {product} {ergonomic}
    uintx GCDrainStackTargetSize                   = 64                                        {product} {ergonomic}
   size_t InitialHeapSize                          = 266338304                                 {product} {ergonomic}
   size_t MarkStackSize                            = 4194304                                   {product} {ergonomic}
   size_t MaxHeapSize                              = 4242538496                                {product} {ergonomic}
   size_t MaxNewSize                               = 2543845376                                {product} {ergonomic}
   size_t MinHeapDeltaBytes                        = 2097152                                   {product} {ergonomic}
   size_t MinHeapSize                              = 8388608                                   {product} {ergonomic}
    uintx NonNMethodCodeHeapSize                   = 5839372                                {pd product} {ergonomic}
    uintx NonProfiledCodeHeapSize                  = 122909434                              {pd product} {ergonomic}
    uintx ProfiledCodeHeapSize                     = 122909434                              {pd product} {ergonomic}
    uintx ReservedCodeCacheSize                    = 251658240                              {pd product} {ergonomic}
     bool SegmentedCodeCache                       = true                                      {product} {ergonomic}
   size_t SoftMaxHeapSize                          = 4242538496                             {manageable} {ergonomic}
     bool UseCompressedOops                        = true                           {product lp64_product} {ergonomic}
     bool UseG1GC                                  = true                                      {product} {ergonomic}
     bool UseLargePagesIndividualAllocation        = false                                  {pd product} {ergonomic}

Logging:
Log output configuration:
 #0: stdout all=off uptime,level,tags foldmultilines=false
 #1: stderr all=off uptime,level,tags foldmultilines=false

Environment Variables:
PATH=C:\Program Files\Addinsoft\XLSTAT\;C:\Windows\system32;C:\Windows;C:\Windows\System32\Wbem;C:\Windows\System32\WindowsPowerShell\v1.0\;C:\Windows\System32\OpenSSH\;C:\Program Files\NVIDIA Corporation\NVIDIA NvDLISR;C:\Program Files (x86)\NVIDIA Corporation\PhysX\Common;C:\WINDOWS\system32;C:\WINDOWS;C:\WINDOWS\System32\Wbem;C:\WINDOWS\System32\WindowsPowerShell\v1.0\;C:\WINDOWS\System32\OpenSSH\;C:\Program Files\dotnet\;C:\Program Files\Git\cmd;C:\Users\Lenovo\.jdks\openjdk-21.0.2\bin;C:\Users\Lenovo\AppData\Local\Programs\Python\Python312;C:\Users\Lenovo\AppData\Local\Programs\Python\Launcher\;C:\Users\Lenovo\AppData\Local\Microsoft\WindowsApps;C:\Users\Lenovo\AppData\Local\JetBrains\Toolbox\scripts;C:\Users\Lenovo\AppData\Local\Programs\Microsoft VS Code\bin
USERNAME=Lenovo
OS=Windows_NT
PROCESSOR_IDENTIFIER=Intel64 Family 6 Model 140 Stepping 1, GenuineIntel
TMP=C:\Users\Lenovo\AppData\Local\Temp
TEMP=C:\Users\Lenovo\AppData\Local\Temp




Periodic native trim disabled

---------------  S Y S T E M  ---------------

OS:
 Windows 11 , 64 bit Build 22621 (10.0.22621.3958)
OS uptime: 7 days 1:17 hours
Hyper-V role detected

CPU: total 8 (initial active 8) (4 cores per cpu, 2 threads per core) family 6 model 140 stepping 1 microcode 0x66, cx8, cmov, fxsr, ht, mmx, 3dnowpref, sse, sse2, sse3, ssse3, sse4.1, sse4.2, popcnt, lzcnt, tsc, tscinvbit, avx, avx2, aes, erms, clmul, bmi1, bmi2, adx, avx512f, avx512dq, avx512cd, avx512bw, avx512vl, sha, fma, vzeroupper, avx512_vpopcntdq, avx512_vpclmulqdq, avx512_vaes, avx512_vnni, clflush, clflushopt, clwb, avx512_vbmi2, avx512_vbmi, hv, rdtscp, rdpid, fsrm, gfni, avx512_bitalg, f16c, cet_ibt, cet_ss, avx512_ifma
Processor Information for all 8 processors :
  Max Mhz: 2419, Current Mhz: 2419, Mhz Limit: 2419

Memory: 4k page, system-wide physical 16183M (3998M free)
TotalPageFile size 28471M (AvailPageFile size 6863M)
current process WorkingSet (physical memory assigned to process): 379M, peak: 404M
current process commit charge ("private bytes"): 569M, peak: 593M

vm_info: OpenJDK 64-Bit Server VM (21.0.4+7-LTS) for windows-amd64 JRE (21.0.4+7-LTS), built on 2024-07-10T17:34:29Z by "Administrator" with MS VC++ 16.10 / 16.11 (VS2019)

END.
