#
# A fatal error has been detected by the Java Runtime Environment:
#
#  EXCEPTION_ACCESS_VIOLATION (0xc0000005) at pc=0x00007fff1f23c3a2, pid=25448, tid=16268
#
# JRE version: OpenJDK Runtime Environment Corretto-21.0.4.7.1 (21.0.4+7) (build 21.0.4+7-LTS)
# Java VM: OpenJDK 64-Bit Server VM Corretto-21.0.4.7.1 (21.0.4+7-LTS, mixed mode, sharing, tiered, compressed oops, compressed class ptrs, g1 gc, windows-amd64)
# Problematic frame:
# C  [igxelpicd64.dll+0x2bc3a2]
#
# No core dump will be written. Minidumps are not enabled by default on client versions of Windows
#
# If you would like to submit a bug report, please visit:
#   https://github.com/corretto/corretto-21/issues/
#

---------------  S U M M A R Y ------------

Command Line: -agentlib:jdwp=transport=dt_socket,address=127.0.0.1:1026,suspend=y,server=n -javaagent:C:\Users\Lenovo\AppData\Local\JetBrains\IntelliJIdea2024.1\captureAgent\debugger-agent.jar -Dfile.encoding=UTF-8 -Dsun.stdout.encoding=UTF-8 -Dsun.stderr.encoding=UTF-8 jumper.game.DesktopLauncher

Host: 11th Gen Intel(R) Core(TM) i5-1135G7 @ 2.40GHz, 8 cores, 15G,  Windows 11 , 64 bit Build 22621 (10.0.22621.3958)
Time: Sun Sep 29 16:46:04 2024  Windows 11 , 64 bit Build 22621 (10.0.22621.3958) elapsed time: 23.189110 seconds (0d 0h 0m 23s)

---------------  T H R E A D  ---------------

Current thread (0x00000291add157f0):  VMThread "VM Thread"          [id=16268, stack(0x000000d8fcb00000,0x000000d8fcc00000) (1024K)]

Stack: [0x000000d8fcb00000,0x000000d8fcc00000],  sp=0x000000d8fcbfe2d0,  free space=1016k
Native frames: (J=compiled Java code, j=interpreted, Vv=VM code, C=native code)
C  [igxelpicd64.dll+0x2bc3a2]


siginfo: EXCEPTION_ACCESS_VIOLATION (0xc0000005), reading address 0x0000000000035888


Registers:
RAX=0x00000291fa888818, RBX=0x00000291fa888710, RCX=0x0000000000000000, RDX=0x00000000fffffff0
RSP=0x000000d8fcbfe2d0, RBP=0x0000000000000000, RSI=0x00000291fa888ce0, RDI=0x00000291f499e5b0
R8 =0x0000000000000014, R9 =0x0000000000000000, R10=0x0000000000000000, R11=0x0000000000000246
R12=0x00000291f4b87e00, R13=0x0000000000000000, R14=0x0000000000000000, R15=0x0000000000000016
RIP=0x00007fff1f23c3a2, EFLAGS=0x0000000000010206


Register to memory mapping:

RAX=0x00000291fa888818 points into unknown readable memory: 0x0000000000000052 | 52 00 00 00 00 00 00 00
RBX=0x00000291fa888710 points into unknown readable memory: 0x00000291f4962aa0 | a0 2a 96 f4 91 02 00 00
RCX=0x0 is null
RDX=0x00000000fffffff0 is an unknown value
RSP=0x000000d8fcbfe2d0 points into unknown readable memory: 0x00000291f49bfc30 | 30 fc 9b f4 91 02 00 00
RBP=0x0 is null
RSI=0x00000291fa888ce0 points into unknown readable memory: 0x0000000000000000 | 00 00 00 00 00 00 00 00
RDI=0x00000291f499e5b0 points into unknown readable memory: 0x00000291f47df100 | 00 f1 7d f4 91 02 00 00
R8 =0x0000000000000014 is an unknown value
R9 =0x0 is null
R10=0x0 is null
R11=0x0000000000000246 is an unknown value
R12=0x00000291f4b87e00 points into unknown readable memory: 0x00000291f4b87a90 | 90 7a b8 f4 91 02 00 00
R13=0x0 is null
R14=0x0 is null
R15=0x0000000000000016 is an unknown value

Top of Stack: (sp=0x000000d8fcbfe2d0)
0x000000d8fcbfe2d0:   00000291f49bfc30 0000000000000000
0x000000d8fcbfe2e0:   9be803209bd602f4 00007fffe44d4114
0x000000d8fcbfe2f0:   bdf20326d4f002ba 00000140000c02c4
0x000000d8fcbfe300:   00ae416000b4114b 00da0f72028f3563
0x000000d8fcbfe310:   0000000000000014 0000000000000053
0x000000d8fcbfe320:   0000b802195e0000 00000291f4b87e58
0x000000d8fcbfe330:   0000000000000000 0000000000000000
0x000000d8fcbfe340:   000000d8fcbfe450 00007fff1f22bdb7
0x000000d8fcbfe350:   00000291f49bfc30 00000291f499e5b0
0x000000d8fcbfe360:   000000d8fcbfe400 000000d8fcbfe400
0x000000d8fcbfe370:   000000d8000009e0 00007fff00000000
0x000000d8fcbfe380:   0000000000000000 00007fffe44c1db1
0x000000d8fcbfe390:   000000d8fcbfe578 00007fffe444d874
0x000000d8fcbfe3a0:   000002918c650b64 00000000000000c0
0x000000d8fcbfe3b0:   000002918c650b7c 000002918c650b38
0x000000d8fcbfe3c0:   000000d8fcbfe4d8 000000d8fcbfe718
0x000000d8fcbfe3d0:   000000d8fbe6a000 00007fffe444dcd6
0x000000d8fcbfe3e0:   000002918c640000 00007fff1f23e1dc
0x000000d8fcbfe3f0:   0000000200000101 0000000000000000
0x000000d8fcbfe400:   0000b802195e0000 00000000000009e0
0x000000d8fcbfe410:   0000000000000000 4000170000000001
0x000000d8fcbfe420:   0000000000000000 0000000000000000
0x000000d8fcbfe430:   0000000000000000 0000000000000000
0x000000d8fcbfe440:   0000000000000000 0000000000000000
0x000000d8fcbfe450:   0000000000000000 0000000000000000
0x000000d8fcbfe460:   0000000000000000 0000000000000000
0x000000d8fcbfe470:   0000000000000000 0000000000000000
0x000000d8fcbfe480:   0000000000000000 0000000000000000
0x000000d8fcbfe490:   0000000000000000 0000000000000000
0x000000d8fcbfe4a0:   0000000000000000 0000000000000000
0x000000d8fcbfe4b0:   0000000000000000 0000000000000000
0x000000d8fcbfe4c0:   0000000000000000 0000000000000000 

Instructions: (pc=0x00007fff1f23c3a2)
0x00007fff1f23c2a2:   8b fa 48 8b e9 48 8b 1d ba e4 c5 00 48 89 58 08
0x00007fff1f23c2b2:   48 8b cb ff 15 4d ee 7e 00 90 4c 8b af 78 02 00
0x00007fff1f23c2c2:   00 48 8b 05 16 be b5 00 44 8b b8 90 0b 00 00 45
0x00007fff1f23c2d2:   33 d2 45 8a f2 4c 89 97 78 02 00 00 44 89 97 80
0x00007fff1f23c2e2:   02 00 00 4c 89 97 98 02 00 00 4c 89 97 88 02 00
0x00007fff1f23c2f2:   00 48 85 ed 75 38 8b 35 62 be c5 00 65 48 8b 04
0x00007fff1f23c302:   25 58 00 00 00 b9 14 00 00 00 48 8b 04 f0 44 38
0x00007fff1f23c312:   14 01 0f 84 30 4d 6c 00 65 48 8b 04 25 58 00 00
0x00007fff1f23c322:   00 bd 20 00 00 00 48 8b 04 f0 48 8b 2c 28 48 3b
0x00007fff1f23c332:   2d b9 e3 c5 00 45 0f 44 fa 4d 85 ed 0f 84 72 01
0x00007fff1f23c342:   00 00 44 8a a4 24 90 00 00 00 49 8b dd 49 8d b5
0x00007fff1f23c352:   d0 05 00 00 4c 8b 2e 45 84 e4 0f 85 2c 03 00 00
0x00007fff1f23c362:   44 8b 8f c8 01 00 00 48 8b 05 70 bd b5 00 83 b8
0x00007fff1f23c372:   68 03 00 00 02 75 36 41 8d 51 f0 41 83 f9 10 0f
0x00007fff1f23c382:   83 74 01 00 00 4a 8d 04 cd 21 00 00 00 49 03 c1
0x00007fff1f23c392:   48 8d 04 c3 48 85 c0 0f 85 4a 01 00 00 49 8b ca
0x00007fff1f23c3a2:   48 3b 8d 88 58 03 00 0f 87 a8 4c 6c 00 48 8d 93
0x00007fff1f23c3b2:   08 01 00 00 4c 39 93 48 06 00 00 0f 85 13 4e 6c
0x00007fff1f23c3c2:   00 44 8b 9f c8 01 00 00 48 8b 87 e0 01 00 00 4c
0x00007fff1f23c3d2:   8b 10 44 8b 87 c8 01 00 00 41 83 f8 10 0f 83 43
0x00007fff1f23c3e2:   01 00 00 4b 8d 0c c0 48 8d 04 ca 48 85 c0 0f 85
0x00007fff1f23c3f2:   fc 00 00 00 33 c9 49 3b ca 0f 86 58 01 00 00 45
0x00007fff1f23c402:   33 d2 48 8b 87 78 02 00 00 48 89 06 48 89 9f 78
0x00007fff1f23c412:   02 00 00 ff 87 80 02 00 00 48 8b 43 08 48 8b 88
0x00007fff1f23c422:   18 01 00 00 48 81 e1 00 00 ff ff 48 81 c1 00 00
0x00007fff1f23c432:   01 00 48 01 8f 88 02 00 00 48 8b 43 08 48 8b 88
0x00007fff1f23c442:   18 01 00 00 48 01 8f 98 02 00 00 eb 45 48 8b d3
0x00007fff1f23c452:   41 8b cb e8 a6 06 ff ff 45 33 d2 84 c0 75 a3 44
0x00007fff1f23c462:   38 53 1c 0f 84 23 02 00 00 48 8b 87 f8 02 00 00
0x00007fff1f23c472:   48 03 87 98 02 00 00 48 3b 87 a0 02 00 00 0f 83
0x00007fff1f23c482:   7c 4d 6c 00 48 8b d3 48 8b cf e8 4f f0 ff ff 45
0x00007fff1f23c492:   33 d2 4d 85 ed 0f 85 af fe ff ff 45 84 f6 44 8a 


Stack slot to memory mapping:

stack at sp + 0 slots: 0x00000291f49bfc30 points into unknown readable memory: 0xffffffffffffffff | ff ff ff ff ff ff ff ff
stack at sp + 1 slots: 0x0 is null
stack at sp + 2 slots: 0x9be803209bd602f4 is an unknown value
stack at sp + 3 slots: 0x00007fffe44d4114 ntdll.dll
stack at sp + 4 slots: 0xbdf20326d4f002ba is an unknown value
stack at sp + 5 slots: 0x00000140000c02c4 is an unknown value
stack at sp + 6 slots: 0x00ae416000b4114b is an unknown value
stack at sp + 7 slots: 0x00da0f72028f3563 is an unknown value

VM_Operation (0x000000d8fd5fecb0): Exit, mode: safepoint, requested by thread 0x00000291f31e5670


---------------  P R O C E S S  ---------------

Threads class SMR info:
_java_thread_list=0x00000291f41188b0, length=14, elements={
0x000002918c898200, 0x00000291add37d90, 0x00000291add38cb0, 0x00000291add3c510,
0x00000291add3ef80, 0x00000291add3f9e0, 0x00000291add40440, 0x00000291add4b850,
0x00000291add57c00, 0x00000291adcfdc30, 0x00000291f3211e50, 0x00000291f32bee20,
0x00000291f47c4e00, 0x00000291f31e5670
}

Java Threads: ( => current thread )
  0x000002918c898200 JavaThread "main"                              [_thread_blocked, id=22800, stack(0x000000d8fc400000,0x000000d8fc500000) (1024K)]
  0x00000291add37d90 JavaThread "Reference Handler"          daemon [_thread_blocked, id=23280, stack(0x000000d8fcc00000,0x000000d8fcd00000) (1024K)]
  0x00000291add38cb0 JavaThread "Finalizer"                  daemon [_thread_blocked, id=25772, stack(0x000000d8fcd00000,0x000000d8fce00000) (1024K)]
  0x00000291add3c510 JavaThread "Signal Dispatcher"          daemon [_thread_blocked, id=19312, stack(0x000000d8fce00000,0x000000d8fcf00000) (1024K)]
  0x00000291add3ef80 JavaThread "Attach Listener"            daemon [_thread_blocked, id=21724, stack(0x000000d8fcf00000,0x000000d8fd000000) (1024K)]
  0x00000291add3f9e0 JavaThread "Service Thread"             daemon [_thread_blocked, id=25916, stack(0x000000d8fd000000,0x000000d8fd100000) (1024K)]
  0x00000291add40440 JavaThread "Monitor Deflation Thread"   daemon [_thread_blocked, id=9956, stack(0x000000d8fd100000,0x000000d8fd200000) (1024K)]
  0x00000291add4b850 JavaThread "C2 CompilerThread0"         daemon [_thread_blocked, id=23560, stack(0x000000d8fd200000,0x000000d8fd300000) (1024K)]
  0x00000291add57c00 JavaThread "C1 CompilerThread0"         daemon [_thread_blocked, id=10380, stack(0x000000d8fd300000,0x000000d8fd400000) (1024K)]
  0x00000291adcfdc30 JavaThread "Common-Cleaner"             daemon [_thread_blocked, id=3740, stack(0x000000d8fd400000,0x000000d8fd500000) (1024K)]
  0x00000291f3211e50 JavaThread "JDWP Event Helper Thread"   daemon [_thread_blocked, id=1352, stack(0x000000d8fd600000,0x000000d8fd700000) (1024K)]
  0x00000291f32bee20 JavaThread "Notification Thread"        daemon [_thread_blocked, id=19172, stack(0x000000d8fd800000,0x000000d8fd900000) (1024K)]
  0x00000291f47c4e00 JavaThread "Thread-0"                   daemon [_thread_blocked, id=11776, stack(0x000000d8fda00000,0x000000d8fdb00000) (1024K)]
  0x00000291f31e5670 JavaThread "SIGINT handler"             daemon [_thread_blocked, id=9264, stack(0x000000d8fd500000,0x000000d8fd600000) (1024K)]
Total: 14

Other Threads:
=>0x00000291add157f0 VMThread "VM Thread"                           [id=16268, stack(0x000000d8fcb00000,0x000000d8fcc00000) (1024K)]
  0x000002918ea1bdc0 WorkerThread "GC Thread#0"                     [id=17548, stack(0x000000d8fc500000,0x000000d8fc600000) (1024K)]
  0x00000291f40cb770 WorkerThread "GC Thread#1"                     [id=7812, stack(0x000000d8fdb00000,0x000000d8fdc00000) (1024K)]
  0x00000291f40cbf20 WorkerThread "GC Thread#2"                     [id=10976, stack(0x000000d8fdc00000,0x000000d8fdd00000) (1024K)]
  0x00000291f40cc2c0 WorkerThread "GC Thread#3"                     [id=23204, stack(0x000000d8fdd00000,0x000000d8fde00000) (1024K)]
  0x00000291f40cca70 WorkerThread "GC Thread#4"                     [id=20340, stack(0x000000d8fde00000,0x000000d8fdf00000) (1024K)]
  0x00000291f40cd220 WorkerThread "GC Thread#5"                     [id=14716, stack(0x000000d8fdf00000,0x000000d8fe000000) (1024K)]
  0x00000291f3b06910 WorkerThread "GC Thread#6"                     [id=17368, stack(0x000000d8fe000000,0x000000d8fe100000) (1024K)]
  0x00000291f451d170 WorkerThread "GC Thread#7"                     [id=15448, stack(0x000000d8fe100000,0x000000d8fe200000) (1024K)]
  0x000002918ea2cb30 ConcurrentGCThread "G1 Main Marker"            terminated
  0x000002918ea2d540 WorkerThread "G1 Conc#0"                       [id=6940, stack(0x000000d8fc700000,0x000000d8fc800000) (1024K)]
  0x00000291adbcd5c0 ConcurrentGCThread "G1 Refine#0"               terminated
  0x00000291adbce040 ConcurrentGCThread "G1 Service"                terminated
Total: 13

Threads with active compile tasks:
Total: 0

VM state: at safepoint (shutting down)

VM Mutex/Monitor currently owned by a thread:  ([mutex/lock_event])
[0x00007fff2a6962a8] Threads_lock - owner thread: 0x00000291add157f0
[0x00007fff2a6963a8] Heap_lock - owner thread: 0x00000291f31e5670

Heap address: 0x0000000703200000, size: 4046 MB, Compressed Oops mode: Zero based, Oop shift amount: 3

CDS archive(s) mapped at: [0x00000291ae000000-0x00000291aec90000-0x00000291aec90000), size 13172736, SharedBaseAddress: 0x00000291ae000000, ArchiveRelocationMode: 1.
Compressed class space mapped at: 0x00000291af000000-0x00000291ef000000, reserved size: 1073741824
Narrow klass base: 0x00000291ae000000, Narrow klass shift: 0, Narrow klass range: 0x100000000

GC Precious Log:
 CardTable entry size: 512
 Card Set container configuration: InlinePtr #cards 4 size 8 Array Of Cards #cards 16 size 48 Howl #buckets 8 coarsen threshold 3686 Howl Bitmap #cards 512 size 80 coarsen threshold 460 Card regions per heap region 1 cards per card region 4096
 CPUs: 8 total, 8 available
 Memory: 16183M
 Large Page Support: Disabled
 NUMA Support: Disabled
 Compressed Oops: Enabled (Zero based)
 Heap Region Size: 2M
 Heap Min Capacity: 8M
 Heap Initial Capacity: 254M
 Heap Max Capacity: 4046M
 Pre-touch: Disabled
 Parallel Workers: 8
 Concurrent Workers: 2
 Concurrent Refinement Workers: 8
 Periodic GC: Disabled

Heap:
 garbage-first heap   total 260096K, used 51853K [0x0000000703200000, 0x0000000800000000)
  region size 2048K, 19 young (38912K), 2 survivors (4096K)
 Metaspace       used 14669K, committed 14912K, reserved 1114112K
  class space    used 1438K, committed 1536K, reserved 1048576K

Heap Regions: E=young(eden), S=young(survivor), O=old, HS=humongous(starts), HC=humongous(continues), CS=collection set, F=free, TAMS=top-at-mark-serverStart, PB=parsable bottom
|   0|0x0000000703200000, 0x0000000703400000, 0x0000000703400000|100%|HS|  |TAMS 0x0000000703200000| PB 0x0000000703200000| Complete 
|   1|0x0000000703400000, 0x0000000703600000, 0x0000000703600000|100%|HC|  |TAMS 0x0000000703400000| PB 0x0000000703400000| Complete 
|   2|0x0000000703600000, 0x0000000703800000, 0x0000000703800000|100%|HC|  |TAMS 0x0000000703600000| PB 0x0000000703600000| Complete 
|   3|0x0000000703800000, 0x0000000703a00000, 0x0000000703a00000|100%|HC|  |TAMS 0x0000000703800000| PB 0x0000000703800000| Complete 
|   4|0x0000000703a00000, 0x0000000703c00000, 0x0000000703c00000|100%|HC|  |TAMS 0x0000000703a00000| PB 0x0000000703a00000| Complete 
|   5|0x0000000703c00000, 0x0000000703e00000, 0x0000000703e00000|100%|HC|  |TAMS 0x0000000703c00000| PB 0x0000000703c00000| Complete 
|   6|0x0000000703e00000, 0x0000000704000000, 0x0000000704000000|100%|HC|  |TAMS 0x0000000703e00000| PB 0x0000000703e00000| Complete 
|   7|0x0000000704000000, 0x0000000704200000, 0x0000000704200000|100%|HC|  |TAMS 0x0000000704000000| PB 0x0000000704000000| Complete 
|   8|0x0000000704200000, 0x0000000704200000, 0x0000000704400000|  0%| F|  |TAMS 0x0000000704200000| PB 0x0000000704200000| Untracked 
|   9|0x0000000704400000, 0x0000000704400000, 0x0000000704600000|  0%| F|  |TAMS 0x0000000704400000| PB 0x0000000704400000| Untracked 
|  10|0x0000000704600000, 0x0000000704600000, 0x0000000704800000|  0%| F|  |TAMS 0x0000000704600000| PB 0x0000000704600000| Untracked 
|  11|0x0000000704800000, 0x0000000704800000, 0x0000000704a00000|  0%| F|  |TAMS 0x0000000704800000| PB 0x0000000704800000| Untracked 
|  12|0x0000000704a00000, 0x0000000704a00000, 0x0000000704c00000|  0%| F|  |TAMS 0x0000000704a00000| PB 0x0000000704a00000| Untracked 
|  13|0x0000000704c00000, 0x0000000704c00000, 0x0000000704e00000|  0%| F|  |TAMS 0x0000000704c00000| PB 0x0000000704c00000| Untracked 
|  14|0x0000000704e00000, 0x0000000704e00000, 0x0000000705000000|  0%| F|  |TAMS 0x0000000704e00000| PB 0x0000000704e00000| Untracked 
|  15|0x0000000705000000, 0x0000000705000000, 0x0000000705200000|  0%| F|  |TAMS 0x0000000705000000| PB 0x0000000705000000| Untracked 
|  16|0x0000000705200000, 0x0000000705200000, 0x0000000705400000|  0%| F|  |TAMS 0x0000000705200000| PB 0x0000000705200000| Untracked 
|  17|0x0000000705400000, 0x0000000705400000, 0x0000000705600000|  0%| F|  |TAMS 0x0000000705400000| PB 0x0000000705400000| Untracked 
|  18|0x0000000705600000, 0x0000000705600000, 0x0000000705800000|  0%| F|  |TAMS 0x0000000705600000| PB 0x0000000705600000| Untracked 
|  19|0x0000000705800000, 0x0000000705800000, 0x0000000705a00000|  0%| F|  |TAMS 0x0000000705800000| PB 0x0000000705800000| Untracked 
|  20|0x0000000705a00000, 0x0000000705a00000, 0x0000000705c00000|  0%| F|  |TAMS 0x0000000705a00000| PB 0x0000000705a00000| Untracked 
|  21|0x0000000705c00000, 0x0000000705c00000, 0x0000000705e00000|  0%| F|  |TAMS 0x0000000705c00000| PB 0x0000000705c00000| Untracked 
|  22|0x0000000705e00000, 0x0000000705e00000, 0x0000000706000000|  0%| F|  |TAMS 0x0000000705e00000| PB 0x0000000705e00000| Untracked 
|  23|0x0000000706000000, 0x0000000706000000, 0x0000000706200000|  0%| F|  |TAMS 0x0000000706000000| PB 0x0000000706000000| Untracked 
|  24|0x0000000706200000, 0x0000000706200000, 0x0000000706400000|  0%| F|  |TAMS 0x0000000706200000| PB 0x0000000706200000| Untracked 
|  25|0x0000000706400000, 0x0000000706400000, 0x0000000706600000|  0%| F|  |TAMS 0x0000000706400000| PB 0x0000000706400000| Untracked 
|  26|0x0000000706600000, 0x0000000706600000, 0x0000000706800000|  0%| F|  |TAMS 0x0000000706600000| PB 0x0000000706600000| Untracked 
|  27|0x0000000706800000, 0x0000000706800000, 0x0000000706a00000|  0%| F|  |TAMS 0x0000000706800000| PB 0x0000000706800000| Untracked 
|  28|0x0000000706a00000, 0x0000000706a00000, 0x0000000706c00000|  0%| F|  |TAMS 0x0000000706a00000| PB 0x0000000706a00000| Untracked 
|  29|0x0000000706c00000, 0x0000000706c00000, 0x0000000706e00000|  0%| F|  |TAMS 0x0000000706c00000| PB 0x0000000706c00000| Untracked 
|  30|0x0000000706e00000, 0x0000000706e00000, 0x0000000707000000|  0%| F|  |TAMS 0x0000000706e00000| PB 0x0000000706e00000| Untracked 
|  31|0x0000000707000000, 0x0000000707000000, 0x0000000707200000|  0%| F|  |TAMS 0x0000000707000000| PB 0x0000000707000000| Untracked 
|  32|0x0000000707200000, 0x0000000707200000, 0x0000000707400000|  0%| F|  |TAMS 0x0000000707200000| PB 0x0000000707200000| Untracked 
|  33|0x0000000707400000, 0x0000000707400000, 0x0000000707600000|  0%| F|  |TAMS 0x0000000707400000| PB 0x0000000707400000| Untracked 
|  34|0x0000000707600000, 0x0000000707600000, 0x0000000707800000|  0%| F|  |TAMS 0x0000000707600000| PB 0x0000000707600000| Untracked 
|  35|0x0000000707800000, 0x0000000707800000, 0x0000000707a00000|  0%| F|  |TAMS 0x0000000707800000| PB 0x0000000707800000| Untracked 
|  36|0x0000000707a00000, 0x0000000707a00000, 0x0000000707c00000|  0%| F|  |TAMS 0x0000000707a00000| PB 0x0000000707a00000| Untracked 
|  37|0x0000000707c00000, 0x0000000707c00000, 0x0000000707e00000|  0%| F|  |TAMS 0x0000000707c00000| PB 0x0000000707c00000| Untracked 
|  38|0x0000000707e00000, 0x0000000707e00000, 0x0000000708000000|  0%| F|  |TAMS 0x0000000707e00000| PB 0x0000000707e00000| Untracked 
|  39|0x0000000708000000, 0x0000000708000000, 0x0000000708200000|  0%| F|  |TAMS 0x0000000708000000| PB 0x0000000708000000| Untracked 
|  40|0x0000000708200000, 0x0000000708200000, 0x0000000708400000|  0%| F|  |TAMS 0x0000000708200000| PB 0x0000000708200000| Untracked 
|  41|0x0000000708400000, 0x0000000708400000, 0x0000000708600000|  0%| F|  |TAMS 0x0000000708400000| PB 0x0000000708400000| Untracked 
|  42|0x0000000708600000, 0x0000000708600000, 0x0000000708800000|  0%| F|  |TAMS 0x0000000708600000| PB 0x0000000708600000| Untracked 
|  43|0x0000000708800000, 0x0000000708800000, 0x0000000708a00000|  0%| F|  |TAMS 0x0000000708800000| PB 0x0000000708800000| Untracked 
|  44|0x0000000708a00000, 0x0000000708a00000, 0x0000000708c00000|  0%| F|  |TAMS 0x0000000708a00000| PB 0x0000000708a00000| Untracked 
|  45|0x0000000708c00000, 0x0000000708c00000, 0x0000000708e00000|  0%| F|  |TAMS 0x0000000708c00000| PB 0x0000000708c00000| Untracked 
|  46|0x0000000708e00000, 0x0000000708e00000, 0x0000000709000000|  0%| F|  |TAMS 0x0000000708e00000| PB 0x0000000708e00000| Untracked 
|  47|0x0000000709000000, 0x0000000709000000, 0x0000000709200000|  0%| F|  |TAMS 0x0000000709000000| PB 0x0000000709000000| Untracked 
|  48|0x0000000709200000, 0x0000000709200000, 0x0000000709400000|  0%| F|  |TAMS 0x0000000709200000| PB 0x0000000709200000| Untracked 
|  49|0x0000000709400000, 0x0000000709400000, 0x0000000709600000|  0%| F|  |TAMS 0x0000000709400000| PB 0x0000000709400000| Untracked 
|  50|0x0000000709600000, 0x0000000709600000, 0x0000000709800000|  0%| F|  |TAMS 0x0000000709600000| PB 0x0000000709600000| Untracked 
|  51|0x0000000709800000, 0x0000000709800000, 0x0000000709a00000|  0%| F|  |TAMS 0x0000000709800000| PB 0x0000000709800000| Untracked 
|  52|0x0000000709a00000, 0x0000000709a00000, 0x0000000709c00000|  0%| F|  |TAMS 0x0000000709a00000| PB 0x0000000709a00000| Untracked 
|  53|0x0000000709c00000, 0x0000000709c00000, 0x0000000709e00000|  0%| F|  |TAMS 0x0000000709c00000| PB 0x0000000709c00000| Untracked 
|  54|0x0000000709e00000, 0x0000000709e00000, 0x000000070a000000|  0%| F|  |TAMS 0x0000000709e00000| PB 0x0000000709e00000| Untracked 
|  55|0x000000070a000000, 0x000000070a000000, 0x000000070a200000|  0%| F|  |TAMS 0x000000070a000000| PB 0x000000070a000000| Untracked 
|  56|0x000000070a200000, 0x000000070a200000, 0x000000070a400000|  0%| F|  |TAMS 0x000000070a200000| PB 0x000000070a200000| Untracked 
|  57|0x000000070a400000, 0x000000070a400000, 0x000000070a600000|  0%| F|  |TAMS 0x000000070a400000| PB 0x000000070a400000| Untracked 
|  58|0x000000070a600000, 0x000000070a600000, 0x000000070a800000|  0%| F|  |TAMS 0x000000070a600000| PB 0x000000070a600000| Untracked 
|  59|0x000000070a800000, 0x000000070a800000, 0x000000070aa00000|  0%| F|  |TAMS 0x000000070a800000| PB 0x000000070a800000| Untracked 
|  60|0x000000070aa00000, 0x000000070aa00000, 0x000000070ac00000|  0%| F|  |TAMS 0x000000070aa00000| PB 0x000000070aa00000| Untracked 
|  61|0x000000070ac00000, 0x000000070ac00000, 0x000000070ae00000|  0%| F|  |TAMS 0x000000070ac00000| PB 0x000000070ac00000| Untracked 
|  62|0x000000070ae00000, 0x000000070ae00000, 0x000000070b000000|  0%| F|  |TAMS 0x000000070ae00000| PB 0x000000070ae00000| Untracked 
|  63|0x000000070b000000, 0x000000070b000000, 0x000000070b200000|  0%| F|  |TAMS 0x000000070b000000| PB 0x000000070b000000| Untracked 
|  64|0x000000070b200000, 0x000000070b200000, 0x000000070b400000|  0%| F|  |TAMS 0x000000070b200000| PB 0x000000070b200000| Untracked 
|  65|0x000000070b400000, 0x000000070b400000, 0x000000070b600000|  0%| F|  |TAMS 0x000000070b400000| PB 0x000000070b400000| Untracked 
|  66|0x000000070b600000, 0x000000070b600000, 0x000000070b800000|  0%| F|  |TAMS 0x000000070b600000| PB 0x000000070b600000| Untracked 
|  67|0x000000070b800000, 0x000000070b800000, 0x000000070ba00000|  0%| F|  |TAMS 0x000000070b800000| PB 0x000000070b800000| Untracked 
|  68|0x000000070ba00000, 0x000000070ba00000, 0x000000070bc00000|  0%| F|  |TAMS 0x000000070ba00000| PB 0x000000070ba00000| Untracked 
|  69|0x000000070bc00000, 0x000000070bc00000, 0x000000070be00000|  0%| F|  |TAMS 0x000000070bc00000| PB 0x000000070bc00000| Untracked 
|  70|0x000000070be00000, 0x000000070be00000, 0x000000070c000000|  0%| F|  |TAMS 0x000000070be00000| PB 0x000000070be00000| Untracked 
|  71|0x000000070c000000, 0x000000070c000000, 0x000000070c200000|  0%| F|  |TAMS 0x000000070c000000| PB 0x000000070c000000| Untracked 
|  72|0x000000070c200000, 0x000000070c200000, 0x000000070c400000|  0%| F|  |TAMS 0x000000070c200000| PB 0x000000070c200000| Untracked 
|  73|0x000000070c400000, 0x000000070c400000, 0x000000070c600000|  0%| F|  |TAMS 0x000000070c400000| PB 0x000000070c400000| Untracked 
|  74|0x000000070c600000, 0x000000070c600000, 0x000000070c800000|  0%| F|  |TAMS 0x000000070c600000| PB 0x000000070c600000| Untracked 
|  75|0x000000070c800000, 0x000000070c800000, 0x000000070ca00000|  0%| F|  |TAMS 0x000000070c800000| PB 0x000000070c800000| Untracked 
|  76|0x000000070ca00000, 0x000000070ca00000, 0x000000070cc00000|  0%| F|  |TAMS 0x000000070ca00000| PB 0x000000070ca00000| Untracked 
|  77|0x000000070cc00000, 0x000000070cc00000, 0x000000070ce00000|  0%| F|  |TAMS 0x000000070cc00000| PB 0x000000070cc00000| Untracked 
|  78|0x000000070ce00000, 0x000000070ce00000, 0x000000070d000000|  0%| F|  |TAMS 0x000000070ce00000| PB 0x000000070ce00000| Untracked 
|  79|0x000000070d000000, 0x000000070d000000, 0x000000070d200000|  0%| F|  |TAMS 0x000000070d000000| PB 0x000000070d000000| Untracked 
|  80|0x000000070d200000, 0x000000070d200000, 0x000000070d400000|  0%| F|  |TAMS 0x000000070d200000| PB 0x000000070d200000| Untracked 
|  81|0x000000070d400000, 0x000000070d400000, 0x000000070d600000|  0%| F|  |TAMS 0x000000070d400000| PB 0x000000070d400000| Untracked 
|  82|0x000000070d600000, 0x000000070d600000, 0x000000070d800000|  0%| F|  |TAMS 0x000000070d600000| PB 0x000000070d600000| Untracked 
|  83|0x000000070d800000, 0x000000070d800000, 0x000000070da00000|  0%| F|  |TAMS 0x000000070d800000| PB 0x000000070d800000| Untracked 
|  84|0x000000070da00000, 0x000000070da00000, 0x000000070dc00000|  0%| F|  |TAMS 0x000000070da00000| PB 0x000000070da00000| Untracked 
|  85|0x000000070dc00000, 0x000000070dc00000, 0x000000070de00000|  0%| F|  |TAMS 0x000000070dc00000| PB 0x000000070dc00000| Untracked 
|  86|0x000000070de00000, 0x000000070de00000, 0x000000070e000000|  0%| F|  |TAMS 0x000000070de00000| PB 0x000000070de00000| Untracked 
|  87|0x000000070e000000, 0x000000070e000000, 0x000000070e200000|  0%| F|  |TAMS 0x000000070e000000| PB 0x000000070e000000| Untracked 
|  88|0x000000070e200000, 0x000000070e200000, 0x000000070e400000|  0%| F|  |TAMS 0x000000070e200000| PB 0x000000070e200000| Untracked 
|  89|0x000000070e400000, 0x000000070e400000, 0x000000070e600000|  0%| F|  |TAMS 0x000000070e400000| PB 0x000000070e400000| Untracked 
|  90|0x000000070e600000, 0x000000070e600000, 0x000000070e800000|  0%| F|  |TAMS 0x000000070e600000| PB 0x000000070e600000| Untracked 
|  91|0x000000070e800000, 0x000000070e800000, 0x000000070ea00000|  0%| F|  |TAMS 0x000000070e800000| PB 0x000000070e800000| Untracked 
|  92|0x000000070ea00000, 0x000000070ea00000, 0x000000070ec00000|  0%| F|  |TAMS 0x000000070ea00000| PB 0x000000070ea00000| Untracked 
|  93|0x000000070ec00000, 0x000000070ec00000, 0x000000070ee00000|  0%| F|  |TAMS 0x000000070ec00000| PB 0x000000070ec00000| Untracked 
|  94|0x000000070ee00000, 0x000000070ee00000, 0x000000070f000000|  0%| F|  |TAMS 0x000000070ee00000| PB 0x000000070ee00000| Untracked 
|  95|0x000000070f000000, 0x000000070f000000, 0x000000070f200000|  0%| F|  |TAMS 0x000000070f000000| PB 0x000000070f000000| Untracked 
|  96|0x000000070f200000, 0x000000070f200000, 0x000000070f400000|  0%| F|  |TAMS 0x000000070f200000| PB 0x000000070f200000| Untracked 
|  97|0x000000070f400000, 0x000000070f400000, 0x000000070f600000|  0%| F|  |TAMS 0x000000070f400000| PB 0x000000070f400000| Untracked 
|  98|0x000000070f600000, 0x000000070f600000, 0x000000070f800000|  0%| F|  |TAMS 0x000000070f600000| PB 0x000000070f600000| Untracked 
|  99|0x000000070f800000, 0x000000070f800000, 0x000000070fa00000|  0%| F|  |TAMS 0x000000070f800000| PB 0x000000070f800000| Untracked 
| 100|0x000000070fa00000, 0x000000070fa00000, 0x000000070fc00000|  0%| F|  |TAMS 0x000000070fa00000| PB 0x000000070fa00000| Untracked 
| 101|0x000000070fc00000, 0x000000070fc00000, 0x000000070fe00000|  0%| F|  |TAMS 0x000000070fc00000| PB 0x000000070fc00000| Untracked 
| 102|0x000000070fe00000, 0x000000070fe00000, 0x0000000710000000|  0%| F|  |TAMS 0x000000070fe00000| PB 0x000000070fe00000| Untracked 
| 103|0x0000000710000000, 0x0000000710000000, 0x0000000710200000|  0%| F|  |TAMS 0x0000000710000000| PB 0x0000000710000000| Untracked 
| 104|0x0000000710200000, 0x0000000710200000, 0x0000000710400000|  0%| F|  |TAMS 0x0000000710200000| PB 0x0000000710200000| Untracked 
| 105|0x0000000710400000, 0x0000000710400000, 0x0000000710600000|  0%| F|  |TAMS 0x0000000710400000| PB 0x0000000710400000| Untracked 
| 106|0x0000000710600000, 0x0000000710600000, 0x0000000710800000|  0%| F|  |TAMS 0x0000000710600000| PB 0x0000000710600000| Untracked 
| 107|0x0000000710800000, 0x0000000710800000, 0x0000000710a00000|  0%| F|  |TAMS 0x0000000710800000| PB 0x0000000710800000| Untracked 
| 108|0x0000000710a00000, 0x0000000710b47fc0, 0x0000000710c00000| 64%| E|  |TAMS 0x0000000710a00000| PB 0x0000000710a00000| Complete 
| 109|0x0000000710c00000, 0x0000000710e00000, 0x0000000710e00000|100%| E|CS|TAMS 0x0000000710c00000| PB 0x0000000710c00000| Complete 
| 110|0x0000000710e00000, 0x0000000711000000, 0x0000000711000000|100%| E|CS|TAMS 0x0000000710e00000| PB 0x0000000710e00000| Complete 
| 111|0x0000000711000000, 0x0000000711200000, 0x0000000711200000|100%| E|CS|TAMS 0x0000000711000000| PB 0x0000000711000000| Complete 
| 112|0x0000000711200000, 0x0000000711400000, 0x0000000711400000|100%| E|CS|TAMS 0x0000000711200000| PB 0x0000000711200000| Complete 
| 113|0x0000000711400000, 0x0000000711600000, 0x0000000711600000|100%| E|CS|TAMS 0x0000000711400000| PB 0x0000000711400000| Complete 
| 114|0x0000000711600000, 0x00000007116a3540, 0x0000000711800000| 31%| S|CS|TAMS 0x0000000711600000| PB 0x0000000711600000| Complete 
| 115|0x0000000711800000, 0x0000000711a00000, 0x0000000711a00000|100%| S|CS|TAMS 0x0000000711800000| PB 0x0000000711800000| Complete 
| 116|0x0000000711a00000, 0x0000000711c00000, 0x0000000711c00000|100%| E|CS|TAMS 0x0000000711a00000| PB 0x0000000711a00000| Complete 
| 117|0x0000000711c00000, 0x0000000711e00000, 0x0000000711e00000|100%| E|CS|TAMS 0x0000000711c00000| PB 0x0000000711c00000| Complete 
| 118|0x0000000711e00000, 0x0000000712000000, 0x0000000712000000|100%| E|CS|TAMS 0x0000000711e00000| PB 0x0000000711e00000| Complete 
| 119|0x0000000712000000, 0x0000000712200000, 0x0000000712200000|100%| E|CS|TAMS 0x0000000712000000| PB 0x0000000712000000| Complete 
| 120|0x0000000712200000, 0x0000000712400000, 0x0000000712400000|100%| E|CS|TAMS 0x0000000712200000| PB 0x0000000712200000| Complete 
| 121|0x0000000712400000, 0x0000000712600000, 0x0000000712600000|100%| E|CS|TAMS 0x0000000712400000| PB 0x0000000712400000| Complete 
| 122|0x0000000712600000, 0x0000000712800000, 0x0000000712800000|100%| E|CS|TAMS 0x0000000712600000| PB 0x0000000712600000| Complete 
| 123|0x0000000712800000, 0x0000000712a00000, 0x0000000712a00000|100%| E|CS|TAMS 0x0000000712800000| PB 0x0000000712800000| Complete 
| 124|0x0000000712a00000, 0x0000000712c00000, 0x0000000712c00000|100%| E|CS|TAMS 0x0000000712a00000| PB 0x0000000712a00000| Complete 
| 125|0x0000000712c00000, 0x0000000712e00000, 0x0000000712e00000|100%| E|CS|TAMS 0x0000000712c00000| PB 0x0000000712c00000| Complete 
| 126|0x0000000712e00000, 0x0000000713000000, 0x0000000713000000|100%| E|CS|TAMS 0x0000000712e00000| PB 0x0000000712e00000| Complete 

Card table byte_map: [0x00000291a6bb0000,0x00000291a73a0000] _byte_map_base: 0x00000291a3397000

Marking Bits: (CMBitMap*) 0x000002918ea1c3d0
 Bits: [0x00000291a73a0000, 0x00000291ab2d8000)

Polling page: 0x000002918cb40000

Metaspace:

Usage:
  Non-class:     12.92 MB used.
      Class:      1.40 MB used.
       Both:     14.33 MB used.

Virtual space:
  Non-class space:       64.00 MB reserved,      13.06 MB ( 20%) committed,  1 nodes.
      Class space:        1.00 GB reserved,       1.50 MB ( <1%) committed,  1 nodes.
             Both:        1.06 GB reserved,      14.56 MB (  1%) committed. 

Chunk freelists:
   Non-Class:  2.08 MB
       Class:  14.44 MB
        Both:  16.52 MB

MaxMetaspaceSize: unlimited
CompressedClassSpaceSize: 1.00 GB
Initial GC threshold: 21.00 MB
Current GC threshold: 21.00 MB
CDS: on
 - commit_granule_bytes: 65536.
 - commit_granule_words: 8192.
 - virtual_space_node_default_size: 8388608.
 - enlarge_chunks_in_place: 1.
 - use_allocation_guard: 0.


Internal statistics:

num_allocs_failed_limit: 0.
num_arena_births: 222.
num_arena_deaths: 0.
num_vsnodes_births: 2.
num_vsnodes_deaths: 0.
num_space_committed: 231.
num_space_uncommitted: 0.
num_chunks_returned_to_freelist: 0.
num_chunks_taken_from_freelist: 534.
num_chunk_merges: 0.
num_chunk_splits: 378.
num_chunks_enlarged: 286.
num_inconsistent_stats: 0.

CodeHeap 'non-profiled nmethods': size=120000Kb used=774Kb max_used=774Kb free=119225Kb
 bounds [0x000002919eb60000, 0x000002919edd0000, 0x00000291a6090000]
CodeHeap 'profiled nmethods': size=120000Kb used=3588Kb max_used=3588Kb free=116411Kb
 bounds [0x0000029197090000, 0x0000029197420000, 0x000002919e5c0000]
CodeHeap 'non-nmethods': size=5760Kb used=2641Kb max_used=2641Kb free=3118Kb
 bounds [0x000002919e5c0000, 0x000002919e860000, 0x000002919eb60000]
 total_blobs=3141 nmethods=1967 adapters=1079
 compilation: enabled
              stopped_count=0, restarted_count=0
 full_count=0

Compilation events (20 events):
Event: 1.556 Thread 0x00000291add4b850 1960       4       org.lwjgl.PointerBuffer::get (22 bytes)
Event: 1.557 Thread 0x00000291add4b850 nmethod 1960 0x000002919ec21110 code [0x000002919ec212a0, 0x000002919ec213a0]
Event: 1.563 Thread 0x00000291add57c00 1962   !   3       java.nio.ByteBuffer::getArray (121 bytes)
Event: 1.564 Thread 0x00000291add57c00 nmethod 1962 0x000002919740c390 code [0x000002919740c620, 0x000002919740d2e0]
Event: 1.564 Thread 0x00000291add57c00 1963       3       sun.net.www.ParseUtil::firstEncodeIndex (86 bytes)
Event: 1.564 Thread 0x00000291add57c00 nmethod 1963 0x000002919740d990 code [0x000002919740dbc0, 0x000002919740e5a8]
Event: 1.564 Thread 0x00000291add57c00 1961       3       java.nio.ByteBuffer::get (54 bytes)
Event: 1.564 Thread 0x00000291add57c00 nmethod 1961 0x000002919740e990 code [0x000002919740eba0, 0x000002919740f0f8]
Event: 1.576 Thread 0x00000291add57c00 1965       3       org.lwjgl.system.MemoryUtil::strlen64NT1 (119 bytes)
Event: 1.576 Thread 0x00000291add57c00 nmethod 1965 0x000002919740f390 code [0x000002919740f5a0, 0x000002919740fd48]
Event: 1.576 Thread 0x00000291add57c00 1964       3       org.lwjgl.system.MemoryUtil::memLengthNT1 (31 bytes)
Event: 1.576 Thread 0x00000291add57c00 nmethod 1964 0x000002919740ff90 code [0x0000029197410160, 0x0000029197410428]
Event: 17.754 Thread 0x00000291add57c00 1966       3       java.lang.StringUTF16::checkBoundsOffCount (11 bytes)
Event: 17.754 Thread 0x00000291add57c00 nmethod 1966 0x0000029197410590 code [0x0000029197410760, 0x0000029197410a60]
Event: 23.163 Thread 0x00000291add57c00 1967       1       javax.management.ObjectName$Property::setKeyIndex (6 bytes)
Event: 23.163 Thread 0x00000291add57c00 nmethod 1967 0x000002919ec21510 code [0x000002919ec216a0, 0x000002919ec21768]
Event: 23.163 Thread 0x00000291add57c00 1968       3       org.apache.logging.log4j.util.PropertiesUtil::getProperties (4 bytes)
Event: 23.163 Thread 0x00000291add57c00 nmethod 1968 0x0000029197410c10 code [0x0000029197410da0, 0x0000029197410e98]
Event: 23.163 Thread 0x00000291add57c00 1969       3       java.util.concurrent.ConcurrentHashMap$ValueIterator::<init> (12 bytes)
Event: 23.163 Thread 0x00000291add57c00 nmethod 1969 0x0000029197410f10 code [0x00000291974110c0, 0x0000029197411238]

GC Heap History (2 events):
Event: 0.587 GC heap before
{Heap before GC invocations=0 (full 0):
 garbage-first heap   total 260096K, used 22528K [0x0000000703200000, 0x0000000800000000)
  region size 2048K, 11 young (22528K), 0 survivors (0K)
 Metaspace       used 4144K, committed 4352K, reserved 1114112K
  class space    used 469K, committed 576K, reserved 1048576K
}
Event: 0.590 GC heap after
{Heap after GC invocations=1 (full 0):
 garbage-first heap   total 260096K, used 2701K [0x0000000703200000, 0x0000000800000000)
  region size 2048K, 2 young (4096K), 2 survivors (4096K)
 Metaspace       used 4144K, committed 4352K, reserved 1114112K
  class space    used 469K, committed 576K, reserved 1048576K
}

Dll operation events (13 events):
Event: 0.010 Loaded shared library C:\Users\Lenovo\.jdks\corretto-21.0.4\bin\java.dll
Event: 0.011 Loaded shared library C:\Users\Lenovo\.jdks\corretto-21.0.4\bin\zip.dll
Event: 0.054 Loaded shared library C:\Users\Lenovo\.jdks\corretto-21.0.4\bin\jsvml.dll
Event: 0.171 Loaded shared library C:\Users\Lenovo\.jdks\corretto-21.0.4\bin\instrument.dll
Event: 0.194 Loaded shared library C:\Users\Lenovo\.jdks\corretto-21.0.4\bin\net.dll
Event: 0.195 Loaded shared library C:\Users\Lenovo\.jdks\corretto-21.0.4\bin\nio.dll
Event: 0.202 Loaded shared library C:\Users\Lenovo\.jdks\corretto-21.0.4\bin\zip.dll
Event: 0.277 Loaded shared library C:\Users\Lenovo\.jdks\corretto-21.0.4\bin\jimage.dll
Event: 0.369 Loaded shared library C:\Users\Lenovo\.jdks\corretto-21.0.4\bin\management.dll
Event: 0.375 Loaded shared library C:\Users\Lenovo\.jdks\corretto-21.0.4\bin\management_ext.dll
Event: 1.039 Loaded shared library C:\Users\Lenovo\AppData\Local\Temp\libgdxLenovo\2a9d7f76\gdx64.dll
Event: 1.073 Loaded shared library C:\Users\Lenovo\AppData\Local\Temp\lwjgl_Lenovo\3.3.3+5\x64\lwjgl.dll
Event: 1.367 Loaded shared library C:\Users\Lenovo\AppData\Local\Temp\lwjgl_Lenovo\3.3.3+5\x64\lwjgl_opengl.dll

Deoptimization events (20 events):
Event: 1.150 Thread 0x000002918c898200 DEOPT PACKING pc=0x000002919ebcf08c sp=0x000000d8fc4fd920
Event: 1.150 Thread 0x000002918c898200 DEOPT UNPACKING pc=0x000002919e617da2 sp=0x000000d8fc4fd858 mode 2
Event: 1.276 Thread 0x000002918c898200 Uncommon trap: trap_request=0xffffff45 fr.pc=0x000002919ebc1cb0 relative=0x00000000000002f0
Event: 1.276 Thread 0x000002918c898200 Uncommon trap: reason=unstable_if action=reinterpret pc=0x000002919ebc1cb0 method=java.util.regex.Pattern$BmpCharPropertyGreedy.match(Ljava/util/regex/Matcher;ILjava/lang/CharSequence;)Z @ 73 c2
Event: 1.276 Thread 0x000002918c898200 DEOPT PACKING pc=0x000002919ebc1cb0 sp=0x000000d8fc4fe460
Event: 1.276 Thread 0x000002918c898200 DEOPT UNPACKING pc=0x000002919e617da2 sp=0x000000d8fc4fe410 mode 2
Event: 1.287 Thread 0x00000291f47c4e00 Uncommon trap: trap_request=0xffffff45 fr.pc=0x000002919eb76ef8 relative=0x0000000000000158
Event: 1.287 Thread 0x00000291f47c4e00 Uncommon trap: reason=unstable_if action=reinterpret pc=0x000002919eb76ef8 method=java.lang.StringCoding.countPositives([BII)I @ 17 c2
Event: 1.287 Thread 0x00000291f47c4e00 DEOPT PACKING pc=0x000002919eb76ef8 sp=0x000000d8fdafeb80
Event: 1.287 Thread 0x00000291f47c4e00 DEOPT UNPACKING pc=0x000002919e617da2 sp=0x000000d8fdafeb08 mode 2
Event: 1.363 Thread 0x000002918c898200 Uncommon trap: trap_request=0xffffff45 fr.pc=0x000002919ebbf4bc relative=0x000000000000007c
Event: 1.363 Thread 0x000002918c898200 Uncommon trap: reason=unstable_if action=reinterpret pc=0x000002919ebbf4bc method=sun.net.www.ParseUtil.firstEncodeIndex(Ljava/lang/String;)I @ 51 c2
Event: 1.363 Thread 0x000002918c898200 DEOPT PACKING pc=0x000002919ebbf4bc sp=0x000000d8fc4fdda0
Event: 1.363 Thread 0x000002918c898200 DEOPT UNPACKING pc=0x000002919e617da2 sp=0x000000d8fc4fdd38 mode 2
Event: 1.363 Thread 0x000002918c898200 Uncommon trap: trap_request=0xffffffc6 fr.pc=0x000002919ebcf08c relative=0x00000000000003ac
Event: 1.363 Thread 0x000002918c898200 Uncommon trap: reason=bimorphic_or_optimized_type_check action=maybe_recompile pc=0x000002919ebcf08c method=java.util.HashMap.getNode(Ljava/lang/Object;)Ljava/util/HashMap$Node; @ 128 c2
Event: 1.363 Thread 0x000002918c898200 DEOPT PACKING pc=0x000002919ebcf08c sp=0x000000d8fc4fdaa0
Event: 1.363 Thread 0x000002918c898200 DEOPT UNPACKING pc=0x000002919e617da2 sp=0x000000d8fc4fd9d8 mode 2
Event: 1.566 Thread 0x000002918c898200 DEOPT PACKING pc=0x00000291973ff855 sp=0x000000d8fc4fa800
Event: 1.566 Thread 0x000002918c898200 DEOPT UNPACKING pc=0x000002919e6188e2 sp=0x000000d8fc4f9c70 mode 0

Classes loaded (20 events):
Event: 23.156 Loading class com/badlogic/gdx/scenes/scene2d/ui/CheckBox$CheckBoxStyle
Event: 23.156 Loading class com/badlogic/gdx/scenes/scene2d/ui/CheckBox$CheckBoxStyle done
Event: 23.158 Loading class com/badlogic/gdx/scenes/scene2d/ui/TextButton$TextButtonStyle
Event: 23.158 Loading class com/badlogic/gdx/scenes/scene2d/ui/TextButton$TextButtonStyle done
Event: 23.159 Loading class com/badlogic/gdx/scenes/scene2d/ui/ImageButton$ImageButtonStyle
Event: 23.159 Loading class com/badlogic/gdx/scenes/scene2d/ui/ImageButton$ImageButtonStyle done
Event: 23.160 Loading class com/badlogic/gdx/scenes/scene2d/ui/ImageTextButton$ImageTextButtonStyle
Event: 23.160 Loading class com/badlogic/gdx/scenes/scene2d/ui/ImageTextButton$ImageTextButtonStyle done
Event: 23.160 Loading class com/badlogic/gdx/scenes/scene2d/ui/Label$LabelStyle
Event: 23.160 Loading class com/badlogic/gdx/scenes/scene2d/ui/Label$LabelStyle done
Event: 23.161 Loading class jdk/internal/misc/Signal$1
Event: 23.161 Loading class jdk/internal/misc/Signal$1 done
Event: 23.161 Loading class com/badlogic/gdx/scenes/scene2d/ui/List$ListStyle
Event: 23.161 Loading class com/badlogic/gdx/scenes/scene2d/ui/List$ListStyle done
Event: 23.162 Loading class com/badlogic/gdx/scenes/scene2d/ui/ProgressBar$ProgressBarStyle
Event: 23.162 Loading class com/badlogic/gdx/scenes/scene2d/ui/ProgressBar$ProgressBarStyle done
Event: 23.163 Loading class java/io/FileOutputStream$1
Event: 23.163 Loading class java/io/FileOutputStream$1 done
Event: 23.164 Loading class com/badlogic/gdx/scenes/scene2d/ui/ScrollPane$ScrollPaneStyle
Event: 23.164 Loading class com/badlogic/gdx/scenes/scene2d/ui/ScrollPane$ScrollPaneStyle done

Classes unloaded (0 events):
No events

Classes redefined (0 events):
No events

Internal exceptions (20 events):
Event: 1.088 Thread 0x000002918c898200 Exception <a 'java/lang/NoSuchMethodError'{0x0000000711bfb6e8}: 'int java.lang.invoke.DirectMethodHandle$Holder.invokeStaticInit(java.lang.Object, java.lang.Object, int, long)'> (0x0000000711bfb6e8) 
thrown [s\src\hotspot\share\interpreter\linkResolver.cpp, line 773]
Event: 1.088 Thread 0x000002918c898200 Exception <a 'java/lang/NoSuchMethodError'{0x0000000711400c08}: 'java.lang.Object java.lang.invoke.DirectMethodHandle$Holder.newInvokeSpecial(java.lang.Object, java.lang.Object, int)'> (0x0000000711400c08) 
thrown [s\src\hotspot\share\interpreter\linkResolver.cpp, line 773]
Event: 1.090 Thread 0x000002918c898200 Exception <a 'java/lang/NoSuchMethodError'{0x00000007114138b0}: 'int java.lang.invoke.DirectMethodHandle$Holder.invokeStaticInit(java.lang.Object, java.lang.Object, long, long)'> (0x00000007114138b0) 
thrown [s\src\hotspot\share\interpreter\linkResolver.cpp, line 773]
Event: 1.090 Thread 0x000002918c898200 Exception <a 'java/lang/NoSuchMethodError'{0x0000000711418cb0}: 'java.lang.Object java.lang.invoke.DirectMethodHandle$Holder.newInvokeSpecial(java.lang.Object, java.lang.Object, long)'> (0x0000000711418cb0) 
thrown [s\src\hotspot\share\interpreter\linkResolver.cpp, line 773]
Event: 1.090 Thread 0x000002918c898200 Exception <a 'java/lang/NoSuchMethodError'{0x000000071141c348}: 'java.lang.Object java.lang.invoke.Invokers$Holder.linkToTargetMethod(java.lang.Object, long, java.lang.Object)'> (0x000000071141c348) 
thrown [s\src\hotspot\share\interpreter\linkResolver.cpp, line 773]
Event: 1.091 Thread 0x000002918c898200 Exception <a 'java/lang/NoSuchMethodError'{0x0000000711423270}: 'int java.lang.invoke.DirectMethodHandle$Holder.invokeStaticInit(java.lang.Object, java.lang.Object, java.lang.Object, long)'> (0x0000000711423270) 
thrown [s\src\hotspot\share\interpreter\linkResolver.cpp, line 773]
Event: 1.104 Thread 0x000002918c898200 Exception <a 'sun/nio/fs/WindowsException'{0x000000071148e358}> (0x000000071148e358) 
thrown [s\src\hotspot\share\prims\jni.cpp, line 520]
Event: 1.104 Thread 0x000002918c898200 Exception <a 'sun/nio/fs/WindowsException'{0x000000071148e6f8}> (0x000000071148e6f8) 
thrown [s\src\hotspot\share\prims\jni.cpp, line 520]
Event: 1.126 Thread 0x000002918c898200 Exception <a 'sun/nio/fs/WindowsException'{0x0000000711546098}> (0x0000000711546098) 
thrown [s\src\hotspot\share\prims\jni.cpp, line 520]
Event: 1.126 Thread 0x000002918c898200 Exception <a 'sun/nio/fs/WindowsException'{0x0000000711546408}> (0x0000000711546408) 
thrown [s\src\hotspot\share\prims\jni.cpp, line 520]
Event: 1.129 Thread 0x000002918c898200 Exception <a 'java/lang/NoSuchMethodError'{0x000000071154c918}: 'int java.lang.invoke.Invokers$Holder.invokeExact_MT(java.lang.Object, java.lang.Object)'> (0x000000071154c918) 
thrown [s\src\hotspot\share\interpreter\linkResolver.cpp, line 773]
Event: 1.161 Thread 0x000002918c898200 Exception <a 'sun/nio/fs/WindowsException'{0x00000007115ed258}> (0x00000007115ed258) 
thrown [s\src\hotspot\share\prims\jni.cpp, line 520]
Event: 1.161 Thread 0x000002918c898200 Exception <a 'sun/nio/fs/WindowsException'{0x00000007115ed5e0}> (0x00000007115ed5e0) 
thrown [s\src\hotspot\share\prims\jni.cpp, line 520]
Event: 1.275 Thread 0x000002918c898200 Exception <a 'java/lang/NoSuchMethodError'{0x0000000711232868}: 'java.lang.Object java.lang.invoke.DirectMethodHandle$Holder.newInvokeSpecial(java.lang.Object, long)'> (0x0000000711232868) 
thrown [s\src\hotspot\share\interpreter\linkResolver.cpp, line 773]
Event: 1.362 Thread 0x000002918c898200 Exception <a 'java/lang/NoSuchMethodError'{0x00000007113bf7f0}: 'void java.lang.System.load(java.lang.String, java.lang.Class)'> (0x00000007113bf7f0) 
thrown [s\src\hotspot\share\interpreter\linkResolver.cpp, line 773]
Event: 1.363 Thread 0x000002918c898200 Exception <a 'java/lang/NoSuchMethodError'{0x00000007113c2240}: 'void java.lang.System.loadLibrary(java.lang.String, java.lang.Class)'> (0x00000007113c2240) 
thrown [s\src\hotspot\share\interpreter\linkResolver.cpp, line 773]
Event: 1.365 Thread 0x000002918c898200 Exception <a 'sun/nio/fs/WindowsException'{0x00000007113d3aa0}> (0x00000007113d3aa0) 
thrown [s\src\hotspot\share\prims\jni.cpp, line 520]
Event: 1.365 Thread 0x000002918c898200 Exception <a 'sun/nio/fs/WindowsException'{0x00000007113d3e50}> (0x00000007113d3e50) 
thrown [s\src\hotspot\share\prims\jni.cpp, line 520]
Event: 1.369 Thread 0x000002918c898200 Exception <a 'sun/nio/fs/WindowsException'{0x00000007113e1498}> (0x00000007113e1498) 
thrown [s\src\hotspot\share\prims\jni.cpp, line 520]
Event: 1.369 Thread 0x000002918c898200 Exception <a 'sun/nio/fs/WindowsException'{0x00000007113e1780}> (0x00000007113e1780) 
thrown [s\src\hotspot\share\prims\jni.cpp, line 520]

ZGC Phase Switch (0 events):
No events

VM Operations (20 events):
Event: 20.272 Executing VM operation: ChangeSingleStep done
Event: 20.272 Executing VM operation: ChangeSingleStep
Event: 20.272 Executing VM operation: ChangeSingleStep done
Event: 20.286 Executing VM operation: HandshakeAllThreads (Deoptimize)
Event: 20.286 Executing VM operation: HandshakeAllThreads (Deoptimize) done
Event: 20.523 Executing VM operation: ChangeSingleStep
Event: 20.523 Executing VM operation: ChangeSingleStep done
Event: 20.523 Executing VM operation: ChangeSingleStep
Event: 20.523 Executing VM operation: ChangeSingleStep done
Event: 20.527 Executing VM operation: get/set locals
Event: 20.527 Executing VM operation: get/set locals done
Event: 20.528 Executing VM operation: get/set locals
Event: 20.528 Executing VM operation: get/set locals done
Event: 23.134 Executing VM operation: ChangeBreakpoints
Event: 23.134 Executing VM operation: ChangeBreakpoints done
Event: 23.134 Executing VM operation: ChangeBreakpoints
Event: 23.134 Executing VM operation: ChangeBreakpoints done
Event: 23.134 Executing VM operation: ChangeBreakpoints
Event: 23.134 Executing VM operation: ChangeBreakpoints done
Event: 23.164 Executing VM operation: Exit

Memory protections (0 events):
No events

Nmethod flushes (0 events):
No events

Events (20 events):
Event: 0.052 Thread 0x000002918c898200 Thread added: 0x00000291add4b850
Event: 0.052 Thread 0x000002918c898200 Thread added: 0x00000291add57c00
Event: 0.125 Thread 0x000002918c898200 Thread added: 0x00000291adcfdc30
Event: 0.152 Thread 0x000002918c898200 Thread added: 0x00000291f31e5670
Event: 0.153 Thread 0x000002918c898200 Thread added: 0x00000291f3211e50
Event: 0.153 Thread 0x00000291f31e5670 Thread added: 0x00000291f32124e0
Event: 0.183 Thread 0x000002918c898200 Thread added: 0x00000291f32bee20
Event: 0.231 Thread 0x00000291add57c00 Thread added: 0x00000291f334c6b0
Event: 0.419 Thread 0x00000291add57c00 Thread added: 0x00000291f3741060
Event: 1.276 Thread 0x00000291f3741060 Thread exited: 0x00000291f3741060
Event: 1.284 Thread 0x000002918c898200 Thread added: 0x00000291f47c4e00
Event: 1.475 Thread 0x00000291f334c6b0 Thread exited: 0x00000291f334c6b0
Event: 23.134 Thread 0x00000291f32124e0 Thread exited: 0x00000291f32124e0
Event: 23.137 Thread 0x00000291f31e5670 Thread exited: 0x00000291f31e5670
Event: 23.161 Thread 0x00000291add3c510 Thread added: 0x00000291f31e5670
Event: 23.162 Thread 0x00000291f31e5670 Thread added: 0x00000291faa85ac0
Event: 23.162 Thread 0x00000291f31e5670 Thread added: 0x00000291f35d2d20
Event: 23.162 Thread 0x00000291faa85ac0 Thread exited: 0x00000291faa85ac0
Event: 23.164 Thread 0x00000291f35d2d20 Thread exited: 0x00000291f35d2d20
Event: 23.164 Thread 0x00000291f31e5670 Before exit entered


Dynamic libraries:
0x00007ff71dc60000 - 0x00007ff71dc6e000 	C:\Users\Lenovo\.jdks\corretto-21.0.4\bin\java.exe
0x00007fffe4430000 - 0x00007fffe4647000 	C:\WINDOWS\SYSTEM32\ntdll.dll
0x00007fffe2d60000 - 0x00007fffe2e24000 	C:\WINDOWS\System32\KERNEL32.DLL
0x00007fffe17c0000 - 0x00007fffe1b77000 	C:\WINDOWS\System32\KERNELBASE.dll
0x00007fffe1e10000 - 0x00007fffe1f21000 	C:\WINDOWS\System32\ucrtbase.dll
0x00007fffd04e0000 - 0x00007fffd04f8000 	C:\Users\Lenovo\.jdks\corretto-21.0.4\bin\jli.dll
0x00007fffd04c0000 - 0x00007fffd04db000 	C:\Users\Lenovo\.jdks\corretto-21.0.4\bin\VCRUNTIME140.dll
0x00007fffe2ef0000 - 0x00007fffe309f000 	C:\WINDOWS\System32\USER32.dll
0x00007fffc5960000 - 0x00007fffc5bf3000 	C:\WINDOWS\WinSxS\amd64_microsoft.windows.common-controls_6595b64144ccf1df_6.0.22621.3672_none_2713b9d173822955\COMCTL32.dll
0x00007fffe2100000 - 0x00007fffe2126000 	C:\WINDOWS\System32\win32u.dll
0x00007fffe3300000 - 0x00007fffe33a7000 	C:\WINDOWS\System32\msvcrt.dll
0x00007fffe30a0000 - 0x00007fffe30c9000 	C:\WINDOWS\System32\GDI32.dll
0x00007fffe1cf0000 - 0x00007fffe1e08000 	C:\WINDOWS\System32\gdi32full.dll
0x00007fffe1f30000 - 0x00007fffe1fca000 	C:\WINDOWS\System32\msvcp_win.dll
0x00007fffe3920000 - 0x00007fffe3951000 	C:\WINDOWS\System32\IMM32.DLL
0x00007fffda4a0000 - 0x00007fffda4ac000 	C:\Users\Lenovo\.jdks\corretto-21.0.4\bin\vcruntime140_1.dll
0x00007fffadc30000 - 0x00007fffadcbd000 	C:\Users\Lenovo\.jdks\corretto-21.0.4\bin\msvcp140.dll
0x00007fff299e0000 - 0x00007fff2a776000 	C:\Users\Lenovo\.jdks\corretto-21.0.4\bin\server\jvm.dll
0x00007fffe2e30000 - 0x00007fffe2ee2000 	C:\WINDOWS\System32\ADVAPI32.dll
0x00007fffe2cb0000 - 0x00007fffe2d58000 	C:\WINDOWS\System32\sechost.dll
0x00007fffe2130000 - 0x00007fffe2158000 	C:\WINDOWS\System32\bcrypt.dll
0x00007fffe3170000 - 0x00007fffe3284000 	C:\WINDOWS\System32\RPCRT4.dll
0x00007fffe30f0000 - 0x00007fffe3161000 	C:\WINDOWS\System32\WS2_32.dll
0x00007fffe0ed0000 - 0x00007fffe0f1d000 	C:\WINDOWS\SYSTEM32\POWRPROF.dll
0x00007fffda3b0000 - 0x00007fffda3e4000 	C:\WINDOWS\SYSTEM32\WINMM.dll
0x00007fffd16a0000 - 0x00007fffd16aa000 	C:\WINDOWS\SYSTEM32\VERSION.dll
0x00007fffe0eb0000 - 0x00007fffe0ec3000 	C:\WINDOWS\SYSTEM32\UMPDC.dll
0x00007fffe0750000 - 0x00007fffe0768000 	C:\WINDOWS\SYSTEM32\kernel.appcore.dll
0x00007fffd6830000 - 0x00007fffd683a000 	C:\Users\Lenovo\.jdks\corretto-21.0.4\bin\jimage.dll
0x00007fffdedf0000 - 0x00007fffdf022000 	C:\WINDOWS\SYSTEM32\DBGHELP.DLL
0x00007fffe34b0000 - 0x00007fffe383e000 	C:\WINDOWS\System32\combase.dll
0x00007fffe3840000 - 0x00007fffe3917000 	C:\WINDOWS\System32\OLEAUT32.dll
0x00007fffd0690000 - 0x00007fffd06c2000 	C:\WINDOWS\SYSTEM32\dbgcore.DLL
0x00007fffe1740000 - 0x00007fffe17bb000 	C:\WINDOWS\System32\bcryptPrimitives.dll
0x00007fff7abf0000 - 0x00007fff7ac2c000 	C:\Users\Lenovo\.jdks\corretto-21.0.4\bin\jdwp.dll
0x00007fffbecb0000 - 0x00007fffbecbe000 	C:\Users\Lenovo\.jdks\corretto-21.0.4\bin\instrument.dll
0x00007fffd04a0000 - 0x00007fffd04bf000 	C:\Users\Lenovo\.jdks\corretto-21.0.4\bin\java.dll
0x00007fffbf8c0000 - 0x00007fffbf8d8000 	C:\Users\Lenovo\.jdks\corretto-21.0.4\bin\zip.dll
0x00007fffe3b80000 - 0x00007fffe43e9000 	C:\WINDOWS\System32\SHELL32.dll
0x00007fffdf660000 - 0x00007fffdff5f000 	C:\WINDOWS\SYSTEM32\windows.storage.dll
0x00007fffdf520000 - 0x00007fffdf65f000 	C:\WINDOWS\SYSTEM32\wintypes.dll
0x00007fffe2660000 - 0x00007fffe2759000 	C:\WINDOWS\System32\SHCORE.dll
0x00007fffe32a0000 - 0x00007fffe32fe000 	C:\WINDOWS\System32\shlwapi.dll
0x00007fffe1670000 - 0x00007fffe1697000 	C:\WINDOWS\SYSTEM32\profapi.dll
0x00007fff8b470000 - 0x00007fff8b547000 	C:\Users\Lenovo\.jdks\corretto-21.0.4\bin\jsvml.dll
0x00007fffbeca0000 - 0x00007fffbecab000 	C:\Users\Lenovo\.jdks\corretto-21.0.4\bin\dt_socket.dll
0x00007fffe01c0000 - 0x00007fffe01ed000 	C:\WINDOWS\SYSTEM32\IPHLPAPI.DLL
0x00007fffe0bb0000 - 0x00007fffe0c19000 	C:\WINDOWS\system32\mswsock.dll
0x00007fffd67e0000 - 0x00007fffd67f0000 	C:\Users\Lenovo\.jdks\corretto-21.0.4\bin\net.dll
0x00007fffdcf20000 - 0x00007fffdd056000 	C:\WINDOWS\SYSTEM32\WINHTTP.dll
0x00007fffce100000 - 0x00007fffce116000 	C:\Users\Lenovo\.jdks\corretto-21.0.4\bin\nio.dll
0x00007fffbec40000 - 0x00007fffbec49000 	C:\Users\Lenovo\.jdks\corretto-21.0.4\bin\management.dll
0x00007fffbeb20000 - 0x00007fffbeb2b000 	C:\Users\Lenovo\.jdks\corretto-21.0.4\bin\management_ext.dll
0x00007fffe2280000 - 0x00007fffe2288000 	C:\WINDOWS\System32\PSAPI.DLL
0x00007fffab550000 - 0x00007fffab567000 	C:\WINDOWS\system32\napinsp.dll
0x00007fffa2b60000 - 0x00007fffa2b7b000 	C:\WINDOWS\system32\pnrpnsp.dll
0x00007fffe0230000 - 0x00007fffe0332000 	C:\WINDOWS\SYSTEM32\DNSAPI.dll
0x00007fffe2760000 - 0x00007fffe2769000 	C:\WINDOWS\System32\NSI.dll
0x00007fffa2b40000 - 0x00007fffa2b51000 	C:\WINDOWS\System32\winrnr.dll
0x00007fffd5e30000 - 0x00007fffd5e45000 	C:\WINDOWS\system32\wshbth.dll
0x00007fffa30d0000 - 0x00007fffa30f7000 	C:\WINDOWS\system32\nlansp_c.dll
0x00007fffd4880000 - 0x00007fffd488a000 	C:\Windows\System32\rasadhlp.dll
0x00007fffd6420000 - 0x00007fffd64a3000 	C:\WINDOWS\System32\fwpuclnt.dll
0x00007fffe0ff0000 - 0x00007fffe100b000 	C:\WINDOWS\SYSTEM32\CRYPTSP.dll
0x00007fffe06b0000 - 0x00007fffe06e5000 	C:\WINDOWS\system32\rsaenh.dll
0x00007fffe0c50000 - 0x00007fffe0c78000 	C:\WINDOWS\SYSTEM32\USERENV.dll
0x00007fffe0fd0000 - 0x00007fffe0fdc000 	C:\WINDOWS\SYSTEM32\CRYPTBASE.dll
0x000000006e700000 - 0x000000006e72d000 	C:\Users\Lenovo\AppData\Local\Temp\libgdxLenovo\2a9d7f76\gdx64.dll
0x00007fff65ee0000 - 0x00007fff65f5b000 	C:\Users\Lenovo\AppData\Local\Temp\lwjgl_Lenovo\3.3.3+5\x64\lwjgl.dll
0x00007fff35030000 - 0x00007fff352a0000 	C:\Users\Lenovo\AppData\Local\Temp\lwjgl_Lenovo\3.3.3+5\x64\jemalloc.dll
0x00007fff65e50000 - 0x00007fff65ed2000 	C:\Users\Lenovo\AppData\Local\Temp\lwjgl_Lenovo\3.3.3+5\x64\glfw.dll
0x00007fff787a0000 - 0x00007fff787e6000 	C:\WINDOWS\SYSTEM32\dinput8.dll
0x00007fffa40c0000 - 0x00007fffa40d1000 	C:\WINDOWS\SYSTEM32\xinput1_4.dll
0x00007fffe1430000 - 0x00007fffe147e000 	C:\WINDOWS\SYSTEM32\cfgmgr32.dll
0x00007fffe1400000 - 0x00007fffe142c000 	C:\WINDOWS\SYSTEM32\DEVOBJ.dll
0x00007fffde7e0000 - 0x00007fffde80b000 	C:\WINDOWS\SYSTEM32\dwmapi.dll
0x00007fffc78b0000 - 0x00007fffc7ac3000 	C:\WINDOWS\SYSTEM32\inputhost.dll
0x00007fffdbe70000 - 0x00007fffdbfa3000 	C:\WINDOWS\SYSTEM32\CoreMessaging.dll
0x00007fffde560000 - 0x00007fffde611000 	C:\WINDOWS\system32\uxtheme.dll
0x00007fffe2340000 - 0x00007fffe249f000 	C:\WINDOWS\System32\MSCTF.dll
0x00007fff34e60000 - 0x00007fff35027000 	C:\Users\Lenovo\AppData\Local\Temp\lwjgl_Lenovo\3.3.3+5\x64\OpenAL.dll
0x00007fffe39b0000 - 0x00007fffe3b55000 	C:\WINDOWS\System32\ole32.dll
0x00007fffe2290000 - 0x00007fffe2340000 	C:\WINDOWS\System32\clbcatq.dll
0x00007fffce4e0000 - 0x00007fffce57e000 	C:\WINDOWS\System32\MMDevApi.dll
0x00007fffc1ee0000 - 0x00007fffc20cd000 	C:\WINDOWS\SYSTEM32\AUDIOSES.DLL
0x00007fffdece0000 - 0x00007fffdecf5000 	C:\WINDOWS\SYSTEM32\resourcepolicyclient.dll
0x00007fff995f0000 - 0x00007fff996f0000 	C:\WINDOWS\SYSTEM32\opengl32.dll
0x00007fffab1a0000 - 0x00007fffab1cd000 	C:\WINDOWS\SYSTEM32\GLU32.dll
0x00007fffde690000 - 0x00007fffde6c7000 	C:\WINDOWS\SYSTEM32\dxcore.dll
0x00007fffd5dc0000 - 0x00007fffd5e09000 	C:\WINDOWS\SYSTEM32\directxdatabasehelper.dll
0x00007fffd6290000 - 0x00007fffd63d4000 	C:\Windows\System32\AppXDeploymentClient.dll
0x00007fff1ef80000 - 0x00007fff1ff58000 	C:\WINDOWS\System32\DriverStore\FileRepository\iigd_dch.inf_amd64_c529b210005a7e19\igxelpicd64.dll
0x00007fffde6d0000 - 0x00007fffde7c7000 	C:\WINDOWS\system32\dxgi.dll
0x00007fff50380000 - 0x00007fff504be000 	C:\WINDOWS\System32\DriverStore\FileRepository\iigd_dch.inf_amd64_c529b210005a7e19\igdml64.dll
0x00007fffd0ff0000 - 0x00007fffd13e0000 	C:\WINDOWS\System32\DriverStore\FileRepository\iigd_dch.inf_amd64_c529b210005a7e19\igdgmm64.dll
0x00007fffc7ee0000 - 0x00007fffcc524000 	C:\WINDOWS\System32\DriverStore\FileRepository\iigd_dch.inf_amd64_c529b210005a7e19\igc64.dll
0x00007fff65df0000 - 0x00007fff65e4e000 	C:\Users\Lenovo\AppData\Local\Temp\lwjgl_Lenovo\3.3.3+5\x64\lwjgl_opengl.dll
0x00007fffc7450000 - 0x00007fffc7593000 	C:\WINDOWS\SYSTEM32\textinputframework.dll
0x00007fffd55c0000 - 0x00007fffd592d000 	C:\WINDOWS\SYSTEM32\CoreUIComponents.dll

dbghelp: loaded successfully - version: 4.0.5 - missing functions: none
symbol engine: initialized successfully - sym options: 0x614 - pdb path: .;C:\Users\Lenovo\.jdks\corretto-21.0.4\bin;C:\WINDOWS\SYSTEM32;C:\WINDOWS\WinSxS\amd64_microsoft.windows.common-controls_6595b64144ccf1df_6.0.22621.3672_none_2713b9d173822955;C:\Users\Lenovo\.jdks\corretto-21.0.4\bin\server;C:\Users\Lenovo\AppData\Local\Temp\libgdxLenovo\2a9d7f76;C:\Users\Lenovo\AppData\Local\Temp\lwjgl_Lenovo\3.3.3+5\x64;C:\WINDOWS\System32\DriverStore\FileRepository\iigd_dch.inf_amd64_c529b210005a7e19

VM Arguments:
jvm_args: -agentlib:jdwp=transport=dt_socket,address=127.0.0.1:1026,suspend=y,server=n -javaagent:C:\Users\Lenovo\AppData\Local\JetBrains\IntelliJIdea2024.1\captureAgent\debugger-agent.jar -Dfile.encoding=UTF-8 -Dsun.stdout.encoding=UTF-8 -Dsun.stderr.encoding=UTF-8 
java_command: jumper.game.DesktopLauncher
java_class_path (initial): C:\Users\Lenovo\Desktop\class\advancedJava\my-java\nju-java-programming\jwork-05-mywork\rougelikegame\client\target\classes;C:\Users\Lenovo\.m2\repository\com\badlogicgames\gdx\gdx\1.12.1\gdx-1.12.1.jar;C:\Users\Lenovo\.m2\repository\com\badlogicgames\gdx\gdx-jnigen-loader\2.3.1\gdx-jnigen-loader-2.3.1.jar;C:\Users\Lenovo\.m2\repository\com\badlogicgames\gdx\gdx-platform\1.12.1\gdx-platform-1.12.1-natives-desktop.jar;C:\Users\Lenovo\.m2\repository\com\badlogicgames\gdx\gdx-backend-lwjgl3\1.12.1\gdx-backend-lwjgl3-1.12.1.jar;C:\Users\Lenovo\.m2\repository\org\lwjgl\lwjgl\3.3.3\lwjgl-3.3.3.jar;C:\Users\Lenovo\.m2\repository\org\lwjgl\lwjgl\3.3.3\lwjgl-3.3.3-natives-linux.jar;C:\Users\Lenovo\.m2\repository\org\lwjgl\lwjgl\3.3.3\lwjgl-3.3.3-natives-linux-arm32.jar;C:\Users\Lenovo\.m2\repository\org\lwjgl\lwjgl\3.3.3\lwjgl-3.3.3-natives-linux-arm64.jar;C:\Users\Lenovo\.m2\repository\org\lwjgl\lwjgl\3.3.3\lwjgl-3.3.3-natives-macos.jar;C:\Users\Lenovo\.m2\repository\org\lwjgl\lwjgl\3.3.3\lwjgl-3.3.3-natives-macos-arm64.jar;C:\Users\Lenovo\.m2\repository\org\lwjgl\lwjgl\3.3.3\lwjgl-3.3.3-natives-windows.jar;C:\Users\Lenovo\.m2\repository\org\lwjgl\lwjgl\3.3.3\lwjgl-3.3.3-natives-windows-x86.jar;C:\Users\Lenovo\.m2\repository\org\lwjgl\lwjgl-glfw\3.3.3\lwjgl-glfw-3.3.3.jar;C:\Users\Lenovo\.m2\repository\org\lwjgl\lwjgl-glfw\3.3.3\lwjgl-glfw-3.3.3-natives-linux.jar;C:\Users\Lenovo\.m2\repository\org\lwjgl\lwjgl-glfw\3.3.3\lwjgl-glfw-3.3.3-natives-linux-arm32.jar;C:\Users\Lenovo\.m2\repository\org\lwjgl\lwjgl-glfw\3.3.3\lwjgl-glfw-3.3.3-natives-linux-arm64.jar;C:\Users\Lenovo\.m2\repository\org\lwjgl\lwjgl-glfw\3.3.3\lwjgl-glfw-3.3.3-natives-macos.jar;C:\Users\Lenovo\.m2\repository\org\lwjgl\lwjgl-glfw\3.3.3\lwjgl-glfw-3.3.3-natives-macos-arm64.jar;C:\Users\Lenovo\.m2\repository\org\lwjgl\lwjgl-glfw\3.3.3\lwjgl-glfw-3.3.3-natives-windows.jar;C:\Users\Lenovo\.m2\repository\org\lwjgl\lwjgl-glfw\3.3.3\lwjgl-glfw-3.3.3-natives-windows-x86.jar;C:\Users\Lenovo\.m2\repository\org\lwjgl\lwjgl-jemalloc\3.3.3\lwjgl-jemalloc-3.3.3.jar;C:\Users\Lenovo\.m2\repository\org\lwjgl\lwjgl-jemalloc\3.3.3\lwjgl-jemalloc-3.3.3-natives-linux.jar;C:\Users\Lenovo\.m2\repository\org\lwjgl\lwjgl-jemalloc\3.3.3\lwjgl-jemalloc-3.3.3-natives-linux-arm32.jar;C:\Users\Lenovo\.m2\repository\org\lwjgl\lwjgl-jemalloc\3.3.3\lwjgl-jemalloc-3.3.3-natives-linux-arm64.jar;C:\Users\Lenovo\.m2\repository\org\lwjgl\lwjgl-jemalloc\3.3.3\lwjgl-jemalloc-3.3.3-natives-macos.jar;C:\Users\Lenovo\.m2\repository\org\lwjgl\lwjgl-jemalloc\3.3.3\lwjgl-jemalloc-3.3.3-natives-macos-arm64.jar;C:\Users\Lenovo\.m2\repository\org\lwjgl\lwjgl-jemalloc\3.3.3\lwjgl-jemalloc-3.3.3-natives-windows.jar;C:\Users\Lenovo\.m2\repository\org\lwjgl\lwjgl-jemalloc\3.3.3\lwjgl-jemalloc-3.3.3-natives-windows-x86.jar;C:\Users\Lenovo\.m2\repository\org\lwjgl\lwjgl-openal\3.3.3\lwjgl-openal-3.3.3.jar;C:\Users\Lenovo\.m2\repository\org\lwjgl\lwjgl-openal\3.3.3\lwjgl-openal-3.3.3-natives-linux.jar;C:\Users\Lenovo\.m2\repository\org\lwjgl\lwjgl-openal\3.3.3\lwjgl-openal-3.3.3-natives-linux-arm32.jar;C:\Users\Lenovo\.m2\repository\org\lwjgl\lwjgl-openal\3.3.3\lwjgl-openal-3.3.3-natives-linux-arm64.jar;C:\Users\Lenovo\.m2\repository\org\lwjgl\lwjgl-openal\3.3.3\lwjgl-openal-3.3.3-natives-macos.jar;C:\Users\Lenovo\.m2\repository\org\lwjgl\lwjgl-openal\3.3.3\lwjgl-openal-3.3.3-natives-macos-arm64.jar;C:\Users\Lenovo\.m2\repository\org\lwjgl\lwjgl-openal\3.3.3\lwjgl-openal-3.3.3-natives-windows.jar;C:\Users\Lenovo\.m2\repository\org\lwjgl\lwjgl-openal\3.3.3\lwjgl-openal-3.3.3-natives-windows-x86.jar;C:\Users\Lenovo\.m2\repository\org\lwjgl\lwjgl-opengl\3.3.3\lwjgl-opengl-3.3.3.jar;C:\Users\Lenovo\.m2\repository\org\lwjgl\lwjgl-opengl\3.3.3\lwjgl-opengl-3.3.3-natives-linux.jar;C:\Users\Lenovo\.m2\repository\org\lwjgl\lwjgl-opengl\3.3.3\lwjgl-opengl-3.3.3-natives-linux-arm32.jar;C:\Users\Lenovo\.m2\repository\org\lwjgl\lwjgl-opengl\3.3.3\lwjgl-opengl-3.3.3-natives-linux-arm64.jar;C:\Users\Lenovo\.m2\repository\org\lwjgl\lwjgl-opengl\3.3.3\lwjgl-opengl-3.3.3-natives-macos.jar;C:\Users\Lenovo\.m2\repository\org\lwjgl\lwjgl-opengl\3.3.3\lwjgl-opengl-3.3.3-natives-macos-arm64.jar;C:\Users\Lenovo\.m2\repository\org\lwjgl\lwjgl-opengl\3.3.3\lwjgl-opengl-3.3.3-natives-windows.jar;C:\Users\Lenovo\.m2\repository\org\lwjgl\lwjgl-opengl\3.3.3\lwjgl-opengl-3.3.3-natives-windows-x86.jar;C:\Users\Lenovo\.m2\repository\org\lwjgl\lwjgl-stb\3.3.3\lwjgl-stb-3.3.3.jar;C:\Users\Lenovo\.m2\repository\org\lwjgl\lwjgl-stb\3.3.3\lwjgl-stb-3.3.3-natives-linux.jar;C:\Users\Lenovo\.m2\repository\org\lwjgl\lwjgl-stb\3.3.3\lwjgl-stb-3.3.3-natives-linux-arm32.jar;C:\Users\Lenovo\.m2\repository\org\lwjgl\lwjgl-stb\3.3.3\lwjgl-stb-3.3.3-natives-linux-arm64.jar;C:\Users\Lenovo\.m2\repository\org\lwjgl\lwjgl-stb\3.3.3\lwjgl-stb-3.3.3-natives-macos.jar;C:\Users\Lenovo\.m2\repository\org\lwjgl\lwjgl-stb\3.3.3\lwjgl-stb-3.3.3-natives-macos-arm64.jar;C:\Users\Lenovo\.m2\repository\org\lwjgl\lwjgl-stb\3.3.3\lwjgl-stb-3.3.3-natives-windows.jar;C:\Users\Lenovo\.m2\repository\org\lwjgl\lwjgl-stb\3.3.3\lwjgl-stb-3.3.3-natives-windows-x86.jar;C:\Users\Lenovo\.m2\repository\com\badlogicgames\jlayer\jlayer\1.0.1-gdx\jlayer-1.0.1-gdx.jar;C:\Users\Lenovo\.m2\repository\org\jcraft\jorbis\0.0.17\jorbis-0.0.17.jar;C:\Users\Lenovo\.m2\repository\com\badlogicgames\gdx\gdx-ai\1.8.2\gdx-ai-1.8.2.jar;C:\Users\Lenovo\.m2\repository\com\badlogicgames\gdx\gdx-freetype\1.12.1\gdx-freetype-1.12.1.jar;C:\Users\Lenovo\.m2\repository\com\github\crykn\kryonet\2.22.8\kryonet-2.22.8.jar;C:\Users\Lenovo\.m2\repository\com\github\EsotericSoftware\jsonbeans\c3520fcc51\jsonbeans-c3520fcc51.jar;C:\Users\Lenovo\.m2\repository\com\esotericsoftware\kryo\5.4.0\kryo-5.4.0.jar;C:\Users\Lenovo\.m2\repository\com\esotericsoftware\reflectasm\1.11.9\reflectasm-1.11.9.jar;C:\Users\Lenovo\.m2\repository\com\esotericsoftware\minlog\1.3.1\minlog-1.3.1.jar;C:\Users\Lenovo\.m2\repository\kryonet\kryonet\2.21\kryonet-2.21.jar;C:\Users\Lenovo\.m2\repository\com\esotericsoftware\reflectasm\reflectasm\1.07\reflectasm-1.07-shaded.jar;C:\Users\Lenovo\.m2\repository\com\esotericsoftware\minlog\minlog\1.2\minlog-1.2.jar;C:\Users\Lenovo\.m2\repository\org\objenesis\objenesis\2.1\objenesis-2.1.jar;C:\Users\Lenovo\Desktop\class\advancedJava\my-java\nju-java-programming\jwork-05-mywork\rougelikegame\common\target\classes;C:\Users\Lenovo\.m2\repository\org\jetbrains\annotations\16.0.3\annotations-16.0.3.jar;C:\Users\Lenovo\.m2\repository\org\apache\logging\log4j\log4j-api\2.12.4\log4j-api-2.12.4.jar;C:\Users\Lenovo\.m2\repository\org\apache\logging\log4j\log4j-core\2.12.4\log4j-core-2.12.4.jar;C:\Users\Lenovo\AppData\Local\Programs\IntelliJ IDEA Ultimate\lib\idea_rt.jar
Launcher Type: SUN_STANDARD

[Global flags]
     intx CICompilerCount                          = 4                                         {product} {ergonomic}
     uint ConcGCThreads                            = 2                                         {product} {ergonomic}
     uint G1ConcRefinementThreads                  = 8                                         {product} {ergonomic}
   size_t G1HeapRegionSize                         = 2097152                                   {product} {ergonomic}
    uintx GCDrainStackTargetSize                   = 64                                        {product} {ergonomic}
   size_t InitialHeapSize                          = 266338304                                 {product} {ergonomic}
   size_t MarkStackSize                            = 4194304                                   {product} {ergonomic}
   size_t MaxHeapSize                              = 4242538496                                {product} {ergonomic}
   size_t MaxNewSize                               = 2543845376                                {product} {ergonomic}
   size_t MinHeapDeltaBytes                        = 2097152                                   {product} {ergonomic}
   size_t MinHeapSize                              = 8388608                                   {product} {ergonomic}
    uintx NonNMethodCodeHeapSize                   = 5839372                                {pd product} {ergonomic}
    uintx NonProfiledCodeHeapSize                  = 122909434                              {pd product} {ergonomic}
    uintx ProfiledCodeHeapSize                     = 122909434                              {pd product} {ergonomic}
    uintx ReservedCodeCacheSize                    = 251658240                              {pd product} {ergonomic}
     bool SegmentedCodeCache                       = true                                      {product} {ergonomic}
   size_t SoftMaxHeapSize                          = 4242538496                             {manageable} {ergonomic}
     bool UseCompressedOops                        = true                           {product lp64_product} {ergonomic}
     bool UseG1GC                                  = true                                      {product} {ergonomic}
     bool UseLargePagesIndividualAllocation        = false                                  {pd product} {ergonomic}

Logging:
Log output configuration:
 #0: stdout all=off uptime,level,tags foldmultilines=false
 #1: stderr all=off uptime,level,tags foldmultilines=false

Environment Variables:
PATH=C:\Program Files\Addinsoft\XLSTAT\;C:\Windows\system32;C:\Windows;C:\Windows\System32\Wbem;C:\Windows\System32\WindowsPowerShell\v1.0\;C:\Windows\System32\OpenSSH\;C:\Program Files\NVIDIA Corporation\NVIDIA NvDLISR;C:\Program Files (x86)\NVIDIA Corporation\PhysX\Common;C:\WINDOWS\system32;C:\WINDOWS;C:\WINDOWS\System32\Wbem;C:\WINDOWS\System32\WindowsPowerShell\v1.0\;C:\WINDOWS\System32\OpenSSH\;C:\Program Files\dotnet\;C:\Program Files\Git\cmd;C:\Users\Lenovo\.jdks\openjdk-21.0.2\bin;C:\Users\Lenovo\AppData\Local\Programs\Python\Python312;C:\Users\Lenovo\AppData\Local\Programs\Python\Launcher\;C:\Users\Lenovo\AppData\Local\Microsoft\WindowsApps;C:\Users\Lenovo\AppData\Local\JetBrains\Toolbox\scripts;C:\Users\Lenovo\AppData\Local\Programs\Microsoft VS Code\bin
USERNAME=Lenovo
OS=Windows_NT
PROCESSOR_IDENTIFIER=Intel64 Family 6 Model 140 Stepping 1, GenuineIntel
TMP=C:\Users\Lenovo\AppData\Local\Temp
TEMP=C:\Users\Lenovo\AppData\Local\Temp




Periodic native trim disabled

---------------  S Y S T E M  ---------------

OS:
 Windows 11 , 64 bit Build 22621 (10.0.22621.3958)
OS uptime: 1 days 6:45 hours
Hyper-V role detected

CPU: total 8 (initial active 8) (4 cores per cpu, 2 threads per core) family 6 model 140 stepping 1 microcode 0x66, cx8, cmov, fxsr, ht, mmx, 3dnowpref, sse, sse2, sse3, ssse3, sse4.1, sse4.2, popcnt, lzcnt, tsc, tscinvbit, avx, avx2, aes, erms, clmul, bmi1, bmi2, adx, avx512f, avx512dq, avx512cd, avx512bw, avx512vl, sha, fma, vzeroupper, avx512_vpopcntdq, avx512_vpclmulqdq, avx512_vaes, avx512_vnni, clflush, clflushopt, clwb, avx512_vbmi2, avx512_vbmi, hv, rdtscp, rdpid, fsrm, gfni, avx512_bitalg, f16c, cet_ibt, cet_ss, avx512_ifma
Processor Information for all 8 processors :
  Max Mhz: 2419, Current Mhz: 2419, Mhz Limit: 2419

Memory: 4k page, system-wide physical 16183M (4636M free)
TotalPageFile size 28471M (AvailPageFile size 11838M)
current process WorkingSet (physical memory assigned to process): 283M, peak: 305M
current process commit charge ("private bytes"): 498M, peak: 522M

vm_info: OpenJDK 64-Bit Server VM (21.0.4+7-LTS) for windows-amd64 JRE (21.0.4+7-LTS), built on 2024-07-10T17:34:29Z by "Administrator" with MS VC++ 16.10 / 16.11 (VS2019)

END.
