#
# A fatal error has been detected by the Java Runtime Environment:
#
#  EXCEPTION_ACCESS_VIOLATION (0xc0000005) at pc=0x00007fff2255c3a2, pid=26544, tid=22476
#
# JRE version: OpenJDK Runtime Environment Corretto-21.0.4.7.1 (21.0.4+7) (build 21.0.4+7-LTS)
# Java VM: OpenJDK 64-Bit Server VM Corretto-21.0.4.7.1 (21.0.4+7-LTS, mixed mode, sharing, tiered, compressed oops, compressed class ptrs, g1 gc, windows-amd64)
# Problematic frame:
# C  [igxelpicd64.dll+0x2bc3a2]
#
# No core dump will be written. Minidumps are not enabled by default on client versions of Windows
#
# If you would like to submit a bug report, please visit:
#   https://github.com/corretto/corretto-21/issues/
#

---------------  S U M M A R Y ------------

Command Line: -javaagent:C:\Users\Lenovo\AppData\Local\Programs\IntelliJ IDEA Ultimate\lib\idea_rt.jar=2754:C:\Users\Lenovo\AppData\Local\Programs\IntelliJ IDEA Ultimate\bin -Dfile.encoding=UTF-8 -Dsun.stdout.encoding=UTF-8 -Dsun.stderr.encoding=UTF-8 jumper.game.DesktopLauncher

Host: 11th Gen Intel(R) Core(TM) i5-1135G7 @ 2.40GHz, 8 cores, 15G,  Windows 11 , 64 bit Build 22621 (10.0.22621.3958)
Time: Fri Oct  4 00:37:23 2024  Windows 11 , 64 bit Build 22621 (10.0.22621.3958) elapsed time: 20.758565 seconds (0d 0h 0m 20s)

---------------  T H R E A D  ---------------

Current thread (0x00000200e12e3a50):  VMThread "VM Thread"          [id=22476, stack(0x0000008b37500000,0x0000008b37600000) (1024K)]

Stack: [0x0000008b37500000,0x0000008b37600000],  sp=0x0000008b375fe230,  free space=1016k
Native frames: (J=compiled Java code, j=interpreted, Vv=VM code, C=native code)
C  [igxelpicd64.dll+0x2bc3a2]


siginfo: EXCEPTION_ACCESS_VIOLATION (0xc0000005), reading address 0x0000000000035888


Registers:
RAX=0x000002012ef85de8, RBX=0x000002012ef85ce0, RCX=0x0000000000000000, RDX=0x00000000fffffff0
RSP=0x0000008b375fe230, RBP=0x0000000000000000, RSI=0x000002012ef862b0, RDI=0x0000020127f00600
R8 =0x0000000000000014, R9 =0x0000000000000000, R10=0x0000000000000000, R11=0x0000000000000246
R12=0x0000020127db2600, R13=0x000002012ef89e80, R14=0x0000000000011500, R15=0x0000000000000016
RIP=0x00007fff2255c3a2, EFLAGS=0x0000000000010206


Register to memory mapping:

RAX=0x000002012ef85de8 points into unknown readable memory: 0x000000000001152a | 2a 15 01 00 00 00 00 00
RBX=0x000002012ef85ce0 points into unknown readable memory: 0x00000201274114b0 | b0 14 41 27 01 02 00 00
RCX=0x0 is null
RDX=0x00000000fffffff0 is an unknown value
RSP=0x0000008b375fe230 points into unknown readable memory: 0x0000020127c78dd0 | d0 8d c7 27 01 02 00 00
RBP=0x0 is null
RSI=0x000002012ef862b0 points into unknown readable memory: 0x000002012ef89e80 | 80 9e f8 2e 01 02 00 00
RDI=0x0000020127f00600 points into unknown readable memory: 0x00000201277ef600 | 00 f6 7e 27 01 02 00 00
R8 =0x0000000000000014 is an unknown value
R9 =0x0 is null
R10=0x0 is null
R11=0x0000000000000246 is an unknown value
R12=0x0000020127db2600 points into unknown readable memory: 0x00007fff22d5d848 | 48 d8 d5 22 ff 7f 00 00
R13=0x000002012ef89e80 points into unknown readable memory: 0x00000201274114b0 | b0 14 41 27 01 02 00 00
R14=0x0000000000011500 is an unknown value
R15=0x0000000000000016 is an unknown value

Top of Stack: (sp=0x0000008b375fe230)
0x0000008b375fe230:   0000020127c78dd0 0000000000000000
0x0000008b375fe240:   000000000000002e 00007fffe44d4114
0x0000008b375fe250:   0000008b375feb40 00007fffe44c5a01
0x0000008b375fe260:   00000200c1f9aef8 00007fff27139623
0x0000008b375fe270:   0000000000000014 000000000001152b
0x0000008b375fe280:   0000b80200000000 0000020127db2618
0x0000008b375fe290:   0000000000000000 0000000000000000
0x0000008b375fe2a0:   0000008b375fe3b0 00007fff2254bdb7
0x0000008b375fe2b0:   0000020127c78dd0 0000020127f00600
0x0000008b375fe2c0:   0000008b375fe400 0000008b375fe400
0x0000008b375fe2d0:   0000008b00002a88 00007fff00000000
0x0000008b375fe2e0:   0000000000000000 00007fffe44c1db1
0x0000008b375fe2f0:   0000008b375fe4d8 00007fffe444d874
0x0000008b375fe300:   00000200bfbe0b64 00000000000000c0
0x0000008b375fe310:   00000200bfbe0b7c 00000200bfbe0b38
0x0000008b375fe320:   0000008b375fe438 0000008b375fe678
0x0000008b375fe330:   0000008b369d1000 00007fffe444dcd6
0x0000008b375fe340:   00000200bfbd0000 00007fff2255e1dc
0x0000008b375fe350:   0000000200000101 0000000000000000
0x0000008b375fe360:   0000b80200000000 0000000000002a88
0x0000008b375fe370:   0000000000000000 4000170000000001
0x0000008b375fe380:   0000000000000000 0000000000000000
0x0000008b375fe390:   0000000000000000 0000000000000000
0x0000008b375fe3a0:   0000000000000000 0000000000000000
0x0000008b375fe3b0:   0000000000000000 0000000000000000
0x0000008b375fe3c0:   0000000000000000 0000000000000000
0x0000008b375fe3d0:   0000000000000000 0000000000000000
0x0000008b375fe3e0:   0000000000000000 0000000000000000
0x0000008b375fe3f0:   0000000000000000 0000000000000000
0x0000008b375fe400:   0000000000000000 0000000000000000
0x0000008b375fe410:   0000000000000000 0000000000000000
0x0000008b375fe420:   0000000000000000 0000000000000000 

Instructions: (pc=0x00007fff2255c3a2)
0x00007fff2255c2a2:   8b fa 48 8b e9 48 8b 1d ba e4 c5 00 48 89 58 08
0x00007fff2255c2b2:   48 8b cb ff 15 4d ee 7e 00 90 4c 8b af 78 02 00
0x00007fff2255c2c2:   00 48 8b 05 16 be b5 00 44 8b b8 90 0b 00 00 45
0x00007fff2255c2d2:   33 d2 45 8a f2 4c 89 97 78 02 00 00 44 89 97 80
0x00007fff2255c2e2:   02 00 00 4c 89 97 98 02 00 00 4c 89 97 88 02 00
0x00007fff2255c2f2:   00 48 85 ed 75 38 8b 35 62 be c5 00 65 48 8b 04
0x00007fff2255c302:   25 58 00 00 00 b9 14 00 00 00 48 8b 04 f0 44 38
0x00007fff2255c312:   14 01 0f 84 30 4d 6c 00 65 48 8b 04 25 58 00 00
0x00007fff2255c322:   00 bd 20 00 00 00 48 8b 04 f0 48 8b 2c 28 48 3b
0x00007fff2255c332:   2d b9 e3 c5 00 45 0f 44 fa 4d 85 ed 0f 84 72 01
0x00007fff2255c342:   00 00 44 8a a4 24 90 00 00 00 49 8b dd 49 8d b5
0x00007fff2255c352:   d0 05 00 00 4c 8b 2e 45 84 e4 0f 85 2c 03 00 00
0x00007fff2255c362:   44 8b 8f c8 01 00 00 48 8b 05 70 bd b5 00 83 b8
0x00007fff2255c372:   68 03 00 00 02 75 36 41 8d 51 f0 41 83 f9 10 0f
0x00007fff2255c382:   83 74 01 00 00 4a 8d 04 cd 21 00 00 00 49 03 c1
0x00007fff2255c392:   48 8d 04 c3 48 85 c0 0f 85 4a 01 00 00 49 8b ca
0x00007fff2255c3a2:   48 3b 8d 88 58 03 00 0f 87 a8 4c 6c 00 48 8d 93
0x00007fff2255c3b2:   08 01 00 00 4c 39 93 48 06 00 00 0f 85 13 4e 6c
0x00007fff2255c3c2:   00 44 8b 9f c8 01 00 00 48 8b 87 e0 01 00 00 4c
0x00007fff2255c3d2:   8b 10 44 8b 87 c8 01 00 00 41 83 f8 10 0f 83 43
0x00007fff2255c3e2:   01 00 00 4b 8d 0c c0 48 8d 04 ca 48 85 c0 0f 85
0x00007fff2255c3f2:   fc 00 00 00 33 c9 49 3b ca 0f 86 58 01 00 00 45
0x00007fff2255c402:   33 d2 48 8b 87 78 02 00 00 48 89 06 48 89 9f 78
0x00007fff2255c412:   02 00 00 ff 87 80 02 00 00 48 8b 43 08 48 8b 88
0x00007fff2255c422:   18 01 00 00 48 81 e1 00 00 ff ff 48 81 c1 00 00
0x00007fff2255c432:   01 00 48 01 8f 88 02 00 00 48 8b 43 08 48 8b 88
0x00007fff2255c442:   18 01 00 00 48 01 8f 98 02 00 00 eb 45 48 8b d3
0x00007fff2255c452:   41 8b cb e8 a6 06 ff ff 45 33 d2 84 c0 75 a3 44
0x00007fff2255c462:   38 53 1c 0f 84 23 02 00 00 48 8b 87 f8 02 00 00
0x00007fff2255c472:   48 03 87 98 02 00 00 48 3b 87 a0 02 00 00 0f 83
0x00007fff2255c482:   7c 4d 6c 00 48 8b d3 48 8b cf e8 4f f0 ff ff 45
0x00007fff2255c492:   33 d2 4d 85 ed 0f 85 af fe ff ff 45 84 f6 44 8a 


Stack slot to memory mapping:

stack at sp + 0 slots: 0x0000020127c78dd0 points into unknown readable memory: 0xffffffffffffffff | ff ff ff ff ff ff ff ff
stack at sp + 1 slots: 0x0 is null
stack at sp + 2 slots: 0x000000000000002e is an unknown value
stack at sp + 3 slots: 0x00007fffe44d4114 ntdll.dll
stack at sp + 4 slots: 0x0000008b375feb40 points into unknown readable memory: 0x0000008b375febb0 | b0 eb 5f 37 8b 00 00 00
stack at sp + 5 slots: 0x00007fffe44c5a01 ntdll.dll
stack at sp + 6 slots: 0x00000200c1f9aef8 points into unknown readable memory: 0x00000000000664d7 | d7 64 06 00 00 00 00 00
stack at sp + 7 slots: 0x00007fff27139623 jvm.dll

VM_Operation (0x0000008b39bff470): Exit, mode: safepoint, requested by thread 0x000002012766dcc0


---------------  P R O C E S S  ---------------

Threads class SMR info:
_java_thread_list=0x000002012ef9ebf0, length=21, elements={
0x00000200c1f82c90, 0x00000200e1302210, 0x00000200e1307140, 0x00000200e130e300,
0x00000200e130f7c0, 0x00000200e1310310, 0x00000200e13144d0, 0x00000200e1316380,
0x00000200e1487a40, 0x00000200e187ab80, 0x00000200e185c1a0, 0x00000201275d2590,
0x000002012f1e4920, 0x00000200e15623c0, 0x00000201275c8840, 0x000002012f2df6a0,
0x000002012f092740, 0x000002012ef86370, 0x000002012ef86a00, 0x000002012ef87db0,
0x000002012766dcc0
}

Java Threads: ( => current thread )
  0x00000200c1f82c90 JavaThread "main"                              [_thread_blocked, id=26412, stack(0x0000008b36e00000,0x0000008b36f00000) (1024K)]
  0x00000200e1302210 JavaThread "Reference Handler"          daemon [_thread_blocked, id=24608, stack(0x0000008b37600000,0x0000008b37700000) (1024K)]
  0x00000200e1307140 JavaThread "Finalizer"                  daemon [_thread_blocked, id=23036, stack(0x0000008b37700000,0x0000008b37800000) (1024K)]
  0x00000200e130e300 JavaThread "Attach Listener"            daemon [_thread_blocked, id=31444, stack(0x0000008b37900000,0x0000008b37a00000) (1024K)]
  0x00000200e130f7c0 JavaThread "Service Thread"             daemon [_thread_blocked, id=20688, stack(0x0000008b37a00000,0x0000008b37b00000) (1024K)]
  0x00000200e1310310 JavaThread "Monitor Deflation Thread"   daemon [_thread_blocked, id=27824, stack(0x0000008b37b00000,0x0000008b37c00000) (1024K)]
  0x00000200e13144d0 JavaThread "C2 CompilerThread0"         daemon [_thread_blocked, id=10144, stack(0x0000008b37c00000,0x0000008b37d00000) (1024K)]
  0x00000200e1316380 JavaThread "C1 CompilerThread0"         daemon [_thread_blocked, id=31960, stack(0x0000008b37d00000,0x0000008b37e00000) (1024K)]
  0x00000200e1487a40 JavaThread "Common-Cleaner"             daemon [_thread_blocked, id=24620, stack(0x0000008b37e00000,0x0000008b37f00000) (1024K)]
  0x00000200e187ab80 JavaThread "Monitor Ctrl-Break"         daemon [_thread_in_native, id=27036, stack(0x0000008b38000000,0x0000008b38100000) (1024K)]
  0x00000200e185c1a0 JavaThread "Notification Thread"        daemon [_thread_blocked, id=19340, stack(0x0000008b38100000,0x0000008b38200000) (1024K)]
  0x00000201275d2590 JavaThread "Thread-0"                   daemon [_thread_blocked, id=16856, stack(0x0000008b39000000,0x0000008b39100000) (1024K)]
  0x000002012f1e4920 JavaThread "LWJGL3 Timer"               daemon [_thread_blocked, id=32296, stack(0x0000008b38200000,0x0000008b38300000) (1024K)]
  0x00000200e15623c0 JavaThread "Server"                            [_thread_blocked, id=32056, stack(0x0000008b39400000,0x0000008b39500000) (1024K)]
  0x00000201275c8840 JavaThread "dominion-scheduler-0"              [_thread_blocked, id=20308, stack(0x0000008b39500000,0x0000008b39600000) (1024K)]
  0x000002012f2df6a0 JavaThread "dominion-scheduler-1"              [_thread_blocked, id=29980, stack(0x0000008b39600000,0x0000008b39700000) (1024K)]
  0x000002012f092740 JavaThread "ForkJoinPool-1-worker-1"    daemon [_thread_blocked, id=21260, stack(0x0000008b39700000,0x0000008b39800000) (1024K)]
  0x000002012ef86370 JavaThread "ForkJoinPool-1-worker-2"    daemon [_thread_blocked, id=22764, stack(0x0000008b39800000,0x0000008b39900000) (1024K)]
  0x000002012ef86a00 JavaThread "ForkJoinPool-1-worker-3"    daemon [_thread_blocked, id=29128, stack(0x0000008b39900000,0x0000008b39a00000) (1024K)]
  0x000002012ef87db0 JavaThread "ForkJoinPool-1-worker-4"    daemon [_thread_blocked, id=16076, stack(0x0000008b37f00000,0x0000008b38000000) (1024K)]
  0x000002012766dcc0 JavaThread "SIGINT handler"             daemon [_thread_blocked, id=15036, stack(0x0000008b39b00000,0x0000008b39c00000) (1024K)]
Total: 21

Other Threads:
=>0x00000200e12e3a50 VMThread "VM Thread"                           [id=22476, stack(0x0000008b37500000,0x0000008b37600000) (1024K)]
  0x00000200c1fe93e0 WorkerThread "GC Thread#0"                     [id=6560, stack(0x0000008b36f00000,0x0000008b37000000) (1024K)]
  0x00000201274189e0 WorkerThread "GC Thread#1"                     [id=23696, stack(0x0000008b38300000,0x0000008b38400000) (1024K)]
  0x0000020127419190 WorkerThread "GC Thread#2"                     [id=19828, stack(0x0000008b38400000,0x0000008b38500000) (1024K)]
  0x000002012705f340 WorkerThread "GC Thread#3"                     [id=21804, stack(0x0000008b38500000,0x0000008b38600000) (1024K)]
  0x000002012705f6e0 WorkerThread "GC Thread#4"                     [id=32312, stack(0x0000008b38600000,0x0000008b38700000) (1024K)]
  0x00000200e1b54c50 WorkerThread "GC Thread#5"                     [id=28408, stack(0x0000008b38700000,0x0000008b38800000) (1024K)]
  0x0000020127818590 WorkerThread "GC Thread#6"                     [id=19156, stack(0x0000008b38800000,0x0000008b38900000) (1024K)]
  0x00000200e1db9380 WorkerThread "GC Thread#7"                     [id=21428, stack(0x0000008b38900000,0x0000008b38a00000) (1024K)]
  0x00000200c1ffa240 ConcurrentGCThread "G1 Main Marker"            terminated
  0x00000200c1ffb690 WorkerThread "G1 Conc#0"                       [id=25640, stack(0x0000008b37100000,0x0000008b37200000) (1024K)]
  0x00000200c203e5b0 ConcurrentGCThread "G1 Refine#0"               terminated
  0x00000200e1197310 ConcurrentGCThread "G1 Service"                terminated
Total: 13

Threads with active compile tasks:
Total: 0

VM state: at safepoint (shutting down)

VM Mutex/Monitor currently owned by a thread:  ([mutex/lock_event])
[0x00007fff277162a8] Threads_lock - owner thread: 0x00000200e12e3a50
[0x00007fff277163a8] Heap_lock - owner thread: 0x000002012766dcc0

Heap address: 0x0000000703200000, size: 4046 MB, Compressed Oops mode: Zero based, Oop shift amount: 3

CDS archive(s) mapped at: [0x00000200e2000000-0x00000200e2c90000-0x00000200e2c90000), size 13172736, SharedBaseAddress: 0x00000200e2000000, ArchiveRelocationMode: 1.
Compressed class space mapped at: 0x00000200e3000000-0x0000020123000000, reserved size: 1073741824
Narrow klass base: 0x00000200e2000000, Narrow klass shift: 0, Narrow klass range: 0x100000000

GC Precious Log:
 CardTable entry size: 512
 Card Set container configuration: InlinePtr #cards 4 size 8 Array Of Cards #cards 16 size 48 Howl #buckets 8 coarsen threshold 3686 Howl Bitmap #cards 512 size 80 coarsen threshold 460 Card regions per heap region 1 cards per card region 4096
 CPUs: 8 total, 8 available
 Memory: 16183M
 Large Page Support: Disabled
 NUMA Support: Disabled
 Compressed Oops: Enabled (Zero based)
 Heap Region Size: 2M
 Heap Min Capacity: 8M
 Heap Initial Capacity: 254M
 Heap Max Capacity: 4046M
 Pre-touch: Disabled
 Parallel Workers: 8
 Concurrent Workers: 2
 Concurrent Refinement Workers: 8
 Periodic GC: Disabled

Heap:
 garbage-first heap   total 260096K, used 25698K [0x0000000703200000, 0x0000000800000000)
  region size 2048K, 10 young (20480K), 2 survivors (4096K)
 Metaspace       used 18782K, committed 19072K, reserved 1114112K
  class space    used 1935K, committed 2048K, reserved 1048576K

Heap Regions: E=young(eden), S=young(survivor), O=old, HS=humongous(starts), HC=humongous(continues), CS=collection set, F=free, TAMS=top-at-mark-start, PB=parsable bottom
|   0|0x0000000703200000, 0x0000000703200000, 0x0000000703400000|  0%| F|  |TAMS 0x0000000703200000| PB 0x0000000703200000| Untracked 
|   1|0x0000000703400000, 0x0000000703400000, 0x0000000703600000|  0%| F|  |TAMS 0x0000000703400000| PB 0x0000000703400000| Untracked 
|   2|0x0000000703600000, 0x0000000703600000, 0x0000000703800000|  0%| F|  |TAMS 0x0000000703600000| PB 0x0000000703600000| Untracked 
|   3|0x0000000703800000, 0x0000000703800000, 0x0000000703a00000|  0%| F|  |TAMS 0x0000000703800000| PB 0x0000000703800000| Untracked 
|   4|0x0000000703a00000, 0x0000000703a00000, 0x0000000703c00000|  0%| F|  |TAMS 0x0000000703a00000| PB 0x0000000703a00000| Untracked 
|   5|0x0000000703c00000, 0x0000000703c00000, 0x0000000703e00000|  0%| F|  |TAMS 0x0000000703c00000| PB 0x0000000703c00000| Untracked 
|   6|0x0000000703e00000, 0x0000000703e00000, 0x0000000704000000|  0%| F|  |TAMS 0x0000000703e00000| PB 0x0000000703e00000| Untracked 
|   7|0x0000000704000000, 0x0000000704000000, 0x0000000704200000|  0%| F|  |TAMS 0x0000000704000000| PB 0x0000000704000000| Untracked 
|   8|0x0000000704200000, 0x0000000704200000, 0x0000000704400000|  0%| F|  |TAMS 0x0000000704200000| PB 0x0000000704200000| Untracked 
|   9|0x0000000704400000, 0x0000000704400000, 0x0000000704600000|  0%| F|  |TAMS 0x0000000704400000| PB 0x0000000704400000| Untracked 
|  10|0x0000000704600000, 0x0000000704600000, 0x0000000704800000|  0%| F|  |TAMS 0x0000000704600000| PB 0x0000000704600000| Untracked 
|  11|0x0000000704800000, 0x0000000704800000, 0x0000000704a00000|  0%| F|  |TAMS 0x0000000704800000| PB 0x0000000704800000| Untracked 
|  12|0x0000000704a00000, 0x0000000704a00000, 0x0000000704c00000|  0%| F|  |TAMS 0x0000000704a00000| PB 0x0000000704a00000| Untracked 
|  13|0x0000000704c00000, 0x0000000704c00000, 0x0000000704e00000|  0%| F|  |TAMS 0x0000000704c00000| PB 0x0000000704c00000| Untracked 
|  14|0x0000000704e00000, 0x0000000704e00000, 0x0000000705000000|  0%| F|  |TAMS 0x0000000704e00000| PB 0x0000000704e00000| Untracked 
|  15|0x0000000705000000, 0x0000000705000000, 0x0000000705200000|  0%| F|  |TAMS 0x0000000705000000| PB 0x0000000705000000| Untracked 
|  16|0x0000000705200000, 0x0000000705400000, 0x0000000705400000|100%|HS|  |TAMS 0x0000000705200000| PB 0x0000000705200000| Complete 
|  17|0x0000000705400000, 0x0000000705600000, 0x0000000705600000|100%|HC|  |TAMS 0x0000000705400000| PB 0x0000000705400000| Complete 
|  18|0x0000000705600000, 0x0000000705800000, 0x0000000705800000|100%| O|  |TAMS 0x0000000705600000| PB 0x0000000705600000| Untracked 
|  19|0x0000000705800000, 0x000000070598f388, 0x0000000705a00000| 77%| O|  |TAMS 0x0000000705800000| PB 0x0000000705800000| Untracked 
|  20|0x0000000705a00000, 0x0000000705a00000, 0x0000000705c00000|  0%| F|  |TAMS 0x0000000705a00000| PB 0x0000000705a00000| Untracked 
|  21|0x0000000705c00000, 0x0000000705c00000, 0x0000000705e00000|  0%| F|  |TAMS 0x0000000705c00000| PB 0x0000000705c00000| Untracked 
|  22|0x0000000705e00000, 0x0000000705e00000, 0x0000000706000000|  0%| F|  |TAMS 0x0000000705e00000| PB 0x0000000705e00000| Untracked 
|  23|0x0000000706000000, 0x0000000706000000, 0x0000000706200000|  0%| F|  |TAMS 0x0000000706000000| PB 0x0000000706000000| Untracked 
|  24|0x0000000706200000, 0x0000000706200000, 0x0000000706400000|  0%| F|  |TAMS 0x0000000706200000| PB 0x0000000706200000| Untracked 
|  25|0x0000000706400000, 0x0000000706400000, 0x0000000706600000|  0%| F|  |TAMS 0x0000000706400000| PB 0x0000000706400000| Untracked 
|  26|0x0000000706600000, 0x0000000706600000, 0x0000000706800000|  0%| F|  |TAMS 0x0000000706600000| PB 0x0000000706600000| Untracked 
|  27|0x0000000706800000, 0x0000000706800000, 0x0000000706a00000|  0%| F|  |TAMS 0x0000000706800000| PB 0x0000000706800000| Untracked 
|  28|0x0000000706a00000, 0x0000000706a00000, 0x0000000706c00000|  0%| F|  |TAMS 0x0000000706a00000| PB 0x0000000706a00000| Untracked 
|  29|0x0000000706c00000, 0x0000000706c00000, 0x0000000706e00000|  0%| F|  |TAMS 0x0000000706c00000| PB 0x0000000706c00000| Untracked 
|  30|0x0000000706e00000, 0x0000000706e00000, 0x0000000707000000|  0%| F|  |TAMS 0x0000000706e00000| PB 0x0000000706e00000| Untracked 
|  31|0x0000000707000000, 0x0000000707000000, 0x0000000707200000|  0%| F|  |TAMS 0x0000000707000000| PB 0x0000000707000000| Untracked 
|  32|0x0000000707200000, 0x0000000707200000, 0x0000000707400000|  0%| F|  |TAMS 0x0000000707200000| PB 0x0000000707200000| Untracked 
|  33|0x0000000707400000, 0x0000000707400000, 0x0000000707600000|  0%| F|  |TAMS 0x0000000707400000| PB 0x0000000707400000| Untracked 
|  34|0x0000000707600000, 0x0000000707600000, 0x0000000707800000|  0%| F|  |TAMS 0x0000000707600000| PB 0x0000000707600000| Untracked 
|  35|0x0000000707800000, 0x0000000707800000, 0x0000000707a00000|  0%| F|  |TAMS 0x0000000707800000| PB 0x0000000707800000| Untracked 
|  36|0x0000000707a00000, 0x0000000707a00000, 0x0000000707c00000|  0%| F|  |TAMS 0x0000000707a00000| PB 0x0000000707a00000| Untracked 
|  37|0x0000000707c00000, 0x0000000707c00000, 0x0000000707e00000|  0%| F|  |TAMS 0x0000000707c00000| PB 0x0000000707c00000| Untracked 
|  38|0x0000000707e00000, 0x0000000707e00000, 0x0000000708000000|  0%| F|  |TAMS 0x0000000707e00000| PB 0x0000000707e00000| Untracked 
|  39|0x0000000708000000, 0x0000000708000000, 0x0000000708200000|  0%| F|  |TAMS 0x0000000708000000| PB 0x0000000708000000| Untracked 
|  40|0x0000000708200000, 0x0000000708200000, 0x0000000708400000|  0%| F|  |TAMS 0x0000000708200000| PB 0x0000000708200000| Untracked 
|  41|0x0000000708400000, 0x0000000708400000, 0x0000000708600000|  0%| F|  |TAMS 0x0000000708400000| PB 0x0000000708400000| Untracked 
|  42|0x0000000708600000, 0x0000000708600000, 0x0000000708800000|  0%| F|  |TAMS 0x0000000708600000| PB 0x0000000708600000| Untracked 
|  43|0x0000000708800000, 0x0000000708800000, 0x0000000708a00000|  0%| F|  |TAMS 0x0000000708800000| PB 0x0000000708800000| Untracked 
|  44|0x0000000708a00000, 0x0000000708a00000, 0x0000000708c00000|  0%| F|  |TAMS 0x0000000708a00000| PB 0x0000000708a00000| Untracked 
|  45|0x0000000708c00000, 0x0000000708c00000, 0x0000000708e00000|  0%| F|  |TAMS 0x0000000708c00000| PB 0x0000000708c00000| Untracked 
|  46|0x0000000708e00000, 0x0000000708e00000, 0x0000000709000000|  0%| F|  |TAMS 0x0000000708e00000| PB 0x0000000708e00000| Untracked 
|  47|0x0000000709000000, 0x0000000709000000, 0x0000000709200000|  0%| F|  |TAMS 0x0000000709000000| PB 0x0000000709000000| Untracked 
|  48|0x0000000709200000, 0x0000000709200000, 0x0000000709400000|  0%| F|  |TAMS 0x0000000709200000| PB 0x0000000709200000| Untracked 
|  49|0x0000000709400000, 0x0000000709400000, 0x0000000709600000|  0%| F|  |TAMS 0x0000000709400000| PB 0x0000000709400000| Untracked 
|  50|0x0000000709600000, 0x0000000709600000, 0x0000000709800000|  0%| F|  |TAMS 0x0000000709600000| PB 0x0000000709600000| Untracked 
|  51|0x0000000709800000, 0x0000000709800000, 0x0000000709a00000|  0%| F|  |TAMS 0x0000000709800000| PB 0x0000000709800000| Untracked 
|  52|0x0000000709a00000, 0x0000000709a00000, 0x0000000709c00000|  0%| F|  |TAMS 0x0000000709a00000| PB 0x0000000709a00000| Untracked 
|  53|0x0000000709c00000, 0x0000000709c00000, 0x0000000709e00000|  0%| F|  |TAMS 0x0000000709c00000| PB 0x0000000709c00000| Untracked 
|  54|0x0000000709e00000, 0x0000000709e00000, 0x000000070a000000|  0%| F|  |TAMS 0x0000000709e00000| PB 0x0000000709e00000| Untracked 
|  55|0x000000070a000000, 0x000000070a000000, 0x000000070a200000|  0%| F|  |TAMS 0x000000070a000000| PB 0x000000070a000000| Untracked 
|  56|0x000000070a200000, 0x000000070a200000, 0x000000070a400000|  0%| F|  |TAMS 0x000000070a200000| PB 0x000000070a200000| Untracked 
|  57|0x000000070a400000, 0x000000070a400000, 0x000000070a600000|  0%| F|  |TAMS 0x000000070a400000| PB 0x000000070a400000| Untracked 
|  58|0x000000070a600000, 0x000000070a600000, 0x000000070a800000|  0%| F|  |TAMS 0x000000070a600000| PB 0x000000070a600000| Untracked 
|  59|0x000000070a800000, 0x000000070a800000, 0x000000070aa00000|  0%| F|  |TAMS 0x000000070a800000| PB 0x000000070a800000| Untracked 
|  60|0x000000070aa00000, 0x000000070aa00000, 0x000000070ac00000|  0%| F|  |TAMS 0x000000070aa00000| PB 0x000000070aa00000| Untracked 
|  61|0x000000070ac00000, 0x000000070ac00000, 0x000000070ae00000|  0%| F|  |TAMS 0x000000070ac00000| PB 0x000000070ac00000| Untracked 
|  62|0x000000070ae00000, 0x000000070ae00000, 0x000000070b000000|  0%| F|  |TAMS 0x000000070ae00000| PB 0x000000070ae00000| Untracked 
|  63|0x000000070b000000, 0x000000070b000000, 0x000000070b200000|  0%| F|  |TAMS 0x000000070b000000| PB 0x000000070b000000| Untracked 
|  64|0x000000070b200000, 0x000000070b200000, 0x000000070b400000|  0%| F|  |TAMS 0x000000070b200000| PB 0x000000070b200000| Untracked 
|  65|0x000000070b400000, 0x000000070b400000, 0x000000070b600000|  0%| F|  |TAMS 0x000000070b400000| PB 0x000000070b400000| Untracked 
|  66|0x000000070b600000, 0x000000070b600000, 0x000000070b800000|  0%| F|  |TAMS 0x000000070b600000| PB 0x000000070b600000| Untracked 
|  67|0x000000070b800000, 0x000000070b800000, 0x000000070ba00000|  0%| F|  |TAMS 0x000000070b800000| PB 0x000000070b800000| Untracked 
|  68|0x000000070ba00000, 0x000000070ba00000, 0x000000070bc00000|  0%| F|  |TAMS 0x000000070ba00000| PB 0x000000070ba00000| Untracked 
|  69|0x000000070bc00000, 0x000000070bc00000, 0x000000070be00000|  0%| F|  |TAMS 0x000000070bc00000| PB 0x000000070bc00000| Untracked 
|  70|0x000000070be00000, 0x000000070be00000, 0x000000070c000000|  0%| F|  |TAMS 0x000000070be00000| PB 0x000000070be00000| Untracked 
|  71|0x000000070c000000, 0x000000070c000000, 0x000000070c200000|  0%| F|  |TAMS 0x000000070c000000| PB 0x000000070c000000| Untracked 
|  72|0x000000070c200000, 0x000000070c200000, 0x000000070c400000|  0%| F|  |TAMS 0x000000070c200000| PB 0x000000070c200000| Untracked 
|  73|0x000000070c400000, 0x000000070c400000, 0x000000070c600000|  0%| F|  |TAMS 0x000000070c400000| PB 0x000000070c400000| Untracked 
|  74|0x000000070c600000, 0x000000070c600000, 0x000000070c800000|  0%| F|  |TAMS 0x000000070c600000| PB 0x000000070c600000| Untracked 
|  75|0x000000070c800000, 0x000000070c800000, 0x000000070ca00000|  0%| F|  |TAMS 0x000000070c800000| PB 0x000000070c800000| Untracked 
|  76|0x000000070ca00000, 0x000000070ca00000, 0x000000070cc00000|  0%| F|  |TAMS 0x000000070ca00000| PB 0x000000070ca00000| Untracked 
|  77|0x000000070cc00000, 0x000000070cc00000, 0x000000070ce00000|  0%| F|  |TAMS 0x000000070cc00000| PB 0x000000070cc00000| Untracked 
|  78|0x000000070ce00000, 0x000000070ce00000, 0x000000070d000000|  0%| F|  |TAMS 0x000000070ce00000| PB 0x000000070ce00000| Untracked 
|  79|0x000000070d000000, 0x000000070d000000, 0x000000070d200000|  0%| F|  |TAMS 0x000000070d000000| PB 0x000000070d000000| Untracked 
|  80|0x000000070d200000, 0x000000070d200000, 0x000000070d400000|  0%| F|  |TAMS 0x000000070d200000| PB 0x000000070d200000| Untracked 
|  81|0x000000070d400000, 0x000000070d400000, 0x000000070d600000|  0%| F|  |TAMS 0x000000070d400000| PB 0x000000070d400000| Untracked 
|  82|0x000000070d600000, 0x000000070d600000, 0x000000070d800000|  0%| F|  |TAMS 0x000000070d600000| PB 0x000000070d600000| Untracked 
|  83|0x000000070d800000, 0x000000070d800000, 0x000000070da00000|  0%| F|  |TAMS 0x000000070d800000| PB 0x000000070d800000| Untracked 
|  84|0x000000070da00000, 0x000000070da00000, 0x000000070dc00000|  0%| F|  |TAMS 0x000000070da00000| PB 0x000000070da00000| Untracked 
|  85|0x000000070dc00000, 0x000000070dc00000, 0x000000070de00000|  0%| F|  |TAMS 0x000000070dc00000| PB 0x000000070dc00000| Untracked 
|  86|0x000000070de00000, 0x000000070de00000, 0x000000070e000000|  0%| F|  |TAMS 0x000000070de00000| PB 0x000000070de00000| Untracked 
|  87|0x000000070e000000, 0x000000070e000000, 0x000000070e200000|  0%| F|  |TAMS 0x000000070e000000| PB 0x000000070e000000| Untracked 
|  88|0x000000070e200000, 0x000000070e200000, 0x000000070e400000|  0%| F|  |TAMS 0x000000070e200000| PB 0x000000070e200000| Untracked 
|  89|0x000000070e400000, 0x000000070e400000, 0x000000070e600000|  0%| F|  |TAMS 0x000000070e400000| PB 0x000000070e400000| Untracked 
|  90|0x000000070e600000, 0x000000070e600000, 0x000000070e800000|  0%| F|  |TAMS 0x000000070e600000| PB 0x000000070e600000| Untracked 
|  91|0x000000070e800000, 0x000000070e800000, 0x000000070ea00000|  0%| F|  |TAMS 0x000000070e800000| PB 0x000000070e800000| Untracked 
|  92|0x000000070ea00000, 0x000000070ea00000, 0x000000070ec00000|  0%| F|  |TAMS 0x000000070ea00000| PB 0x000000070ea00000| Untracked 
|  93|0x000000070ec00000, 0x000000070ec00000, 0x000000070ee00000|  0%| F|  |TAMS 0x000000070ec00000| PB 0x000000070ec00000| Untracked 
|  94|0x000000070ee00000, 0x000000070ee00000, 0x000000070f000000|  0%| F|  |TAMS 0x000000070ee00000| PB 0x000000070ee00000| Untracked 
|  95|0x000000070f000000, 0x000000070f000000, 0x000000070f200000|  0%| F|  |TAMS 0x000000070f000000| PB 0x000000070f000000| Untracked 
|  96|0x000000070f200000, 0x000000070f200000, 0x000000070f400000|  0%| F|  |TAMS 0x000000070f200000| PB 0x000000070f200000| Untracked 
|  97|0x000000070f400000, 0x000000070f400000, 0x000000070f600000|  0%| F|  |TAMS 0x000000070f400000| PB 0x000000070f400000| Untracked 
|  98|0x000000070f600000, 0x000000070f600000, 0x000000070f800000|  0%| F|  |TAMS 0x000000070f600000| PB 0x000000070f600000| Untracked 
|  99|0x000000070f800000, 0x000000070f800000, 0x000000070fa00000|  0%| F|  |TAMS 0x000000070f800000| PB 0x000000070f800000| Untracked 
| 100|0x000000070fa00000, 0x000000070fa00000, 0x000000070fc00000|  0%| F|  |TAMS 0x000000070fa00000| PB 0x000000070fa00000| Untracked 
| 101|0x000000070fc00000, 0x000000070fc00000, 0x000000070fe00000|  0%| F|  |TAMS 0x000000070fc00000| PB 0x000000070fc00000| Untracked 
| 102|0x000000070fe00000, 0x000000070fe00000, 0x0000000710000000|  0%| F|  |TAMS 0x000000070fe00000| PB 0x000000070fe00000| Untracked 
| 103|0x0000000710000000, 0x0000000710000000, 0x0000000710200000|  0%| F|  |TAMS 0x0000000710000000| PB 0x0000000710000000| Untracked 
| 104|0x0000000710200000, 0x0000000710200000, 0x0000000710400000|  0%| F|  |TAMS 0x0000000710200000| PB 0x0000000710200000| Untracked 
| 105|0x0000000710400000, 0x0000000710400000, 0x0000000710600000|  0%| F|  |TAMS 0x0000000710400000| PB 0x0000000710400000| Untracked 
| 106|0x0000000710600000, 0x0000000710789698, 0x0000000710800000| 76%| S|CS|TAMS 0x0000000710600000| PB 0x0000000710600000| Complete 
| 107|0x0000000710800000, 0x0000000710a00000, 0x0000000710a00000|100%| S|CS|TAMS 0x0000000710800000| PB 0x0000000710800000| Complete 
| 108|0x0000000710a00000, 0x0000000710a00000, 0x0000000710c00000|  0%| F|  |TAMS 0x0000000710a00000| PB 0x0000000710a00000| Untracked 
| 109|0x0000000710c00000, 0x0000000710c00000, 0x0000000710e00000|  0%| F|  |TAMS 0x0000000710c00000| PB 0x0000000710c00000| Untracked 
| 110|0x0000000710e00000, 0x0000000710e00000, 0x0000000711000000|  0%| F|  |TAMS 0x0000000710e00000| PB 0x0000000710e00000| Untracked 
| 111|0x0000000711000000, 0x0000000711000000, 0x0000000711200000|  0%| F|  |TAMS 0x0000000711000000| PB 0x0000000711000000| Untracked 
| 112|0x0000000711200000, 0x0000000711200000, 0x0000000711400000|  0%| F|  |TAMS 0x0000000711200000| PB 0x0000000711200000| Untracked 
| 113|0x0000000711400000, 0x0000000711400000, 0x0000000711600000|  0%| F|  |TAMS 0x0000000711400000| PB 0x0000000711400000| Untracked 
| 114|0x0000000711600000, 0x0000000711600000, 0x0000000711800000|  0%| F|  |TAMS 0x0000000711600000| PB 0x0000000711600000| Untracked 
| 115|0x0000000711800000, 0x0000000711800000, 0x0000000711a00000|  0%| F|  |TAMS 0x0000000711800000| PB 0x0000000711800000| Untracked 
| 116|0x0000000711a00000, 0x0000000711a00000, 0x0000000711c00000|  0%| F|  |TAMS 0x0000000711a00000| PB 0x0000000711a00000| Untracked 
| 117|0x0000000711c00000, 0x0000000711c00000, 0x0000000711e00000|  0%| F|  |TAMS 0x0000000711c00000| PB 0x0000000711c00000| Untracked 
| 118|0x0000000711e00000, 0x0000000711e00000, 0x0000000712000000|  0%| F|  |TAMS 0x0000000711e00000| PB 0x0000000711e00000| Untracked 
| 119|0x0000000712000000, 0x0000000712200000, 0x0000000712200000|100%| E|  |TAMS 0x0000000712000000| PB 0x0000000712000000| Complete 
| 120|0x0000000712200000, 0x0000000712400000, 0x0000000712400000|100%| E|CS|TAMS 0x0000000712200000| PB 0x0000000712200000| Complete 
| 121|0x0000000712400000, 0x0000000712600000, 0x0000000712600000|100%| E|CS|TAMS 0x0000000712400000| PB 0x0000000712400000| Complete 
| 122|0x0000000712600000, 0x0000000712800000, 0x0000000712800000|100%| E|CS|TAMS 0x0000000712600000| PB 0x0000000712600000| Complete 
| 123|0x0000000712800000, 0x0000000712a00000, 0x0000000712a00000|100%| E|CS|TAMS 0x0000000712800000| PB 0x0000000712800000| Complete 
| 124|0x0000000712a00000, 0x0000000712c00000, 0x0000000712c00000|100%| E|CS|TAMS 0x0000000712a00000| PB 0x0000000712a00000| Complete 
| 125|0x0000000712c00000, 0x0000000712e00000, 0x0000000712e00000|100%| E|CS|TAMS 0x0000000712c00000| PB 0x0000000712c00000| Complete 
| 126|0x0000000712e00000, 0x0000000713000000, 0x0000000713000000|100%| E|CS|TAMS 0x0000000712e00000| PB 0x0000000712e00000| Complete 

Card table byte_map: [0x00000200da180000,0x00000200da970000] _byte_map_base: 0x00000200d6967000

Marking Bits: (CMBitMap*) 0x00000200c1fe9ae0
 Bits: [0x00000200da970000, 0x00000200de8a8000)

Polling page: 0x00000200bff40000

Metaspace:

Usage:
  Non-class:     16.45 MB used.
      Class:      1.89 MB used.
       Both:     18.34 MB used.

Virtual space:
  Non-class space:       64.00 MB reserved,      16.62 MB ( 26%) committed,  1 nodes.
      Class space:        1.00 GB reserved,       2.00 MB ( <1%) committed,  1 nodes.
             Both:        1.06 GB reserved,      18.62 MB (  2%) committed. 

Chunk freelists:
   Non-Class:  14.72 MB
       Class:  14.00 MB
        Both:  28.72 MB

MaxMetaspaceSize: unlimited
CompressedClassSpaceSize: 1.00 GB
Initial GC threshold: 21.00 MB
Current GC threshold: 21.00 MB
CDS: on
 - commit_granule_bytes: 65536.
 - commit_granule_words: 8192.
 - virtual_space_node_default_size: 8388608.
 - enlarge_chunks_in_place: 1.
 - use_allocation_guard: 0.


Internal statistics:

num_allocs_failed_limit: 0.
num_arena_births: 316.
num_arena_deaths: 0.
num_vsnodes_births: 2.
num_vsnodes_deaths: 0.
num_space_committed: 296.
num_space_uncommitted: 0.
num_chunks_returned_to_freelist: 0.
num_chunks_taken_from_freelist: 764.
num_chunk_merges: 0.
num_chunk_splits: 521.
num_chunks_enlarged: 366.
num_inconsistent_stats: 0.

CodeHeap 'non-profiled nmethods': size=120000Kb used=1214Kb max_used=1214Kb free=118785Kb
 bounds [0x00000200d2130000, 0x00000200d23a0000, 0x00000200d9660000]
CodeHeap 'profiled nmethods': size=120000Kb used=4861Kb max_used=4861Kb free=115138Kb
 bounds [0x00000200ca660000, 0x00000200cab20000, 0x00000200d1b90000]
CodeHeap 'non-nmethods': size=5760Kb used=2644Kb max_used=2665Kb free=3115Kb
 bounds [0x00000200d1b90000, 0x00000200d1e30000, 0x00000200d2130000]
 total_blobs=3973 nmethods=2754 adapters=1123
 compilation: enabled
              stopped_count=0, restarted_count=0
 full_count=0

Compilation events (20 events):
Event: 15.585 Thread 0x00000200e13144d0 2746       4       java.util.concurrent.FutureTask::report (37 bytes)
Event: 15.585 Thread 0x00000200e13144d0 nmethod 2746 0x00000200d225b210 code [0x00000200d225b380, 0x00000200d225b438]
Event: 17.121 Thread 0x00000200e13144d0 2747       4       java.util.concurrent.ForkJoinTask::awaitDone (510 bytes)
Event: 17.137 Thread 0x00000200e13144d0 nmethod 2747 0x00000200d225b510 code [0x00000200d225b7c0, 0x00000200d225cb20]
Event: 20.110 Thread 0x00000200e13144d0 2748       4       java.util.stream.StreamOpFlag::fromCharacteristics (37 bytes)
Event: 20.111 Thread 0x00000200e13144d0 nmethod 2748 0x00000200d225dc10 code [0x00000200d225dda0, 0x00000200d225de48]
Event: 20.111 Thread 0x00000200e13144d0 2749       4       java.util.stream.AbstractPipeline::<init> (55 bytes)
Event: 20.112 Thread 0x00000200e13144d0 nmethod 2749 0x00000200d225df10 code [0x00000200d225e0a0, 0x00000200d225e310]
Event: 20.112 Thread 0x00000200e13144d0 2750       4       java.util.stream.StreamSupport::stream (19 bytes)
Event: 20.113 Thread 0x00000200e13144d0 nmethod 2750 0x00000200d225e390 code [0x00000200d225e520, 0x00000200d225e750]
Event: 20.222 Thread 0x00000200e13144d0 2751       4       java.util.Collection::stream (11 bytes)
Event: 20.227 Thread 0x00000200e13144d0 nmethod 2751 0x00000200d225e890 code [0x00000200d225ea20, 0x00000200d225ecf0]
Event: 20.240 Thread 0x00000200e13144d0 2752       4       java.util.stream.AbstractPipeline::<init> (91 bytes)
Event: 20.243 Thread 0x00000200e13144d0 nmethod 2752 0x00000200d225ee10 code [0x00000200d225efa0, 0x00000200d225f3b8]
Event: 20.412 Thread 0x00000200e1316380 2753       1       java.util.logging.Logger::getName (5 bytes)
Event: 20.412 Thread 0x00000200e1316380 nmethod 2753 0x00000200d225f510 code [0x00000200d225f6a0, 0x00000200d225f770]
Event: 20.412 Thread 0x00000200e1316380 2754       1       javax.management.ObjectName$Property::setKeyIndex (6 bytes)
Event: 20.412 Thread 0x00000200e1316380 nmethod 2754 0x00000200d225f810 code [0x00000200d225f9a0, 0x00000200d225fa68]
Event: 20.412 Thread 0x00000200e1316380 2755       3       org.apache.logging.log4j.util.PropertiesUtil::getProperties (4 bytes)
Event: 20.412 Thread 0x00000200e1316380 nmethod 2755 0x00000200cab1f210 code [0x00000200cab1f3a0, 0x00000200cab1f498]

GC Heap History (4 events):
Event: 0.599 GC heap before
{Heap before GC invocations=0 (full 0):
 garbage-first heap   total 260096K, used 22528K [0x0000000703200000, 0x0000000800000000)
  region size 2048K, 11 young (22528K), 0 survivors (0K)
 Metaspace       used 5080K, committed 5248K, reserved 1114112K
  class space    used 592K, committed 704K, reserved 1048576K
}
Event: 0.603 GC heap after
{Heap after GC invocations=1 (full 0):
 garbage-first heap   total 260096K, used 3822K [0x0000000703200000, 0x0000000800000000)
  region size 2048K, 2 young (4096K), 2 survivors (4096K)
 Metaspace       used 5080K, committed 5248K, reserved 1114112K
  class space    used 592K, committed 704K, reserved 1048576K
}
Event: 3.316 GC heap before
{Heap before GC invocations=1 (full 0):
 garbage-first heap   total 260096K, used 73454K [0x0000000703200000, 0x0000000800000000)
  region size 2048K, 19 young (38912K), 2 survivors (4096K)
 Metaspace       used 17405K, committed 17728K, reserved 1114112K
  class space    used 1767K, committed 1920K, reserved 1048576K
}
Event: 3.322 GC heap after
{Heap after GC invocations=2 (full 0):
 garbage-first heap   total 260096K, used 11362K [0x0000000703200000, 0x0000000800000000)
  region size 2048K, 2 young (4096K), 2 survivors (4096K)
 Metaspace       used 17405K, committed 17728K, reserved 1114112K
  class space    used 1767K, committed 1920K, reserved 1048576K
}

Dll operation events (17 events):
Event: 0.009 Loaded shared library C:\Users\Lenovo\.jdks\corretto-21.0.4\bin\java.dll
Event: 0.051 Loaded shared library C:\Users\Lenovo\.jdks\corretto-21.0.4\bin\jsvml.dll
Event: 0.132 Loaded shared library C:\Users\Lenovo\.jdks\corretto-21.0.4\bin\zip.dll
Event: 0.138 Loaded shared library C:\Users\Lenovo\.jdks\corretto-21.0.4\bin\instrument.dll
Event: 0.143 Loaded shared library C:\Users\Lenovo\.jdks\corretto-21.0.4\bin\net.dll
Event: 0.146 Loaded shared library C:\Users\Lenovo\.jdks\corretto-21.0.4\bin\nio.dll
Event: 0.151 Loaded shared library C:\Users\Lenovo\.jdks\corretto-21.0.4\bin\zip.dll
Event: 0.200 Loaded shared library C:\Users\Lenovo\AppData\Local\Programs\IntelliJ IDEA Ultimate\bin\breakgen64.dll
Event: 0.208 Loaded shared library C:\Users\Lenovo\.jdks\corretto-21.0.4\bin\extnet.dll
Event: 0.226 Loaded shared library C:\Users\Lenovo\.jdks\corretto-21.0.4\bin\jimage.dll
Event: 0.306 Loaded shared library C:\Users\Lenovo\.jdks\corretto-21.0.4\bin\management.dll
Event: 0.311 Loaded shared library C:\Users\Lenovo\.jdks\corretto-21.0.4\bin\management_ext.dll
Event: 0.926 Loaded shared library C:\Users\Lenovo\AppData\Local\Temp\libgdxLenovo\2a9d7f76\gdx64.dll
Event: 0.952 Loaded shared library C:\Users\Lenovo\AppData\Local\Temp\lwjgl_Lenovo\3.3.3+5\x64\lwjgl.dll
Event: 1.193 Loaded shared library C:\Users\Lenovo\AppData\Local\Temp\lwjgl_Lenovo\3.3.3+5\x64\lwjgl_opengl.dll
Event: 3.281 Loaded shared library C:\Users\Lenovo\.jdks\corretto-21.0.4\bin\verify.dll
Event: 3.344 Loaded shared library C:\Users\Lenovo\.jdks\corretto-21.0.4\bin\sunmscapi.dll

Deoptimization events (20 events):
Event: 10.062 Thread 0x000002012f092740 Uncommon trap: trap_request=0xffffffd6 fr.pc=0x00000200d224f6a0 relative=0x00000000000001e0
Event: 10.062 Thread 0x000002012f092740 Uncommon trap: reason=array_check action=maybe_recompile pc=0x00000200d224f6a0 method=java.util.stream.Nodes$FixedNodeBuilder.accept(Ljava/lang/Object;)V @ 28 c2
Event: 10.062 Thread 0x000002012f092740 DEOPT PACKING pc=0x00000200d224f6a0 sp=0x0000008b397feb40
Event: 10.062 Thread 0x000002012f092740 DEOPT UNPACKING pc=0x00000200d1be7da2 sp=0x0000008b397fea78 mode 2
Event: 10.062 Thread 0x000002012f092740 Uncommon trap: trap_request=0xffffffd6 fr.pc=0x00000200d224f6a0 relative=0x00000000000001e0
Event: 10.062 Thread 0x000002012f092740 Uncommon trap: reason=array_check action=maybe_recompile pc=0x00000200d224f6a0 method=java.util.stream.Nodes$FixedNodeBuilder.accept(Ljava/lang/Object;)V @ 28 c2
Event: 10.062 Thread 0x000002012f092740 DEOPT PACKING pc=0x00000200d224f6a0 sp=0x0000008b397feb40
Event: 10.062 Thread 0x000002012f092740 DEOPT UNPACKING pc=0x00000200d1be7da2 sp=0x0000008b397fea78 mode 2
Event: 10.062 Thread 0x000002012ef87db0 Uncommon trap: trap_request=0xffffffd6 fr.pc=0x00000200d224f6a0 relative=0x00000000000001e0
Event: 10.062 Thread 0x000002012ef87db0 Uncommon trap: reason=array_check action=maybe_recompile pc=0x00000200d224f6a0 method=java.util.stream.Nodes$FixedNodeBuilder.accept(Ljava/lang/Object;)V @ 28 c2
Event: 10.062 Thread 0x000002012ef87db0 DEOPT PACKING pc=0x00000200d224f6a0 sp=0x0000008b37ffef90
Event: 10.062 Thread 0x000002012ef87db0 DEOPT UNPACKING pc=0x00000200d1be7da2 sp=0x0000008b37ffeec8 mode 2
Event: 10.062 Thread 0x000002012ef87db0 Uncommon trap: trap_request=0xffffffd6 fr.pc=0x00000200d224f6a0 relative=0x00000000000001e0
Event: 10.062 Thread 0x000002012ef87db0 Uncommon trap: reason=array_check action=maybe_recompile pc=0x00000200d224f6a0 method=java.util.stream.Nodes$FixedNodeBuilder.accept(Ljava/lang/Object;)V @ 28 c2
Event: 10.062 Thread 0x000002012ef87db0 DEOPT PACKING pc=0x00000200d224f6a0 sp=0x0000008b37ffef90
Event: 10.062 Thread 0x000002012ef87db0 DEOPT UNPACKING pc=0x00000200d1be7da2 sp=0x0000008b37ffeec8 mode 2
Event: 12.560 Thread 0x000002012f2df6a0 Uncommon trap: trap_request=0xffffff45 fr.pc=0x00000200d22438a8 relative=0x0000000000000c68
Event: 12.560 Thread 0x000002012f2df6a0 Uncommon trap: reason=unstable_if action=reinterpret pc=0x00000200d22438a8 method=java.util.concurrent.ForkJoinTask.awaitDone(IJ)I @ 352 c2
Event: 12.560 Thread 0x000002012f2df6a0 DEOPT PACKING pc=0x00000200d22438a8 sp=0x0000008b396feea0
Event: 12.560 Thread 0x000002012f2df6a0 DEOPT UNPACKING pc=0x00000200d1be7da2 sp=0x0000008b396fee00 mode 2

Classes loaded (20 events):
Event: 3.396 Loading class sun/nio/ch/SocketOptionRegistry$LazyInitialization
Event: 3.396 Loading class sun/nio/ch/SocketOptionRegistry$LazyInitialization done
Event: 3.396 Loading class sun/nio/ch/OptionKey
Event: 3.396 Loading class sun/nio/ch/OptionKey done
Event: 3.405 Loading class java/io/PrintWriter
Event: 3.405 Loading class java/io/PrintWriter done
Event: 3.405 Loading class java/io/PrintWriter$1
Event: 3.405 Loading class jdk/internal/access/JavaIOPrintWriterAccess
Event: 3.405 Loading class jdk/internal/access/JavaIOPrintWriterAccess done
Event: 3.405 Loading class java/io/PrintWriter$1 done
Event: 3.405 Loading class java/lang/Throwable$WrappedPrintWriter
Event: 3.405 Loading class java/lang/Throwable$PrintStreamOrWriter
Event: 3.405 Loading class java/lang/Throwable$PrintStreamOrWriter done
Event: 3.405 Loading class java/lang/Throwable$WrappedPrintWriter done
Event: 3.405 Loading class java/lang/StackTraceElement$HashedModules
Event: 3.405 Loading class java/lang/StackTraceElement$HashedModules done
Event: 20.410 Loading class jdk/internal/misc/Signal$1
Event: 20.411 Loading class jdk/internal/misc/Signal$1 done
Event: 20.413 Loading class java/io/FileOutputStream$1
Event: 20.413 Loading class java/io/FileOutputStream$1 done

Classes unloaded (0 events):
No events

Classes redefined (0 events):
No events

Internal exceptions (20 events):
Event: 0.972 Thread 0x00000200c1f82c90 Exception <a 'java/lang/NoSuchMethodError'{0x00000007123830e0}: 'java.lang.Object java.lang.invoke.Invokers$Holder.linkToTargetMethod(java.lang.Object, long, java.lang.Object)'> (0x00000007123830e0) 
thrown [s\src\hotspot\share\interpreter\linkResolver.cpp, line 773]
Event: 0.972 Thread 0x00000200c1f82c90 Exception <a 'java/lang/NoSuchMethodError'{0x000000071238a008}: 'int java.lang.invoke.DirectMethodHandle$Holder.invokeStaticInit(java.lang.Object, java.lang.Object, java.lang.Object, long)'> (0x000000071238a008) 
thrown [s\src\hotspot\share\interpreter\linkResolver.cpp, line 773]
Event: 0.983 Thread 0x00000200c1f82c90 Exception <a 'sun/nio/fs/WindowsException'{0x00000007123e47b0}> (0x00000007123e47b0) 
thrown [s\src\hotspot\share\prims\jni.cpp, line 520]
Event: 0.983 Thread 0x00000200c1f82c90 Exception <a 'sun/nio/fs/WindowsException'{0x00000007123e4b50}> (0x00000007123e4b50) 
thrown [s\src\hotspot\share\prims\jni.cpp, line 520]
Event: 1.007 Thread 0x00000200c1f82c90 Exception <a 'sun/nio/fs/WindowsException'{0x000000071207b9e8}> (0x000000071207b9e8) 
thrown [s\src\hotspot\share\prims\jni.cpp, line 520]
Event: 1.007 Thread 0x00000200c1f82c90 Exception <a 'sun/nio/fs/WindowsException'{0x000000071207bd58}> (0x000000071207bd58) 
thrown [s\src\hotspot\share\prims\jni.cpp, line 520]
Event: 1.010 Thread 0x00000200c1f82c90 Exception <a 'java/lang/NoSuchMethodError'{0x0000000712082628}: 'int java.lang.invoke.Invokers$Holder.invokeExact_MT(java.lang.Object, java.lang.Object)'> (0x0000000712082628) 
thrown [s\src\hotspot\share\interpreter\linkResolver.cpp, line 773]
Event: 1.047 Thread 0x00000200c1f82c90 Exception <a 'sun/nio/fs/WindowsException'{0x00000007121c7208}> (0x00000007121c7208) 
thrown [s\src\hotspot\share\prims\jni.cpp, line 520]
Event: 1.047 Thread 0x00000200c1f82c90 Exception <a 'sun/nio/fs/WindowsException'{0x00000007121c7590}> (0x00000007121c7590) 
thrown [s\src\hotspot\share\prims\jni.cpp, line 520]
Event: 1.097 Thread 0x00000200c1f82c90 Exception <a 'java/lang/NoSuchMethodError'{0x0000000711e226c8}: 'java.lang.Object java.lang.invoke.DirectMethodHandle$Holder.newInvokeSpecial(java.lang.Object, long)'> (0x0000000711e226c8) 
thrown [s\src\hotspot\share\interpreter\linkResolver.cpp, line 773]
Event: 1.188 Thread 0x00000200c1f82c90 Exception <a 'java/lang/NoSuchMethodError'{0x0000000711f650a0}: 'void java.lang.System.load(java.lang.String, java.lang.Class)'> (0x0000000711f650a0) 
thrown [s\src\hotspot\share\interpreter\linkResolver.cpp, line 773]
Event: 1.189 Thread 0x00000200c1f82c90 Exception <a 'java/lang/NoSuchMethodError'{0x0000000711f67af0}: 'void java.lang.System.loadLibrary(java.lang.String, java.lang.Class)'> (0x0000000711f67af0) 
thrown [s\src\hotspot\share\interpreter\linkResolver.cpp, line 773]
Event: 1.192 Thread 0x00000200c1f82c90 Exception <a 'sun/nio/fs/WindowsException'{0x0000000711f79040}> (0x0000000711f79040) 
thrown [s\src\hotspot\share\prims\jni.cpp, line 520]
Event: 1.192 Thread 0x00000200c1f82c90 Exception <a 'sun/nio/fs/WindowsException'{0x0000000711f793f0}> (0x0000000711f793f0) 
thrown [s\src\hotspot\share\prims\jni.cpp, line 520]
Event: 1.195 Thread 0x00000200c1f82c90 Exception <a 'sun/nio/fs/WindowsException'{0x0000000711f87210}> (0x0000000711f87210) 
thrown [s\src\hotspot\share\prims\jni.cpp, line 520]
Event: 1.195 Thread 0x00000200c1f82c90 Exception <a 'sun/nio/fs/WindowsException'{0x0000000711f874f8}> (0x0000000711f874f8) 
thrown [s\src\hotspot\share\prims\jni.cpp, line 520]
Event: 3.245 Thread 0x00000200c1f82c90 Exception <a 'java/lang/NoSuchMethodError'{0x00000007111457b0}: 'void java.lang.invoke.DirectMethodHandle$Holder.invokeInterface(java.lang.Object, java.lang.Object, java.lang.Object)'> (0x00000007111457b0) 
thrown [s\src\hotspot\share\interpreter\linkResolver.cpp, line 773]
Event: 3.301 Thread 0x00000200c1f82c90 Implicit null exception at 0x00000200d21af98d to 0x00000200d21b03e4
Event: 3.301 Thread 0x00000200c1f82c90 Implicit null exception at 0x00000200d21b133d to 0x00000200d21b13c1
Event: 3.389 Thread 0x00000200c1f82c90 Exception <a 'java/lang/NoSuchMethodError'{0x0000000712da9c68}: 'void java.lang.invoke.DirectMethodHandle$Holder.invokeVirtual(java.lang.Object, java.lang.Object)'> (0x0000000712da9c68) 
thrown [s\src\hotspot\share\interpreter\linkResolver.cpp, line 773]

ZGC Phase Switch (0 events):
No events

VM Operations (20 events):
Event: 6.323 Executing VM operation: Cleanup done
Event: 7.324 Executing VM operation: Cleanup
Event: 7.324 Executing VM operation: Cleanup done
Event: 8.324 Executing VM operation: Cleanup
Event: 8.324 Executing VM operation: Cleanup done
Event: 9.325 Executing VM operation: Cleanup
Event: 9.325 Executing VM operation: Cleanup done
Event: 10.326 Executing VM operation: Cleanup
Event: 10.326 Executing VM operation: Cleanup done
Event: 11.326 Executing VM operation: Cleanup
Event: 11.326 Executing VM operation: Cleanup done
Event: 12.327 Executing VM operation: Cleanup
Event: 12.327 Executing VM operation: Cleanup done
Event: 16.330 Executing VM operation: Cleanup
Event: 16.330 Executing VM operation: Cleanup done
Event: 17.330 Executing VM operation: Cleanup
Event: 17.330 Executing VM operation: Cleanup done
Event: 20.332 Executing VM operation: Cleanup
Event: 20.332 Executing VM operation: Cleanup done
Event: 20.414 Executing VM operation: Exit

Memory protections (0 events):
No events

Nmethod flushes (0 events):
No events

Events (20 events):
Event: 1.702 Thread 0x00000200e17c93d0 Thread exited: 0x00000200e17c93d0
Event: 1.773 Thread 0x00000200e1316380 Thread added: 0x000002012f11f310
Event: 1.812 Thread 0x00000200c1f82c90 Thread added: 0x000002012f1e4920
Event: 2.046 Thread 0x000002012f11f310 Thread exited: 0x000002012f11f310
Event: 3.301 Thread 0x00000200e1316380 Thread added: 0x000002012f115ec0
Event: 3.377 Thread 0x00000200c1f82c90 Thread added: 0x00000200e15623c0
Event: 3.390 Thread 0x00000200c1f82c90 Thread added: 0x00000201275c8840
Event: 3.390 Thread 0x00000201275c8840 Thread added: 0x000002012f2df6a0
Event: 3.391 Thread 0x000002012f2df6a0 Thread added: 0x000002012f092740
Event: 3.392 Thread 0x000002012f092740 Thread added: 0x000002012ef86370
Event: 3.395 Thread 0x000002012ef86370 Thread added: 0x000002012ef86a00
Event: 3.567 Thread 0x000002012f115ec0 Thread exited: 0x000002012f115ec0
Event: 4.702 Thread 0x000002012ef86370 Thread added: 0x000002012ef87db0
Event: 20.411 Thread 0x00000200e13094f0 Thread added: 0x000002012766dcc0
Event: 20.411 Thread 0x000002012766dcc0 Thread added: 0x000002012766bbf0
Event: 20.411 Thread 0x000002012766dcc0 Thread added: 0x000002012766a840
Event: 20.412 Thread 0x000002012766a840 Thread exited: 0x000002012766a840
Event: 20.413 Thread 0x000002012766bbf0 Thread exited: 0x000002012766bbf0
Event: 20.413 Thread 0x000002012766dcc0 Before exit entered
Event: 20.414 Thread 0x00000200e13094f0 Thread exited: 0x00000200e13094f0


Dynamic libraries:
0x00007ff73f6b0000 - 0x00007ff73f6be000 	C:\Users\Lenovo\.jdks\corretto-21.0.4\bin\java.exe
0x00007fffe4430000 - 0x00007fffe4647000 	C:\WINDOWS\SYSTEM32\ntdll.dll
0x00007fffe2d60000 - 0x00007fffe2e24000 	C:\WINDOWS\System32\KERNEL32.DLL
0x00007fffe17c0000 - 0x00007fffe1b77000 	C:\WINDOWS\System32\KERNELBASE.dll
0x00007fffe1e10000 - 0x00007fffe1f21000 	C:\WINDOWS\System32\ucrtbase.dll
0x00007fffd6800000 - 0x00007fffd681b000 	C:\Users\Lenovo\.jdks\corretto-21.0.4\bin\VCRUNTIME140.dll
0x00007fffc1340000 - 0x00007fffc1358000 	C:\Users\Lenovo\.jdks\corretto-21.0.4\bin\jli.dll
0x00007fffe2ef0000 - 0x00007fffe309f000 	C:\WINDOWS\System32\USER32.dll
0x00007fffc5960000 - 0x00007fffc5bf3000 	C:\WINDOWS\WinSxS\amd64_microsoft.windows.common-controls_6595b64144ccf1df_6.0.22621.3672_none_2713b9d173822955\COMCTL32.dll
0x00007fffe2100000 - 0x00007fffe2126000 	C:\WINDOWS\System32\win32u.dll
0x00007fffe3300000 - 0x00007fffe33a7000 	C:\WINDOWS\System32\msvcrt.dll
0x00007fffe30a0000 - 0x00007fffe30c9000 	C:\WINDOWS\System32\GDI32.dll
0x00007fffe1cf0000 - 0x00007fffe1e08000 	C:\WINDOWS\System32\gdi32full.dll
0x00007fffe1f30000 - 0x00007fffe1fca000 	C:\WINDOWS\System32\msvcp_win.dll
0x00007fffe3920000 - 0x00007fffe3951000 	C:\WINDOWS\System32\IMM32.DLL
0x00007fffc5410000 - 0x00007fffc541c000 	C:\Users\Lenovo\.jdks\corretto-21.0.4\bin\vcruntime140_1.dll
0x00007fffa28a0000 - 0x00007fffa292d000 	C:\Users\Lenovo\.jdks\corretto-21.0.4\bin\msvcp140.dll
0x00007fff26a60000 - 0x00007fff277f6000 	C:\Users\Lenovo\.jdks\corretto-21.0.4\bin\server\jvm.dll
0x00007fffe2e30000 - 0x00007fffe2ee2000 	C:\WINDOWS\System32\ADVAPI32.dll
0x00007fffe2cb0000 - 0x00007fffe2d58000 	C:\WINDOWS\System32\sechost.dll
0x00007fffe2130000 - 0x00007fffe2158000 	C:\WINDOWS\System32\bcrypt.dll
0x00007fffe3170000 - 0x00007fffe3284000 	C:\WINDOWS\System32\RPCRT4.dll
0x00007fffe30f0000 - 0x00007fffe3161000 	C:\WINDOWS\System32\WS2_32.dll
0x00007fffe0ed0000 - 0x00007fffe0f1d000 	C:\WINDOWS\SYSTEM32\POWRPROF.dll
0x00007fffda3b0000 - 0x00007fffda3e4000 	C:\WINDOWS\SYSTEM32\WINMM.dll
0x00007fffd16a0000 - 0x00007fffd16aa000 	C:\WINDOWS\SYSTEM32\VERSION.dll
0x00007fffe0eb0000 - 0x00007fffe0ec3000 	C:\WINDOWS\SYSTEM32\UMPDC.dll
0x00007fffe0750000 - 0x00007fffe0768000 	C:\WINDOWS\SYSTEM32\kernel.appcore.dll
0x00007fffbfd80000 - 0x00007fffbfd8a000 	C:\Users\Lenovo\.jdks\corretto-21.0.4\bin\jimage.dll
0x00007fffdedf0000 - 0x00007fffdf022000 	C:\WINDOWS\SYSTEM32\DBGHELP.DLL
0x00007fffe34b0000 - 0x00007fffe383e000 	C:\WINDOWS\System32\combase.dll
0x00007fffe3840000 - 0x00007fffe3917000 	C:\WINDOWS\System32\OLEAUT32.dll
0x00007fffd0690000 - 0x00007fffd06c2000 	C:\WINDOWS\SYSTEM32\dbgcore.DLL
0x00007fffe1740000 - 0x00007fffe17bb000 	C:\WINDOWS\System32\bcryptPrimitives.dll
0x00007fffd6820000 - 0x00007fffd682e000 	C:\Users\Lenovo\.jdks\corretto-21.0.4\bin\instrument.dll
0x00007fffbfd60000 - 0x00007fffbfd7f000 	C:\Users\Lenovo\.jdks\corretto-21.0.4\bin\java.dll
0x00007fffe3b80000 - 0x00007fffe43e9000 	C:\WINDOWS\System32\SHELL32.dll
0x00007fffdf660000 - 0x00007fffdff5f000 	C:\WINDOWS\SYSTEM32\windows.storage.dll
0x00007fffdf520000 - 0x00007fffdf65f000 	C:\WINDOWS\SYSTEM32\wintypes.dll
0x00007fffe2660000 - 0x00007fffe2759000 	C:\WINDOWS\System32\SHCORE.dll
0x00007fffe32a0000 - 0x00007fffe32fe000 	C:\WINDOWS\System32\shlwapi.dll
0x00007fffe1670000 - 0x00007fffe1697000 	C:\WINDOWS\SYSTEM32\profapi.dll
0x00007fff7ae20000 - 0x00007fff7aef7000 	C:\Users\Lenovo\.jdks\corretto-21.0.4\bin\jsvml.dll
0x00007fffbec60000 - 0x00007fffbec78000 	C:\Users\Lenovo\.jdks\corretto-21.0.4\bin\zip.dll
0x00007fffbed00000 - 0x00007fffbed10000 	C:\Users\Lenovo\.jdks\corretto-21.0.4\bin\net.dll
0x00007fffdcf20000 - 0x00007fffdd056000 	C:\WINDOWS\SYSTEM32\WINHTTP.dll
0x00007fffe0bb0000 - 0x00007fffe0c19000 	C:\WINDOWS\system32\mswsock.dll
0x00007fffbec80000 - 0x00007fffbec96000 	C:\Users\Lenovo\.jdks\corretto-21.0.4\bin\nio.dll
0x00007fffd5d40000 - 0x00007fffd5d5a000 	C:\Users\Lenovo\AppData\Local\Programs\IntelliJ IDEA Ultimate\bin\breakgen64.dll
0x00007fffbec40000 - 0x00007fffbec49000 	C:\Users\Lenovo\.jdks\corretto-21.0.4\bin\extnet.dll
0x00007fffbed80000 - 0x00007fffbed89000 	C:\Users\Lenovo\.jdks\corretto-21.0.4\bin\management.dll
0x00007fffbec00000 - 0x00007fffbec0b000 	C:\Users\Lenovo\.jdks\corretto-21.0.4\bin\management_ext.dll
0x00007fffe2280000 - 0x00007fffe2288000 	C:\WINDOWS\System32\PSAPI.DLL
0x00007fffab550000 - 0x00007fffab567000 	C:\WINDOWS\system32\napinsp.dll
0x00007fffa2b60000 - 0x00007fffa2b7b000 	C:\WINDOWS\system32\pnrpnsp.dll
0x00007fffe0230000 - 0x00007fffe0332000 	C:\WINDOWS\SYSTEM32\DNSAPI.dll
0x00007fffe01c0000 - 0x00007fffe01ed000 	C:\WINDOWS\SYSTEM32\IPHLPAPI.DLL
0x00007fffe2760000 - 0x00007fffe2769000 	C:\WINDOWS\System32\NSI.dll
0x00007fffa2b40000 - 0x00007fffa2b51000 	C:\WINDOWS\System32\winrnr.dll
0x00007fffd5e30000 - 0x00007fffd5e45000 	C:\WINDOWS\system32\wshbth.dll
0x00007fffa30d0000 - 0x00007fffa30f7000 	C:\WINDOWS\system32\nlansp_c.dll
0x00007fffd4880000 - 0x00007fffd488a000 	C:\Windows\System32\rasadhlp.dll
0x00007fffd6420000 - 0x00007fffd64a3000 	C:\WINDOWS\System32\fwpuclnt.dll
0x00007fffe0ff0000 - 0x00007fffe100b000 	C:\WINDOWS\SYSTEM32\CRYPTSP.dll
0x00007fffe06b0000 - 0x00007fffe06e5000 	C:\WINDOWS\system32\rsaenh.dll
0x00007fffe0c50000 - 0x00007fffe0c78000 	C:\WINDOWS\SYSTEM32\USERENV.dll
0x00007fffe0fd0000 - 0x00007fffe0fdc000 	C:\WINDOWS\SYSTEM32\CRYPTBASE.dll
0x000000006e700000 - 0x000000006e72d000 	C:\Users\Lenovo\AppData\Local\Temp\libgdxLenovo\2a9d7f76\gdx64.dll
0x00007fffa4010000 - 0x00007fffa408b000 	C:\Users\Lenovo\AppData\Local\Temp\lwjgl_Lenovo\3.3.3+5\x64\lwjgl.dll
0x00007fff668b0000 - 0x00007fff66b20000 	C:\Users\Lenovo\AppData\Local\Temp\lwjgl_Lenovo\3.3.3+5\x64\jemalloc.dll
0x00007fffa3560000 - 0x00007fffa35e2000 	C:\Users\Lenovo\AppData\Local\Temp\lwjgl_Lenovo\3.3.3+5\x64\glfw.dll
0x00007fffbbc90000 - 0x00007fffbbcd6000 	C:\WINDOWS\SYSTEM32\dinput8.dll
0x00007fffbdfa0000 - 0x00007fffbdfb1000 	C:\WINDOWS\SYSTEM32\xinput1_4.dll
0x00007fffe1430000 - 0x00007fffe147e000 	C:\WINDOWS\SYSTEM32\cfgmgr32.dll
0x00007fffe1400000 - 0x00007fffe142c000 	C:\WINDOWS\SYSTEM32\DEVOBJ.dll
0x00007fffde7e0000 - 0x00007fffde80b000 	C:\WINDOWS\SYSTEM32\dwmapi.dll
0x00007fffc78b0000 - 0x00007fffc7ac3000 	C:\WINDOWS\SYSTEM32\inputhost.dll
0x00007fffdbe70000 - 0x00007fffdbfa3000 	C:\WINDOWS\SYSTEM32\CoreMessaging.dll
0x00007fffde560000 - 0x00007fffde611000 	C:\WINDOWS\system32\uxtheme.dll
0x00007fffe2340000 - 0x00007fffe249f000 	C:\WINDOWS\System32\MSCTF.dll
0x00007fff666e0000 - 0x00007fff668a7000 	C:\Users\Lenovo\AppData\Local\Temp\lwjgl_Lenovo\3.3.3+5\x64\OpenAL.dll
0x00007fffe39b0000 - 0x00007fffe3b55000 	C:\WINDOWS\System32\ole32.dll
0x00007fffe2290000 - 0x00007fffe2340000 	C:\WINDOWS\System32\clbcatq.dll
0x00007fffce4e0000 - 0x00007fffce57e000 	C:\WINDOWS\System32\MMDevApi.dll
0x00007fffc1ee0000 - 0x00007fffc20cd000 	C:\WINDOWS\SYSTEM32\AUDIOSES.DLL
0x00007fffdece0000 - 0x00007fffdecf5000 	C:\WINDOWS\SYSTEM32\resourcepolicyclient.dll
0x00007fff995f0000 - 0x00007fff996f0000 	C:\WINDOWS\SYSTEM32\opengl32.dll
0x00007fffab1a0000 - 0x00007fffab1cd000 	C:\WINDOWS\SYSTEM32\GLU32.dll
0x00007fffde690000 - 0x00007fffde6c7000 	C:\WINDOWS\SYSTEM32\dxcore.dll
0x00007fffd5dc0000 - 0x00007fffd5e09000 	C:\WINDOWS\SYSTEM32\directxdatabasehelper.dll
0x00007fffd6290000 - 0x00007fffd63d4000 	C:\Windows\System32\AppXDeploymentClient.dll
0x00007fff222a0000 - 0x00007fff23278000 	C:\WINDOWS\System32\DriverStore\FileRepository\iigd_dch.inf_amd64_c529b210005a7e19\igxelpicd64.dll
0x00007fffde6d0000 - 0x00007fffde7c7000 	C:\WINDOWS\system32\dxgi.dll
0x00007fff49670000 - 0x00007fff497ae000 	C:\WINDOWS\System32\DriverStore\FileRepository\iigd_dch.inf_amd64_c529b210005a7e19\igdml64.dll
0x00007fffd0ff0000 - 0x00007fffd13e0000 	C:\WINDOWS\System32\DriverStore\FileRepository\iigd_dch.inf_amd64_c529b210005a7e19\igdgmm64.dll
0x00007fffc7ee0000 - 0x00007fffcc524000 	C:\WINDOWS\System32\DriverStore\FileRepository\iigd_dch.inf_amd64_c529b210005a7e19\igc64.dll
0x00007fffa57f0000 - 0x00007fffa584e000 	C:\Users\Lenovo\AppData\Local\Temp\lwjgl_Lenovo\3.3.3+5\x64\lwjgl_opengl.dll
0x00007fffc7450000 - 0x00007fffc7593000 	C:\WINDOWS\SYSTEM32\textinputframework.dll
0x00007fffd55c0000 - 0x00007fffd592d000 	C:\WINDOWS\SYSTEM32\CoreUIComponents.dll
0x00007fffbec10000 - 0x00007fffbec20000 	C:\Users\Lenovo\.jdks\corretto-21.0.4\bin\verify.dll
0x00007fffbead0000 - 0x00007fffbeade000 	C:\Users\Lenovo\.jdks\corretto-21.0.4\bin\sunmscapi.dll
0x00007fffe1b80000 - 0x00007fffe1ce6000 	C:\WINDOWS\System32\CRYPT32.dll
0x00007fffe10e0000 - 0x00007fffe110e000 	C:\WINDOWS\SYSTEM32\ncrypt.dll
0x00007fffe10a0000 - 0x00007fffe10d7000 	C:\WINDOWS\SYSTEM32\NTASN1.dll
0x00007fffbbd00000 - 0x00007fffbbd08000 	C:\WINDOWS\system32\wshunix.dll

dbghelp: loaded successfully - version: 4.0.5 - missing functions: none
symbol engine: initialized successfully - sym options: 0x614 - pdb path: .;C:\Users\Lenovo\.jdks\corretto-21.0.4\bin;C:\WINDOWS\SYSTEM32;C:\WINDOWS\WinSxS\amd64_microsoft.windows.common-controls_6595b64144ccf1df_6.0.22621.3672_none_2713b9d173822955;C:\Users\Lenovo\.jdks\corretto-21.0.4\bin\server;C:\Users\Lenovo\AppData\Local\Programs\IntelliJ IDEA Ultimate\bin;C:\Users\Lenovo\AppData\Local\Temp\libgdxLenovo\2a9d7f76;C:\Users\Lenovo\AppData\Local\Temp\lwjgl_Lenovo\3.3.3+5\x64;C:\WINDOWS\System32\DriverStore\FileRepository\iigd_dch.inf_amd64_c529b210005a7e19

VM Arguments:
jvm_args: -javaagent:C:\Users\Lenovo\AppData\Local\Programs\IntelliJ IDEA Ultimate\lib\idea_rt.jar=2754:C:\Users\Lenovo\AppData\Local\Programs\IntelliJ IDEA Ultimate\bin -Dfile.encoding=UTF-8 -Dsun.stdout.encoding=UTF-8 -Dsun.stderr.encoding=UTF-8 
java_command: jumper.game.DesktopLauncher
java_class_path (initial): C:\Users\Lenovo\Desktop\class\advancedJava\my-java\nju-java-programming\jwork-05-mywork\rougelikegame\client\target\classes;C:\Users\Lenovo\.m2\repository\com\badlogicgames\gdx\gdx\1.12.1\gdx-1.12.1.jar;C:\Users\Lenovo\.m2\repository\com\badlogicgames\gdx\gdx-jnigen-loader\2.3.1\gdx-jnigen-loader-2.3.1.jar;C:\Users\Lenovo\.m2\repository\com\badlogicgames\gdx\gdx-platform\1.12.1\gdx-platform-1.12.1-natives-desktop.jar;C:\Users\Lenovo\.m2\repository\com\badlogicgames\gdx\gdx-backend-lwjgl3\1.12.1\gdx-backend-lwjgl3-1.12.1.jar;C:\Users\Lenovo\.m2\repository\org\lwjgl\lwjgl\3.3.3\lwjgl-3.3.3.jar;C:\Users\Lenovo\.m2\repository\org\lwjgl\lwjgl\3.3.3\lwjgl-3.3.3-natives-linux.jar;C:\Users\Lenovo\.m2\repository\org\lwjgl\lwjgl\3.3.3\lwjgl-3.3.3-natives-linux-arm32.jar;C:\Users\Lenovo\.m2\repository\org\lwjgl\lwjgl\3.3.3\lwjgl-3.3.3-natives-linux-arm64.jar;C:\Users\Lenovo\.m2\repository\org\lwjgl\lwjgl\3.3.3\lwjgl-3.3.3-natives-macos.jar;C:\Users\Lenovo\.m2\repository\org\lwjgl\lwjgl\3.3.3\lwjgl-3.3.3-natives-macos-arm64.jar;C:\Users\Lenovo\.m2\repository\org\lwjgl\lwjgl\3.3.3\lwjgl-3.3.3-natives-windows.jar;C:\Users\Lenovo\.m2\repository\org\lwjgl\lwjgl\3.3.3\lwjgl-3.3.3-natives-windows-x86.jar;C:\Users\Lenovo\.m2\repository\org\lwjgl\lwjgl-glfw\3.3.3\lwjgl-glfw-3.3.3.jar;C:\Users\Lenovo\.m2\repository\org\lwjgl\lwjgl-glfw\3.3.3\lwjgl-glfw-3.3.3-natives-linux.jar;C:\Users\Lenovo\.m2\repository\org\lwjgl\lwjgl-glfw\3.3.3\lwjgl-glfw-3.3.3-natives-linux-arm32.jar;C:\Users\Lenovo\.m2\repository\org\lwjgl\lwjgl-glfw\3.3.3\lwjgl-glfw-3.3.3-natives-linux-arm64.jar;C:\Users\Lenovo\.m2\repository\org\lwjgl\lwjgl-glfw\3.3.3\lwjgl-glfw-3.3.3-natives-macos.jar;C:\Users\Lenovo\.m2\repository\org\lwjgl\lwjgl-glfw\3.3.3\lwjgl-glfw-3.3.3-natives-macos-arm64.jar;C:\Users\Lenovo\.m2\repository\org\lwjgl\lwjgl-glfw\3.3.3\lwjgl-glfw-3.3.3-natives-windows.jar;C:\Users\Lenovo\.m2\repository\org\lwjgl\lwjgl-glfw\3.3.3\lwjgl-glfw-3.3.3-natives-windows-x86.jar;C:\Users\Lenovo\.m2\repository\org\lwjgl\lwjgl-jemalloc\3.3.3\lwjgl-jemalloc-3.3.3.jar;C:\Users\Lenovo\.m2\repository\org\lwjgl\lwjgl-jemalloc\3.3.3\lwjgl-jemalloc-3.3.3-natives-linux.jar;C:\Users\Lenovo\.m2\repository\org\lwjgl\lwjgl-jemalloc\3.3.3\lwjgl-jemalloc-3.3.3-natives-linux-arm32.jar;C:\Users\Lenovo\.m2\repository\org\lwjgl\lwjgl-jemalloc\3.3.3\lwjgl-jemalloc-3.3.3-natives-linux-arm64.jar;C:\Users\Lenovo\.m2\repository\org\lwjgl\lwjgl-jemalloc\3.3.3\lwjgl-jemalloc-3.3.3-natives-macos.jar;C:\Users\Lenovo\.m2\repository\org\lwjgl\lwjgl-jemalloc\3.3.3\lwjgl-jemalloc-3.3.3-natives-macos-arm64.jar;C:\Users\Lenovo\.m2\repository\org\lwjgl\lwjgl-jemalloc\3.3.3\lwjgl-jemalloc-3.3.3-natives-windows.jar;C:\Users\Lenovo\.m2\repository\org\lwjgl\lwjgl-jemalloc\3.3.3\lwjgl-jemalloc-3.3.3-natives-windows-x86.jar;C:\Users\Lenovo\.m2\repository\org\lwjgl\lwjgl-openal\3.3.3\lwjgl-openal-3.3.3.jar;C:\Users\Lenovo\.m2\repository\org\lwjgl\lwjgl-openal\3.3.3\lwjgl-openal-3.3.3-natives-linux.jar;C:\Users\Lenovo\.m2\repository\org\lwjgl\lwjgl-openal\3.3.3\lwjgl-openal-3.3.3-natives-linux-arm32.jar;C:\Users\Lenovo\.m2\repository\org\lwjgl\lwjgl-openal\3.3.3\lwjgl-openal-3.3.3-natives-linux-arm64.jar;C:\Users\Lenovo\.m2\repository\org\lwjgl\lwjgl-openal\3.3.3\lwjgl-openal-3.3.3-natives-macos.jar;C:\Users\Lenovo\.m2\repository\org\lwjgl\lwjgl-openal\3.3.3\lwjgl-openal-3.3.3-natives-macos-arm64.jar;C:\Users\Lenovo\.m2\repository\org\lwjgl\lwjgl-openal\3.3.3\lwjgl-openal-3.3.3-natives-windows.jar;C:\Users\Lenovo\.m2\repository\org\lwjgl\lwjgl-openal\3.3.3\lwjgl-openal-3.3.3-natives-windows-x86.jar;C:\Users\Lenovo\.m2\repository\org\lwjgl\lwjgl-opengl\3.3.3\lwjgl-opengl-3.3.3.jar;C:\Users\Lenovo\.m2\repository\org\lwjgl\lwjgl-opengl\3.3.3\lwjgl-opengl-3.3.3-natives-linux.jar;C:\Users\Lenovo\.m2\repository\org\lwjgl\lwjgl-opengl\3.3.3\lwjgl-opengl-3.3.3-natives-linux-arm32.jar;C:\Users\Lenovo\.m2\repository\org\lwjgl\lwjgl-opengl\3.3.3\lwjgl-opengl-3.3.3-natives-linux-arm64.jar;C:\Users\Lenovo\.m2\repository\org\lwjgl\lwjgl-opengl\3.3.3\lwjgl-opengl-3.3.3-natives-macos.jar;C:\Users\Lenovo\.m2\repository\org\lwjgl\lwjgl-opengl\3.3.3\lwjgl-opengl-3.3.3-natives-macos-arm64.jar;C:\Users\Lenovo\.m2\repository\org\lwjgl\lwjgl-opengl\3.3.3\lwjgl-opengl-3.3.3-natives-windows.jar;C:\Users\Lenovo\.m2\repository\org\lwjgl\lwjgl-opengl\3.3.3\lwjgl-opengl-3.3.3-natives-windows-x86.jar;C:\Users\Lenovo\.m2\repository\org\lwjgl\lwjgl-stb\3.3.3\lwjgl-stb-3.3.3.jar;C:\Users\Lenovo\.m2\repository\org\lwjgl\lwjgl-stb\3.3.3\lwjgl-stb-3.3.3-natives-linux.jar;C:\Users\Lenovo\.m2\repository\org\lwjgl\lwjgl-stb\3.3.3\lwjgl-stb-3.3.3-natives-linux-arm32.jar;C:\Users\Lenovo\.m2\repository\org\lwjgl\lwjgl-stb\3.3.3\lwjgl-stb-3.3.3-natives-linux-arm64.jar;C:\Users\Lenovo\.m2\repository\org\lwjgl\lwjgl-stb\3.3.3\lwjgl-stb-3.3.3-natives-macos.jar;C:\Users\Lenovo\.m2\repository\org\lwjgl\lwjgl-stb\3.3.3\lwjgl-stb-3.3.3-natives-macos-arm64.jar;C:\Users\Lenovo\.m2\repository\org\lwjgl\lwjgl-stb\3.3.3\lwjgl-stb-3.3.3-natives-windows.jar;C:\Users\Lenovo\.m2\repository\org\lwjgl\lwjgl-stb\3.3.3\lwjgl-stb-3.3.3-natives-windows-x86.jar;C:\Users\Lenovo\.m2\repository\com\badlogicgames\jlayer\jlayer\1.0.1-gdx\jlayer-1.0.1-gdx.jar;C:\Users\Lenovo\.m2\repository\org\jcraft\jorbis\0.0.17\jorbis-0.0.17.jar;C:\Users\Lenovo\.m2\repository\com\badlogicgames\gdx\gdx-ai\1.8.2\gdx-ai-1.8.2.jar;C:\Users\Lenovo\.m2\repository\com\badlogicgames\gdx\gdx-freetype\1.12.1\gdx-freetype-1.12.1.jar;C:\Users\Lenovo\.m2\repository\com\github\crykn\kryonet\2.22.8\kryonet-2.22.8.jar;C:\Users\Lenovo\.m2\repository\com\github\EsotericSoftware\jsonbeans\c3520fcc51\jsonbeans-c3520fcc51.jar;C:\Users\Lenovo\.m2\repository\com\esotericsoftware\kryo\5.4.0\kryo-5.4.0.jar;C:\Users\Lenovo\.m2\repository\com\esotericsoftware\reflectasm\1.11.9\reflectasm-1.11.9.jar;C:\Users\Lenovo\.m2\repository\com\esotericsoftware\minlog\1.3.1\minlog-1.3.1.jar;C:\Users\Lenovo\.m2\repository\kryonet\kryonet\2.21\kryonet-2.21.jar;C:\Users\Lenovo\.m2\repository\com\esotericsoftware\reflectasm\reflectasm\1.07\reflectasm-1.07-shaded.jar;C:\Users\Lenovo\.m2\repository\com\esotericsoftware\minlog\minlog\1.2\minlog-1.2.jar;C:\Users\Lenovo\.m2\repository\org\objenesis\objenesis\2.1\objenesis-2.1.jar;C:\Users\Lenovo\Desktop\class\advancedJava\my-java\nju-java-programming\jwork-05-mywork\rougelikegame\common\target\classes;C:\Users\Lenovo\Desktop\class\advancedJava\my-java\nju-java-programming\jwork-05-mywork\rougelikegame\server\target\classes;C:\Users\Lenovo\.m2\repository\dev\dominion\ecs\dominion-ecs-engine\0.9.0\dominion-ecs-engine-0.9.0.jar;C:\Users\Lenovo\.m2\repository\dev\dominion\ecs\dominion-ecs-api\0.9.0\dominion-ecs-api-0.9.0.jar;C:\Users\Lenovo\.m2\repository\org\jetbrains\annotations\16.0.3\annotations-16.0.3.jar;C:\Users\Lenovo\.m2\repository\org\apache\logging\log4j\log4j-api\2.12.4\log4j-api-2.12.4.jar;C:\Users\Lenovo\.m2\repository\org\apache\logging\log4j\log4j-core\2.12.4\log4j-core-2.12.4.jar
Launcher Type: SUN_STANDARD

[Global flags]
     intx CICompilerCount                          = 4                                         {product} {ergonomic}
     uint ConcGCThreads                            = 2                                         {product} {ergonomic}
     uint G1ConcRefinementThreads                  = 8                                         {product} {ergonomic}
   size_t G1HeapRegionSize                         = 2097152                                   {product} {ergonomic}
    uintx GCDrainStackTargetSize                   = 64                                        {product} {ergonomic}
   size_t InitialHeapSize                          = 266338304                                 {product} {ergonomic}
   size_t MarkStackSize                            = 4194304                                   {product} {ergonomic}
   size_t MaxHeapSize                              = 4242538496                                {product} {ergonomic}
   size_t MaxNewSize                               = 2543845376                                {product} {ergonomic}
   size_t MinHeapDeltaBytes                        = 2097152                                   {product} {ergonomic}
   size_t MinHeapSize                              = 8388608                                   {product} {ergonomic}
    uintx NonNMethodCodeHeapSize                   = 5839372                                {pd product} {ergonomic}
    uintx NonProfiledCodeHeapSize                  = 122909434                              {pd product} {ergonomic}
    uintx ProfiledCodeHeapSize                     = 122909434                              {pd product} {ergonomic}
    uintx ReservedCodeCacheSize                    = 251658240                              {pd product} {ergonomic}
     bool SegmentedCodeCache                       = true                                      {product} {ergonomic}
   size_t SoftMaxHeapSize                          = 4242538496                             {manageable} {ergonomic}
     bool UseCompressedOops                        = true                           {product lp64_product} {ergonomic}
     bool UseG1GC                                  = true                                      {product} {ergonomic}
     bool UseLargePagesIndividualAllocation        = false                                  {pd product} {ergonomic}

Logging:
Log output configuration:
 #0: stdout all=off uptime,level,tags foldmultilines=false
 #1: stderr all=off uptime,level,tags foldmultilines=false

Environment Variables:
PATH=C:\Program Files\Addinsoft\XLSTAT\;C:\Windows\system32;C:\Windows;C:\Windows\System32\Wbem;C:\Windows\System32\WindowsPowerShell\v1.0\;C:\Windows\System32\OpenSSH\;C:\Program Files\NVIDIA Corporation\NVIDIA NvDLISR;C:\Program Files (x86)\NVIDIA Corporation\PhysX\Common;C:\WINDOWS\system32;C:\WINDOWS;C:\WINDOWS\System32\Wbem;C:\WINDOWS\System32\WindowsPowerShell\v1.0\;C:\WINDOWS\System32\OpenSSH\;C:\Program Files\dotnet\;C:\Program Files\Git\cmd;C:\Users\Lenovo\.jdks\openjdk-21.0.2\bin;C:\Users\Lenovo\AppData\Local\Programs\Python\Python312;C:\Users\Lenovo\AppData\Local\Programs\Python\Launcher\;C:\Users\Lenovo\AppData\Local\Microsoft\WindowsApps;C:\Users\Lenovo\AppData\Local\JetBrains\Toolbox\scripts;C:\Users\Lenovo\AppData\Local\Programs\Microsoft VS Code\bin
USERNAME=Lenovo
OS=Windows_NT
PROCESSOR_IDENTIFIER=Intel64 Family 6 Model 140 Stepping 1, GenuineIntel
TMP=C:\Users\Lenovo\AppData\Local\Temp
TEMP=C:\Users\Lenovo\AppData\Local\Temp




Periodic native trim disabled

---------------  S Y S T E M  ---------------

OS:
 Windows 11 , 64 bit Build 22621 (10.0.22621.3958)
OS uptime: 5 days 14:37 hours
Hyper-V role detected

CPU: total 8 (initial active 8) (4 cores per cpu, 2 threads per core) family 6 model 140 stepping 1 microcode 0x66, cx8, cmov, fxsr, ht, mmx, 3dnowpref, sse, sse2, sse3, ssse3, sse4.1, sse4.2, popcnt, lzcnt, tsc, tscinvbit, avx, avx2, aes, erms, clmul, bmi1, bmi2, adx, avx512f, avx512dq, avx512cd, avx512bw, avx512vl, sha, fma, vzeroupper, avx512_vpopcntdq, avx512_vpclmulqdq, avx512_vaes, avx512_vnni, clflush, clflushopt, clwb, avx512_vbmi2, avx512_vbmi, hv, rdtscp, rdpid, fsrm, gfni, avx512_bitalg, f16c, cet_ibt, cet_ss, avx512_ifma
Processor Information for all 8 processors :
  Max Mhz: 2419, Current Mhz: 2419, Mhz Limit: 2419

Memory: 4k page, system-wide physical 16183M (3245M free)
TotalPageFile size 28471M (AvailPageFile size 6545M)
current process WorkingSet (physical memory assigned to process): 381M, peak: 392M
current process commit charge ("private bytes"): 565M, peak: 592M

vm_info: OpenJDK 64-Bit Server VM (21.0.4+7-LTS) for windows-amd64 JRE (21.0.4+7-LTS), built on 2024-07-10T17:34:29Z by "Administrator" with MS VC++ 16.10 / 16.11 (VS2019)

END.
